<?xml version="1.0" encoding="UTF-8"?>
<testsuites name="SmokeSuite" time="397" tests="10" failures="1" errors="0">
   <testsuite name="SmokeSuite" tests="10" failures="1" errors="0" time="397" timestamp="2019-05-10 11:30:07" hostname="Kumar.nagendra - HMECL001948.happiestminds.com" id="Test Suites/SmokeSuite">
      <properties>
         <property name="deviceName" value=""/>
         <property name="devicePlatform" value=""/>
         <property name="logFolder" value="C:\\New-Bugzilla-Application\\Automation\\New_Bugzilla-UI-V2\\Reports\\SmokeSuite\\20190510_113000"/>
         <property name="logFiles" value="C:\\New-Bugzilla-Application\\Automation\\New_Bugzilla-UI-V2\\Reports\\SmokeSuite\\20190510_113000\\execution0.log"/>
         <property name="attachments" value="C:\\New-Bugzilla-Application\\Automation\\New_Bugzilla-UI-V2\\Reports\\SmokeSuite\\20190510_113000\\1557468339647.png, C:\\New-Bugzilla-Application\\Automation\\New_Bugzilla-UI-V2\\Reports\\SmokeSuite\\20190510_113000\\1557468340141.png"/>
         <property name="hostName" value="Kumar.nagendra - HMECL001948.happiestminds.com"/>
         <property name="os" value="Windows 10 64bit"/>
         <property name="katalonVersion" value="6.1.3.3"/>
         <property name="browser" value="Chrome 74.0.3729.131"/>
         <property name="hostAddress" value="10.95.75.221"/>
         <property name="sessionId" value="ac8f2c2083cba29d525b1806acd3b1d3"/>
         <property name="seleniumVersion" value="3.7.1"/>
         <property name="proxyInformation" value="ProxyInformation{proxyOption=NO_PROXY, proxyServerType=HTTP, password=, proxyServerAddress=, proxyServerPort=0}"/>
         <property name="platform" value="Windows 10"/>
      </properties>
      <testcase name="Test Cases/Login/Bugzilla-LoginPage-Loads" classname="Test Cases/Login/Bugzilla-LoginPage-Loads" status="PASSED">
         <system-out><![CDATA[2019-05-10 11:30:08 - [TEST_CASE][PASSED] - Test Cases/Login/Bugzilla-LoginPage-Loads: Test Cases/Login/Bugzilla-LoginPage-Loads

2019-05-10 11:30:08 - [TEST_STEP][PASSED] - openBrowser(""): Browser is opened with url: ''

2019-05-10 11:30:09 - [MESSAGE][INFO] - Starting 'Chrome' driver

2019-05-10 11:30:09 - [MESSAGE][INFO] - Action delay is set to 0 seconds

2019-05-10 11:30:12 - [MESSAGE][PASSED] - Browser is opened with url: ''

2019-05-10 11:30:12 - [TEST_STEP][PASSED] - navigateToUrl(applicationUrl): Navigate to 'https://le-bugsui.staging.corp.arista.io/dashboard' successfully

2019-05-10 11:30:23 - [MESSAGE][PASSED] - Navigate to 'https://le-bugsui.staging.corp.arista.io/dashboard' successfully

2019-05-10 11:30:23 - [TEST_STEP][PASSED] - delay(4): Delayed 4 second(s)

2019-05-10 11:30:27 - [MESSAGE][PASSED] - Delayed 4 second(s)

2019-05-10 11:30:27 - [TEST_STEP][PASSED] - maximizeWindow(): Current window maximized

2019-05-10 11:30:27 - [MESSAGE][PASSED] - Current window maximized

2019-05-10 11:30:27 - [TEST_STEP][PASSED] - delay(2): Delayed 2 second(s)

2019-05-10 11:30:29 - [MESSAGE][PASSED] - Delayed 2 second(s)

2019-05-10 11:30:29 - [TEST_STEP][PASSED] - verifyElementPresent(findTestObject("Page_BugsUI/input_username"), 0): Object 'Object Repository/Page_BugsUI/input_username' is present

2019-05-10 11:30:29 - [MESSAGE][WARNING] - Timeout '0' is invalid. Using default page load timeout: '30'

2019-05-10 11:30:29 - [MESSAGE][PASSED] - Object 'Object Repository/Page_BugsUI/input_username' is present

2019-05-10 11:30:29 - [TEST_STEP][PASSED] - verifyElementPresent(findTestObject("Page_BugsUI/input_password"), 0): Object 'Object Repository/Page_BugsUI/input_password' is present

2019-05-10 11:30:30 - [MESSAGE][WARNING] - Timeout '0' is invalid. Using default page load timeout: '30'

2019-05-10 11:30:30 - [MESSAGE][PASSED] - Object 'Object Repository/Page_BugsUI/input_password' is present

2019-05-10 11:30:30 - [TEST_STEP][PASSED] - verifyElementPresent(findTestObject("Page_BugsUI/checkbox_RememberMe"), 0): Object 'Object Repository/Page_BugsUI/checkbox_RememberMe' is present

2019-05-10 11:30:30 - [MESSAGE][WARNING] - Timeout '0' is invalid. Using default page load timeout: '30'

2019-05-10 11:30:30 - [MESSAGE][PASSED] - Object 'Object Repository/Page_BugsUI/checkbox_RememberMe' is present

2019-05-10 11:30:30 - [TEST_STEP][PASSED] - if (getText(findTestObject("Page_BugsUI/label_rememberMe")).equals("Remember me")): null

2019-05-10 11:30:30 - [MESSAGE][PASSED] - Text of object 'Object Repository/Page_BugsUI/label_rememberMe' is: 'Remember me'

2019-05-10 11:30:30 - [TEST_STEP][PASSED] - assert true: null

2019-05-10 11:30:30 - [TEST_STEP][PASSED] - if (verifyElementNotClickable(findTestObject("Page_BugsUI/button_Login"))): null

2019-05-10 11:30:30 - [MESSAGE][PASSED] - Object 'Object Repository/Page_BugsUI/button_Login' is NOT clickable

2019-05-10 11:30:30 - [TEST_STEP][PASSED] - assert true: null

2019-05-10 11:30:30 - [TEST_STEP][PASSED] - closeBrowser(): Browser is closed

2019-05-10 11:30:31 - [MESSAGE][PASSED] - Browser is closed]]></system-out>
         <system-err><![CDATA[]]></system-err>
      </testcase>
      <testcase name="Test Cases/Login/Valid_Login" classname="Test Cases/Login/Valid_Login" status="PASSED">
         <system-out><![CDATA[2019-05-10 11:30:31 - [TEST_CASE][PASSED] - Test Cases/Login/Valid_Login: Test Cases/Login/Valid_Login

2019-05-10 11:30:31 - [TEST_STEP][PASSED] - openBrowser(""): Browser is opened with url: ''

2019-05-10 11:30:31 - [MESSAGE][INFO] - Starting 'Chrome' driver

2019-05-10 11:30:33 - [MESSAGE][PASSED] - Browser is opened with url: ''

2019-05-10 11:30:33 - [TEST_STEP][PASSED] - navigateToUrl(applicationUrl): Navigate to 'https://le-bugsui.staging.corp.arista.io/dashboard' successfully

2019-05-10 11:30:43 - [MESSAGE][PASSED] - Navigate to 'https://le-bugsui.staging.corp.arista.io/dashboard' successfully

2019-05-10 11:30:43 - [TEST_STEP][PASSED] - delay(5): Delayed 5 second(s)

2019-05-10 11:30:48 - [MESSAGE][PASSED] - Delayed 5 second(s)

2019-05-10 11:30:48 - [TEST_STEP][PASSED] - maximizeWindow(): Current window maximized

2019-05-10 11:30:48 - [MESSAGE][PASSED] - Current window maximized

2019-05-10 11:30:48 - [TEST_STEP][PASSED] - delay(2): Delayed 2 second(s)

2019-05-10 11:30:50 - [MESSAGE][PASSED] - Delayed 2 second(s)

2019-05-10 11:30:50 - [TEST_STEP][PASSED] - setText(findTestObject("Page_BugsUI/input_username"), "knagendra-ext"): Text 'knagendra-ext' is set on object 'Object Repository/Page_BugsUI/input_username'

2019-05-10 11:30:50 - [MESSAGE][PASSED] - Text 'knagendra-ext' is set on object 'Object Repository/Page_BugsUI/input_username'

2019-05-10 11:30:50 - [TEST_STEP][PASSED] - setText(findTestObject("Page_BugsUI/input_password"), "Kum1!@#$%^&*()ar"): Text 'Kum1!@#$%^&*()ar' is set on object 'Object Repository/Page_BugsUI/input_password'

2019-05-10 11:30:50 - [MESSAGE][PASSED] - Text 'Kum1!@#$%^&*()ar' is set on object 'Object Repository/Page_BugsUI/input_password'

2019-05-10 11:30:50 - [TEST_STEP][PASSED] - if (verifyElementClickable(findTestObject("Page_BugsUI/button_Login"))): Object: 'Object Repository/Page_BugsUI/button_Login' is clicked on

2019-05-10 11:30:50 - [MESSAGE][PASSED] - Object 'Object Repository/Page_BugsUI/button_Login' is clickable

2019-05-10 11:30:50 - [TEST_STEP][PASSED] - click(findTestObject("Page_BugsUI/button_Login")): Object: 'Object Repository/Page_BugsUI/button_Login' is clicked on

2019-05-10 11:30:50 - [MESSAGE][PASSED] - Object: 'Object Repository/Page_BugsUI/button_Login' is clicked on

2019-05-10 11:30:50 - [TEST_STEP][PASSED] - delay(3): Delayed 3 second(s)

2019-05-10 11:30:53 - [MESSAGE][PASSED] - Delayed 3 second(s)

2019-05-10 11:30:53 - [TEST_STEP][PASSED] - if (verifyElementPresent(findTestObject("Page_BugsUI Dashboard/span_Dashboard"), 0)): null

2019-05-10 11:30:53 - [MESSAGE][WARNING] - Timeout '0' is invalid. Using default page load timeout: '30'

2019-05-10 11:30:53 - [MESSAGE][PASSED] - Object 'Object Repository/Page_BugsUI Dashboard/span_Dashboard' is present

2019-05-10 11:30:53 - [TEST_STEP][PASSED] - assert true: null

2019-05-10 11:30:53 - [TEST_STEP][PASSED] - closeBrowser(): Browser is closed

2019-05-10 11:30:54 - [MESSAGE][PASSED] - Browser is closed]]></system-out>
         <system-err><![CDATA[]]></system-err>
      </testcase>
      <testcase name="Test Cases/Add_Product/AddProductFields_verification" classname="Test Cases/Add_Product/AddProductFields_verification" status="PASSED">
         <system-out><![CDATA[2019-05-10 11:30:54 - [TEST_CASE][PASSED] - Test Cases/Add_Product/AddProductFields_verification: Test Cases/Add_Product/AddProductFields_verification

2019-05-10 11:30:55 - [TEST_STEP][PASSED] - openBrowser(""): Browser is opened with url: ''

2019-05-10 11:30:55 - [MESSAGE][INFO] - Starting 'Chrome' driver

2019-05-10 11:30:56 - [MESSAGE][PASSED] - Browser is opened with url: ''

2019-05-10 11:30:56 - [TEST_STEP][PASSED] - navigateToUrl(applicationUrl): Navigate to 'https://le-bugsui.staging.corp.arista.io/dashboard' successfully

2019-05-10 11:31:27 - [MESSAGE][PASSED] - Navigate to 'https://le-bugsui.staging.corp.arista.io/dashboard' successfully

2019-05-10 11:31:27 - [TEST_STEP][PASSED] - delay(3): Delayed 3 second(s)

2019-05-10 11:31:30 - [MESSAGE][PASSED] - Delayed 3 second(s)

2019-05-10 11:31:30 - [TEST_STEP][PASSED] - maximizeWindow(): Current window maximized

2019-05-10 11:31:30 - [MESSAGE][PASSED] - Current window maximized

2019-05-10 11:31:30 - [TEST_STEP][PASSED] - delay(2): Delayed 2 second(s)

2019-05-10 11:31:32 - [MESSAGE][PASSED] - Delayed 2 second(s)

2019-05-10 11:31:32 - [TEST_STEP][PASSED] - setText(findTestObject("Page_BugsUI/input_username"), "knagendra-ext"): Text 'knagendra-ext' is set on object 'Object Repository/Page_BugsUI/input_username'

2019-05-10 11:31:32 - [MESSAGE][PASSED] - Text 'knagendra-ext' is set on object 'Object Repository/Page_BugsUI/input_username'

2019-05-10 11:31:32 - [TEST_STEP][PASSED] - setText(findTestObject("Page_BugsUI/input_password"), "Kum1!@#$%^&*()ar"): Text 'Kum1!@#$%^&*()ar' is set on object 'Object Repository/Page_BugsUI/input_password'

2019-05-10 11:31:32 - [MESSAGE][PASSED] - Text 'Kum1!@#$%^&*()ar' is set on object 'Object Repository/Page_BugsUI/input_password'

2019-05-10 11:31:32 - [TEST_STEP][PASSED] - if (verifyElementClickable(findTestObject("Page_BugsUI/button_Login"))): Object: 'Object Repository/Page_BugsUI/button_Login' is clicked on

2019-05-10 11:31:32 - [MESSAGE][PASSED] - Object 'Object Repository/Page_BugsUI/button_Login' is clickable

2019-05-10 11:31:32 - [TEST_STEP][PASSED] - click(findTestObject("Page_BugsUI/button_Login")): Object: 'Object Repository/Page_BugsUI/button_Login' is clicked on

2019-05-10 11:31:33 - [MESSAGE][PASSED] - Object: 'Object Repository/Page_BugsUI/button_Login' is clicked on

2019-05-10 11:31:33 - [TEST_STEP][PASSED] - delay(6): Delayed 6 second(s)

2019-05-10 11:31:39 - [MESSAGE][PASSED] - Delayed 6 second(s)

2019-05-10 11:31:39 - [TEST_STEP][PASSED] - if (verifyElementPresent(findTestObject("Page_BugsUI Dashboard/span_Dashboard"), 0)): null

2019-05-10 11:31:39 - [MESSAGE][WARNING] - Timeout '0' is invalid. Using default page load timeout: '30'

2019-05-10 11:31:39 - [MESSAGE][PASSED] - Object 'Object Repository/Page_BugsUI Dashboard/span_Dashboard' is present

2019-05-10 11:31:39 - [TEST_STEP][PASSED] - if (verifyElementPresent(findTestObject("Page_BugsUI Dashboard/button_Product"), 10)): null

2019-05-10 11:31:39 - [MESSAGE][PASSED] - Object 'Object Repository/Page_BugsUI Dashboard/button_Product' is present

2019-05-10 11:31:39 - [TEST_STEP][PASSED] - click(findTestObject("Page_BugsUI Dashboard/button_Product")): Object: 'Object Repository/Page_BugsUI Dashboard/button_Product' is clicked on

2019-05-10 11:31:39 - [MESSAGE][PASSED] - Object: 'Object Repository/Page_BugsUI Dashboard/button_Product' is clicked on

2019-05-10 11:31:39 - [TEST_STEP][PASSED] - delay(2): Delayed 2 second(s)

2019-05-10 11:31:41 - [MESSAGE][PASSED] - Delayed 2 second(s)

2019-05-10 11:31:41 - [TEST_STEP][PASSED] - if (verifyElementPresent(findTestObject("Page_BugsUI Dashboard/a_Add"), 5)): Object: 'Object Repository/Page_BugsUI Dashboard/a_Add' is clicked on

2019-05-10 11:31:41 - [MESSAGE][PASSED] - Object 'Object Repository/Page_BugsUI Dashboard/a_Add' is present

2019-05-10 11:31:41 - [TEST_STEP][PASSED] - click(findTestObject("Page_BugsUI Dashboard/a_Add")): Object: 'Object Repository/Page_BugsUI Dashboard/a_Add' is clicked on

2019-05-10 11:31:41 - [MESSAGE][PASSED] - Object: 'Object Repository/Page_BugsUI Dashboard/a_Add' is clicked on

2019-05-10 11:31:41 - [TEST_STEP][PASSED] - delay(3): Delayed 3 second(s)

2019-05-10 11:31:44 - [MESSAGE][PASSED] - Delayed 3 second(s)

2019-05-10 11:31:44 - [TEST_STEP][PASSED] - if (verifyElementPresent(findTestObject("Page_BugsUI Add Product/span_Add Product"), 0)): null

2019-05-10 11:31:44 - [MESSAGE][WARNING] - Timeout '0' is invalid. Using default page load timeout: '30'

2019-05-10 11:31:44 - [MESSAGE][PASSED] - Object 'Object Repository/Page_BugsUI Add Product/span_Add Product' is present

2019-05-10 11:31:44 - [TEST_STEP][PASSED] - assert true: null

2019-05-10 11:31:44 - [TEST_STEP][PASSED] - verifyElementPresent(findTestObject("Page_BugsUI Add Product/div_Choose Classification"), 1): Object 'Object Repository/Page_BugsUI Add Product/div_Choose Classification' is present

2019-05-10 11:31:44 - [MESSAGE][PASSED] - Object 'Object Repository/Page_BugsUI Add Product/div_Choose Classification' is present

2019-05-10 11:31:44 - [TEST_STEP][PASSED] - verifyElementPresent(findTestObject("Page_BugsUI Add Product/input_name"), 1): Object 'Object Repository/Page_BugsUI Add Product/input_name' is present

2019-05-10 11:31:44 - [MESSAGE][PASSED] - Object 'Object Repository/Page_BugsUI Add Product/input_name' is present

2019-05-10 11:31:44 - [TEST_STEP][PASSED] - verifyElementPresent(findTestObject("Page_BugsUI Add Product/textarea_description"), 1): Object 'Object Repository/Page_BugsUI Add Product/textarea_description' is present

2019-05-10 11:31:44 - [MESSAGE][PASSED] - Object 'Object Repository/Page_BugsUI Add Product/textarea_description' is present

2019-05-10 11:31:44 - [TEST_STEP][PASSED] - verifyElementPresent(findTestObject("Page_BugsUI Add Product/checkbox_closedForBugEntry"), 1): Object 'Object Repository/Page_BugsUI Add Product/checkbox_closedForBugEntry' is present

2019-05-10 11:31:44 - [MESSAGE][PASSED] - Object 'Object Repository/Page_BugsUI Add Product/checkbox_closedForBugEntry' is present

2019-05-10 11:31:44 - [TEST_STEP][PASSED] - verifyElementPresent(findTestObject("Page_BugsUI Add Product/input_version"), 1): Object 'Object Repository/Page_BugsUI Add Product/input_version' is present

2019-05-10 11:31:44 - [MESSAGE][PASSED] - Object 'Object Repository/Page_BugsUI Add Product/input_version' is present

2019-05-10 11:31:44 - [TEST_STEP][PASSED] - verifyElementPresent(findTestObject("Page_BugsUI Add Product/input_component"), 1): Object 'Object Repository/Page_BugsUI Add Product/input_component' is present

2019-05-10 11:31:44 - [MESSAGE][PASSED] - Object 'Object Repository/Page_BugsUI Add Product/input_component' is present

2019-05-10 11:31:44 - [TEST_STEP][PASSED] - verifyElementPresent(findTestObject("Page_BugsUI Add Product/div_Choose Assignee"), 1): Object 'Object Repository/Page_BugsUI Add Product/div_Choose Assignee' is present

2019-05-10 11:31:44 - [MESSAGE][PASSED] - Object 'Object Repository/Page_BugsUI Add Product/div_Choose Assignee' is present

2019-05-10 11:31:44 - [TEST_STEP][PASSED] - scrollToElement(findTestObject("Page_BugsUI Add Product/AddProduct_button"), 0): Scroll to object 'Object Repository/Page_BugsUI Add Product/AddProduct_button' successfully

2019-05-10 11:31:44 - [MESSAGE][WARNING] - Timeout '0' is invalid. Using default page load timeout: '30'

2019-05-10 11:31:44 - [MESSAGE][PASSED] - Scroll to object 'Object Repository/Page_BugsUI Add Product/AddProduct_button' successfully

2019-05-10 11:31:44 - [TEST_STEP][PASSED] - delay(1): Delayed 1 second(s)

2019-05-10 11:31:45 - [MESSAGE][PASSED] - Delayed 1 second(s)

2019-05-10 11:31:45 - [TEST_STEP][PASSED] - if (verifyElementNotClickable(findTestObject("Page_BugsUI Add Product/AddProduct_button"))): null

2019-05-10 11:31:45 - [MESSAGE][PASSED] - Object 'Object Repository/Page_BugsUI Add Product/AddProduct_button' is NOT clickable

2019-05-10 11:31:45 - [TEST_STEP][PASSED] - assert true: null

2019-05-10 11:31:45 - [TEST_STEP][PASSED] - scrollToElement(findTestObject("Page_BugsUI Add Product/div_Choose Classification"), 0): Scroll to object 'Object Repository/Page_BugsUI Add Product/div_Choose Classification' successfully

2019-05-10 11:31:45 - [MESSAGE][WARNING] - Timeout '0' is invalid. Using default page load timeout: '30'

2019-05-10 11:31:45 - [MESSAGE][PASSED] - Scroll to object 'Object Repository/Page_BugsUI Add Product/div_Choose Classification' successfully

2019-05-10 11:31:45 - [TEST_STEP][PASSED] - delay(1): Delayed 1 second(s)

2019-05-10 11:31:46 - [MESSAGE][PASSED] - Delayed 1 second(s)

2019-05-10 11:31:46 - [TEST_STEP][PASSED] - click(findTestObject("Page_BugsUI Add Product/div_Choose Classification")): Object: 'Object Repository/Page_BugsUI Add Product/div_Choose Classification' is clicked on

2019-05-10 11:31:46 - [MESSAGE][PASSED] - Object: 'Object Repository/Page_BugsUI Add Product/div_Choose Classification' is clicked on

2019-05-10 11:31:46 - [TEST_STEP][PASSED] - delay(2): Delayed 2 second(s)

2019-05-10 11:31:48 - [MESSAGE][PASSED] - Delayed 2 second(s)

2019-05-10 11:31:48 - [TEST_STEP][PASSED] - click(findTestObject("Page_BugsUI Add Product/span_Software")): Object: 'Object Repository/Page_BugsUI Add Product/span_Software' is clicked on

2019-05-10 11:31:49 - [MESSAGE][PASSED] - Object: 'Object Repository/Page_BugsUI Add Product/span_Software' is clicked on

2019-05-10 11:31:49 - [TEST_STEP][PASSED] - setText(findTestObject("Page_BugsUI Add Product/input_name"), "1-Automation-testing"): Text '1-Automation-testing' is set on object 'Object Repository/Page_BugsUI Add Product/input_name'

2019-05-10 11:31:49 - [MESSAGE][PASSED] - Text '1-Automation-testing' is set on object 'Object Repository/Page_BugsUI Add Product/input_name'

2019-05-10 11:31:49 - [TEST_STEP][PASSED] - setText(findTestObject("Page_BugsUI Add Product/textarea_description"), "1-Automation-testing Description"): Text '1-Automation-testing Description' is set on object 'Object Repository/Page_BugsUI Add Product/textarea_description'

2019-05-10 11:31:49 - [MESSAGE][PASSED] - Text '1-Automation-testing Description' is set on object 'Object Repository/Page_BugsUI Add Product/textarea_description'

2019-05-10 11:31:49 - [TEST_STEP][PASSED] - setText(findTestObject("Page_BugsUI Add Product/input_version"), "1"): Text '1' is set on object 'Object Repository/Page_BugsUI Add Product/input_version'

2019-05-10 11:31:49 - [MESSAGE][PASSED] - Text '1' is set on object 'Object Repository/Page_BugsUI Add Product/input_version'

2019-05-10 11:31:49 - [TEST_STEP][PASSED] - scrollToElement(findTestObject("Page_BugsUI Add Product/AddProduct_button"), 0): Scroll to object 'Object Repository/Page_BugsUI Add Product/AddProduct_button' successfully

2019-05-10 11:31:49 - [MESSAGE][WARNING] - Timeout '0' is invalid. Using default page load timeout: '30'

2019-05-10 11:31:50 - [MESSAGE][PASSED] - Scroll to object 'Object Repository/Page_BugsUI Add Product/AddProduct_button' successfully

2019-05-10 11:31:50 - [TEST_STEP][PASSED] - delay(1): Delayed 1 second(s)

2019-05-10 11:31:51 - [MESSAGE][PASSED] - Delayed 1 second(s)

2019-05-10 11:31:51 - [TEST_STEP][PASSED] - if (verifyElementNotClickable(findTestObject("Page_BugsUI Add Product/AddProduct_button"))): null

2019-05-10 11:31:51 - [MESSAGE][PASSED] - Object 'Object Repository/Page_BugsUI Add Product/AddProduct_button' is NOT clickable

2019-05-10 11:31:51 - [TEST_STEP][PASSED] - assert true: null

2019-05-10 11:31:51 - [TEST_STEP][PASSED] - setText(findTestObject("Page_BugsUI Add Product/defaultAssigne_inputbox"), "kumar nagendra"): Text 'kumar nagendra' is set on object 'Object Repository/Page_BugsUI Add Product/defaultAssigne_inputbox'

2019-05-10 11:31:51 - [MESSAGE][PASSED] - Text 'kumar nagendra' is set on object 'Object Repository/Page_BugsUI Add Product/defaultAssigne_inputbox'

2019-05-10 11:31:51 - [TEST_STEP][PASSED] - click(findTestObject("Page_BugsUI Add Product/span_kumar.nagendra")): Object: 'Object Repository/Page_BugsUI Add Product/span_kumar.nagendra' is clicked on

2019-05-10 11:31:51 - [MESSAGE][PASSED] - Object: 'Object Repository/Page_BugsUI Add Product/span_kumar.nagendra' is clicked on

2019-05-10 11:31:51 - [TEST_STEP][PASSED] - delay(2): Delayed 2 second(s)

2019-05-10 11:31:53 - [MESSAGE][PASSED] - Delayed 2 second(s)

2019-05-10 11:31:53 - [TEST_STEP][PASSED] - if (verifyElementClickable(findTestObject("Page_BugsUI Add Product/AddProduct_button"))): null

2019-05-10 11:31:54 - [MESSAGE][PASSED] - Object 'Object Repository/Page_BugsUI Add Product/AddProduct_button' is clickable

2019-05-10 11:31:54 - [TEST_STEP][PASSED] - assert true: null

2019-05-10 11:31:54 - [TEST_STEP][PASSED] - setText(findTestObject("Page_BugsUI Add Product/input_component"), "Auto-1"): Text 'Auto-1' is set on object 'Object Repository/Page_BugsUI Add Product/input_component'

2019-05-10 11:31:54 - [MESSAGE][PASSED] - Text 'Auto-1' is set on object 'Object Repository/Page_BugsUI Add Product/input_component'

2019-05-10 11:31:54 - [TEST_STEP][PASSED] - verifyElementPresent(findTestObject("Page_BugsUI Add Product/componentDescription"), 1): Object 'Object Repository/Page_BugsUI Add Product/componentDescription' is present

2019-05-10 11:31:54 - [MESSAGE][PASSED] - Object 'Object Repository/Page_BugsUI Add Product/componentDescription' is present

2019-05-10 11:31:54 - [TEST_STEP][PASSED] - if (verifyElementNotClickable(findTestObject("Page_BugsUI Add Product/AddProduct_button"))): null

2019-05-10 11:31:54 - [MESSAGE][PASSED] - Object 'Object Repository/Page_BugsUI Add Product/AddProduct_button' is NOT clickable

2019-05-10 11:31:54 - [TEST_STEP][PASSED] - assert true: null

2019-05-10 11:31:54 - [TEST_STEP][PASSED] - setText(findTestObject("Page_BugsUI Add Product/componentDescription"), "Auto-1 description"): Text 'Auto-1 description' is set on object 'Object Repository/Page_BugsUI Add Product/componentDescription'

2019-05-10 11:31:54 - [MESSAGE][PASSED] - Text 'Auto-1 description' is set on object 'Object Repository/Page_BugsUI Add Product/componentDescription'

2019-05-10 11:31:54 - [TEST_STEP][PASSED] - scrollToElement(findTestObject("Page_BugsUI Add Product/AddProduct_button"), 1): Scroll to object 'Object Repository/Page_BugsUI Add Product/AddProduct_button' successfully

2019-05-10 11:31:54 - [MESSAGE][PASSED] - Scroll to object 'Object Repository/Page_BugsUI Add Product/AddProduct_button' successfully

2019-05-10 11:31:54 - [TEST_STEP][PASSED] - delay(2): Delayed 2 second(s)

2019-05-10 11:31:56 - [MESSAGE][PASSED] - Delayed 2 second(s)

2019-05-10 11:31:56 - [TEST_STEP][PASSED] - if (verifyElementClickable(findTestObject("Page_BugsUI Add Product/AddProduct_button"))): null

2019-05-10 11:31:56 - [MESSAGE][PASSED] - Object 'Object Repository/Page_BugsUI Add Product/AddProduct_button' is clickable

2019-05-10 11:31:56 - [TEST_STEP][PASSED] - assert true: null

2019-05-10 11:31:56 - [TEST_STEP][PASSED] - clearText(findTestObject("Page_BugsUI Add Product/input_name")): Text of object 'Object Repository/Page_BugsUI Add Product/input_name' is cleared

2019-05-10 11:31:56 - [MESSAGE][PASSED] - Text of object 'Object Repository/Page_BugsUI Add Product/input_name' is cleared

2019-05-10 11:31:56 - [TEST_STEP][PASSED] - setText(findTestObject("Page_BugsUI Add Product/input_name"), "BugsUITest"): Text 'BugsUITest' is set on object 'Object Repository/Page_BugsUI Add Product/input_name'

2019-05-10 11:31:56 - [MESSAGE][PASSED] - Text 'BugsUITest' is set on object 'Object Repository/Page_BugsUI Add Product/input_name'

2019-05-10 11:31:56 - [TEST_STEP][PASSED] - click(findTestObject("Page_BugsUI Add Product/AddProduct_button")): Object: 'Object Repository/Page_BugsUI Add Product/AddProduct_button' is clicked on

2019-05-10 11:31:56 - [MESSAGE][PASSED] - Object: 'Object Repository/Page_BugsUI Add Product/AddProduct_button' is clicked on

2019-05-10 11:31:56 - [TEST_STEP][PASSED] - delay(2): Delayed 2 second(s)

2019-05-10 11:31:58 - [MESSAGE][PASSED] - Delayed 2 second(s)

2019-05-10 11:31:58 - [TEST_STEP][PASSED] - verifyElementPresent(findTestObject("Page_BugsUI Add Product/div_Product BugsUITest already"), 1): Object 'Object Repository/Page_BugsUI Add Product/div_Product BugsUITest already' is present

2019-05-10 11:31:58 - [MESSAGE][PASSED] - Object 'Object Repository/Page_BugsUI Add Product/div_Product BugsUITest already' is present

2019-05-10 11:31:58 - [TEST_STEP][PASSED] - text = getText(findTestObject("Page_BugsUI Add Product/div_Product BugsUITest already")): Text of object 'Object Repository/Page_BugsUI Add Product/div_Product BugsUITest already' is: 'Product BugsUITest already exists.'

2019-05-10 11:31:59 - [MESSAGE][PASSED] - Text of object 'Object Repository/Page_BugsUI Add Product/div_Product BugsUITest already' is: 'Product BugsUITest already exists.'

2019-05-10 11:31:59 - [TEST_STEP][PASSED] - if (text.equals("Product BugsUITest already exists.")): null

2019-05-10 11:31:59 - [TEST_STEP][PASSED] - assert true: null

2019-05-10 11:31:59 - [TEST_STEP][PASSED] - clearText(findTestObject("Page_BugsUI Add Product/input_name")): Text of object 'Object Repository/Page_BugsUI Add Product/input_name' is cleared

2019-05-10 11:31:59 - [MESSAGE][PASSED] - Text of object 'Object Repository/Page_BugsUI Add Product/input_name' is cleared

2019-05-10 11:31:59 - [TEST_STEP][PASSED] - setText(findTestObject("Page_BugsUI Add Product/input_name"), "1-Automation-testing"): Text '1-Automation-testing' is set on object 'Object Repository/Page_BugsUI Add Product/input_name'

2019-05-10 11:31:59 - [MESSAGE][PASSED] - Text '1-Automation-testing' is set on object 'Object Repository/Page_BugsUI Add Product/input_name'

2019-05-10 11:31:59 - [TEST_STEP][PASSED] - click(findTestObject("Page_BugsUI Add Product/AddProduct_button")): Object: 'Object Repository/Page_BugsUI Add Product/AddProduct_button' is clicked on

2019-05-10 11:31:59 - [MESSAGE][PASSED] - Object: 'Object Repository/Page_BugsUI Add Product/AddProduct_button' is clicked on

2019-05-10 11:31:59 - [TEST_STEP][PASSED] - delay(1): Delayed 1 second(s)

2019-05-10 11:32:00 - [MESSAGE][PASSED] - Delayed 1 second(s)

2019-05-10 11:32:00 - [TEST_STEP][PASSED] - verifyElementPresent(findTestObject("Page_BugsUI Add Product/div_Product_added_success"), 1): Object 'Object Repository/Page_BugsUI Add Product/div_Product_added_success' is present

2019-05-10 11:32:00 - [MESSAGE][PASSED] - Object 'Object Repository/Page_BugsUI Add Product/div_Product_added_success' is present

2019-05-10 11:32:00 - [TEST_STEP][PASSED] - successMsg = getText(findTestObject("Page_BugsUI Add Product/div_Product_added_success")): Text of object 'Object Repository/Page_BugsUI Add Product/div_Product_added_success' is: 'Product has been added successfully.'

2019-05-10 11:32:00 - [MESSAGE][PASSED] - Text of object 'Object Repository/Page_BugsUI Add Product/div_Product_added_success' is: 'Product has been added successfully.'

2019-05-10 11:32:00 - [TEST_STEP][PASSED] - if (successMsg.equals("Product has been added successfully.")): null

2019-05-10 11:32:00 - [TEST_STEP][PASSED] - assert true: null

2019-05-10 11:32:00 - [TEST_STEP][PASSED] - delay(2): Delayed 2 second(s)

2019-05-10 11:32:02 - [MESSAGE][PASSED] - Delayed 2 second(s)]]></system-out>
         <system-err><![CDATA[]]></system-err>
      </testcase>
      <testcase name="Test Cases/Add_Product/AddedProductAvailability" classname="Test Cases/Add_Product/AddedProductAvailability" status="PASSED">
         <system-out><![CDATA[2019-05-10 11:32:02 - [TEST_CASE][PASSED] - Test Cases/Add_Product/AddedProductAvailability: Test Cases/Add_Product/AddedProductAvailability

2019-05-10 11:32:02 - [TEST_STEP][PASSED] - delay(2): Delayed 2 second(s)

2019-05-10 11:32:04 - [MESSAGE][PASSED] - Delayed 2 second(s)

2019-05-10 11:32:04 - [TEST_STEP][PASSED] - if (verifyElementPresent(findTestObject("Page_BugsUI Dashboard/a_New Bug"), 0)): Object: 'Object Repository/Page_BugsUI Dashboard/a_New Bug' is clicked on

2019-05-10 11:32:04 - [MESSAGE][WARNING] - Timeout '0' is invalid. Using default page load timeout: '30'

2019-05-10 11:32:04 - [MESSAGE][PASSED] - Object 'Object Repository/Page_BugsUI Dashboard/a_New Bug' is present

2019-05-10 11:32:04 - [TEST_STEP][PASSED] - click(findTestObject("Page_BugsUI Dashboard/a_New Bug")): Object: 'Object Repository/Page_BugsUI Dashboard/a_New Bug' is clicked on

2019-05-10 11:32:05 - [MESSAGE][PASSED] - Object: 'Object Repository/Page_BugsUI Dashboard/a_New Bug' is clicked on

2019-05-10 11:32:05 - [TEST_STEP][PASSED] - delay(3): Delayed 3 second(s)

2019-05-10 11:32:08 - [MESSAGE][PASSED] - Delayed 3 second(s)

2019-05-10 11:32:08 - [TEST_STEP][PASSED] - verifyElementPresent(findTestObject("Page_BugsUI New Bug/span_Raise New Bug"), 0): Object 'Object Repository/Page_BugsUI New Bug/span_Raise New Bug' is present

2019-05-10 11:32:08 - [MESSAGE][WARNING] - Timeout '0' is invalid. Using default page load timeout: '30'

2019-05-10 11:32:15 - [MESSAGE][PASSED] - Object 'Object Repository/Page_BugsUI New Bug/span_Raise New Bug' is present

2019-05-10 11:32:15 - [TEST_STEP][PASSED] - setText(findTestObject("Page_BugsUI New Bug/div_Choose Classification"), "Software"): Text 'Software' is set on object 'Object Repository/Page_BugsUI New Bug/div_Choose Classification'

2019-05-10 11:32:15 - [MESSAGE][PASSED] - Text 'Software' is set on object 'Object Repository/Page_BugsUI New Bug/div_Choose Classification'

2019-05-10 11:32:15 - [TEST_STEP][PASSED] - delay(2): Delayed 2 second(s)

2019-05-10 11:32:17 - [MESSAGE][PASSED] - Delayed 2 second(s)

2019-05-10 11:32:17 - [TEST_STEP][PASSED] - click(findTestObject("Page_BugsUI New Bug/span_Software")): Object: 'Object Repository/Page_BugsUI New Bug/span_Software' is clicked on

2019-05-10 11:32:18 - [MESSAGE][PASSED] - Object: 'Object Repository/Page_BugsUI New Bug/span_Software' is clicked on

2019-05-10 11:32:18 - [TEST_STEP][PASSED] - delay(3): Delayed 3 second(s)

2019-05-10 11:32:21 - [MESSAGE][PASSED] - Delayed 3 second(s)

2019-05-10 11:32:21 - [TEST_STEP][PASSED] - setText(findTestObject("Page_BugsUI New Bug/div_Choose Package"), "1-Automation-testing"): Text '1-Automation-testing' is set on object 'Object Repository/Page_BugsUI New Bug/div_Choose Package'

2019-05-10 11:32:21 - [MESSAGE][PASSED] - Text '1-Automation-testing' is set on object 'Object Repository/Page_BugsUI New Bug/div_Choose Package'

2019-05-10 11:32:21 - [TEST_STEP][PASSED] - if (verifyElementPresent(findTestObject("Page_BugsUI New Bug/span_1-Automation-testing"), 0)): null

2019-05-10 11:32:21 - [MESSAGE][WARNING] - Timeout '0' is invalid. Using default page load timeout: '30'

2019-05-10 11:32:21 - [MESSAGE][PASSED] - Object 'Object Repository/Page_BugsUI New Bug/span_1-Automation-testing' is present

2019-05-10 11:32:21 - [TEST_STEP][PASSED] - click(findTestObject("Page_BugsUI New Bug/span_1-Automation-testing")): Object: 'Object Repository/Page_BugsUI New Bug/span_1-Automation-testing' is clicked on

2019-05-10 11:32:21 - [MESSAGE][PASSED] - Object: 'Object Repository/Page_BugsUI New Bug/span_1-Automation-testing' is clicked on

2019-05-10 11:32:21 - [TEST_STEP][PASSED] - assert true: null

2019-05-10 11:32:21 - [TEST_STEP][PASSED] - delay(3): Delayed 3 second(s)

2019-05-10 11:32:24 - [MESSAGE][PASSED] - Delayed 3 second(s)]]></system-out>
         <system-err><![CDATA[]]></system-err>
      </testcase>
      <testcase name="Test Cases/Add_Product/Delete_added_product" classname="Test Cases/Add_Product/Delete_added_product" status="PASSED">
         <system-out><![CDATA[2019-05-10 11:32:24 - [TEST_CASE][PASSED] - Test Cases/Add_Product/Delete_added_product: Test Cases/Add_Product/Delete_added_product

2019-05-10 11:32:25 - [TEST_STEP][PASSED] - if (verifyElementPresent(findTestObject("Page_BugsUI Dashboard/button_Product"), 10)): null

2019-05-10 11:32:25 - [MESSAGE][PASSED] - Object 'Object Repository/Page_BugsUI Dashboard/button_Product' is present

2019-05-10 11:32:25 - [TEST_STEP][PASSED] - click(findTestObject("Page_BugsUI Dashboard/button_Product")): Object: 'Object Repository/Page_BugsUI Dashboard/button_Product' is clicked on

2019-05-10 11:32:25 - [MESSAGE][PASSED] - Object: 'Object Repository/Page_BugsUI Dashboard/button_Product' is clicked on

2019-05-10 11:32:25 - [TEST_STEP][PASSED] - delay(2): Delayed 2 second(s)

2019-05-10 11:32:27 - [MESSAGE][PASSED] - Delayed 2 second(s)

2019-05-10 11:32:27 - [TEST_STEP][PASSED] - if (verifyElementPresent(findTestObject("Page_BugsUI Dashboard/a_Edit"), 5)): Object: 'Object Repository/Page_BugsUI Dashboard/a_Edit' is clicked on

2019-05-10 11:32:27 - [MESSAGE][PASSED] - Object 'Object Repository/Page_BugsUI Dashboard/a_Edit' is present

2019-05-10 11:32:27 - [TEST_STEP][PASSED] - click(findTestObject("Page_BugsUI Dashboard/a_Edit")): Object: 'Object Repository/Page_BugsUI Dashboard/a_Edit' is clicked on

2019-05-10 11:32:27 - [MESSAGE][PASSED] - Object: 'Object Repository/Page_BugsUI Dashboard/a_Edit' is clicked on

2019-05-10 11:32:27 - [TEST_STEP][PASSED] - delay(4): Delayed 4 second(s)

2019-05-10 11:32:31 - [MESSAGE][PASSED] - Delayed 4 second(s)

2019-05-10 11:32:31 - [TEST_STEP][PASSED] - if (verifyAlertPresent(7)): Alert accepted

2019-05-10 11:32:31 - [MESSAGE][PASSED] - Alert is present after 7 second(s).

2019-05-10 11:32:31 - [TEST_STEP][PASSED] - acceptAlert(): Alert accepted

2019-05-10 11:32:31 - [MESSAGE][PASSED] - Alert accepted

2019-05-10 11:32:31 - [TEST_STEP][PASSED] - delay(4): Delayed 4 second(s)

2019-05-10 11:32:35 - [MESSAGE][PASSED] - Delayed 4 second(s)

2019-05-10 11:32:35 - [TEST_STEP][PASSED] - verifyElementPresent(findTestObject("Page_BugsUI Edit Product/span_Edit Product"), 0): Object 'Object Repository/Page_BugsUI Edit Product/span_Edit Product' is present

2019-05-10 11:32:35 - [MESSAGE][WARNING] - Timeout '0' is invalid. Using default page load timeout: '30'

2019-05-10 11:32:35 - [MESSAGE][PASSED] - Object 'Object Repository/Page_BugsUI Edit Product/span_Edit Product' is present

2019-05-10 11:32:35 - [TEST_STEP][PASSED] - setText(findTestObject("Page_BugsUI Edit Product/div_Choose Classification"), "Software"): Text 'Software' is set on object 'Object Repository/Page_BugsUI Edit Product/div_Choose Classification'

2019-05-10 11:32:35 - [MESSAGE][PASSED] - Text 'Software' is set on object 'Object Repository/Page_BugsUI Edit Product/div_Choose Classification'

2019-05-10 11:32:35 - [TEST_STEP][PASSED] - delay(2): Delayed 2 second(s)

2019-05-10 11:32:37 - [MESSAGE][PASSED] - Delayed 2 second(s)

2019-05-10 11:32:37 - [TEST_STEP][PASSED] - click(findTestObject("Page_BugsUI Edit Product/span_Software")): Object: 'Object Repository/Page_BugsUI Edit Product/span_Software' is clicked on

2019-05-10 11:32:38 - [MESSAGE][PASSED] - Object: 'Object Repository/Page_BugsUI Edit Product/span_Software' is clicked on

2019-05-10 11:32:38 - [TEST_STEP][PASSED] - setText(findTestObject("Page_BugsUI Edit Product/div_Choose Product"), "1-Automation-testing"): Text '1-Automation-testing' is set on object 'Object Repository/Page_BugsUI Edit Product/div_Choose Product'

2019-05-10 11:32:38 - [MESSAGE][PASSED] - Text '1-Automation-testing' is set on object 'Object Repository/Page_BugsUI Edit Product/div_Choose Product'

2019-05-10 11:32:38 - [TEST_STEP][PASSED] - delay(2): Delayed 2 second(s)

2019-05-10 11:32:40 - [MESSAGE][PASSED] - Delayed 2 second(s)

2019-05-10 11:32:40 - [TEST_STEP][PASSED] - click(findTestObject("Page_BugsUI Edit Product/span_1-Automation-testing")): Object: 'Object Repository/Page_BugsUI Edit Product/span_1-Automation-testing' is clicked on

2019-05-10 11:32:40 - [MESSAGE][PASSED] - Object: 'Object Repository/Page_BugsUI Edit Product/span_1-Automation-testing' is clicked on

2019-05-10 11:32:40 - [TEST_STEP][PASSED] - scrollToElement(findTestObject("Page_BugsUI Edit Product/button_Delete Product"), 1): Scroll to object 'Object Repository/Page_BugsUI Edit Product/button_Delete Product' successfully

2019-05-10 11:32:40 - [MESSAGE][PASSED] - Scroll to object 'Object Repository/Page_BugsUI Edit Product/button_Delete Product' successfully

2019-05-10 11:32:40 - [TEST_STEP][PASSED] - if (verifyElementPresent(findTestObject("Page_BugsUI Edit Product/button_Delete Product"), 0)): null

2019-05-10 11:32:40 - [MESSAGE][WARNING] - Timeout '0' is invalid. Using default page load timeout: '30'

2019-05-10 11:32:40 - [MESSAGE][PASSED] - Object 'Object Repository/Page_BugsUI Edit Product/button_Delete Product' is present

2019-05-10 11:32:40 - [TEST_STEP][PASSED] - delay(5): Delayed 5 second(s)

2019-05-10 11:32:45 - [MESSAGE][PASSED] - Delayed 5 second(s)

2019-05-10 11:32:45 - [TEST_STEP][PASSED] - if (verifyElementClickable(findTestObject("Page_BugsUI Edit Product/button_Delete Product"))): Object: 'Object Repository/Page_BugsUI Edit Product/button_Delete Product' is clicked on

2019-05-10 11:32:45 - [MESSAGE][PASSED] - Object 'Object Repository/Page_BugsUI Edit Product/button_Delete Product' is clickable

2019-05-10 11:32:45 - [TEST_STEP][PASSED] - click(findTestObject("Page_BugsUI Edit Product/button_Delete Product")): Object: 'Object Repository/Page_BugsUI Edit Product/button_Delete Product' is clicked on

2019-05-10 11:32:45 - [MESSAGE][PASSED] - Object: 'Object Repository/Page_BugsUI Edit Product/button_Delete Product' is clicked on

2019-05-10 11:32:45 - [TEST_STEP][PASSED] - delay(3): Delayed 3 second(s)

2019-05-10 11:32:48 - [MESSAGE][PASSED] - Delayed 3 second(s)

2019-05-10 11:32:48 - [TEST_STEP][PASSED] - if (verifyElementPresent(findTestObject("Page_BugsUI Edit Product/confirmDeleteProduct_popup"), 0)): null

2019-05-10 11:32:48 - [MESSAGE][WARNING] - Timeout '0' is invalid. Using default page load timeout: '30'

2019-05-10 11:32:48 - [MESSAGE][PASSED] - Object 'Object Repository/Page_BugsUI Edit Product/confirmDeleteProduct_popup' is present

2019-05-10 11:32:48 - [TEST_STEP][PASSED] - if (verifyElementPresent(findTestObject("Page_BugsUI Edit Product/button_No"), 0)): Object: 'Object Repository/Page_BugsUI Edit Product/button_No' is clicked on

2019-05-10 11:32:49 - [MESSAGE][WARNING] - Timeout '0' is invalid. Using default page load timeout: '30'

2019-05-10 11:32:49 - [MESSAGE][PASSED] - Object 'Object Repository/Page_BugsUI Edit Product/button_No' is present

2019-05-10 11:32:49 - [TEST_STEP][PASSED] - click(findTestObject("Page_BugsUI Edit Product/button_No")): Object: 'Object Repository/Page_BugsUI Edit Product/button_No' is clicked on

2019-05-10 11:32:49 - [MESSAGE][PASSED] - Object: 'Object Repository/Page_BugsUI Edit Product/button_No' is clicked on

2019-05-10 11:32:49 - [TEST_STEP][PASSED] - delay(3): Delayed 3 second(s)

2019-05-10 11:32:52 - [MESSAGE][PASSED] - Delayed 3 second(s)

2019-05-10 11:32:52 - [TEST_STEP][PASSED] - verifyElementPresent(findTestObject("Page_BugsUI Edit Product/button_Delete Product"), 0): Object 'Object Repository/Page_BugsUI Edit Product/button_Delete Product' is present

2019-05-10 11:32:52 - [MESSAGE][WARNING] - Timeout '0' is invalid. Using default page load timeout: '30'

2019-05-10 11:32:52 - [MESSAGE][PASSED] - Object 'Object Repository/Page_BugsUI Edit Product/button_Delete Product' is present

2019-05-10 11:32:52 - [TEST_STEP][PASSED] - click(findTestObject("Page_BugsUI Edit Product/button_Delete Product")): Object: 'Object Repository/Page_BugsUI Edit Product/button_Delete Product' is clicked on

2019-05-10 11:32:52 - [MESSAGE][PASSED] - Object: 'Object Repository/Page_BugsUI Edit Product/button_Delete Product' is clicked on

2019-05-10 11:32:52 - [TEST_STEP][PASSED] - delay(3): Delayed 3 second(s)

2019-05-10 11:32:55 - [MESSAGE][PASSED] - Delayed 3 second(s)

2019-05-10 11:32:55 - [TEST_STEP][PASSED] - if (verifyElementPresent(findTestObject("Page_BugsUI Edit Product/confirmDeleteProduct_popup"), 0)): null

2019-05-10 11:32:55 - [MESSAGE][WARNING] - Timeout '0' is invalid. Using default page load timeout: '30'

2019-05-10 11:32:55 - [MESSAGE][PASSED] - Object 'Object Repository/Page_BugsUI Edit Product/confirmDeleteProduct_popup' is present

2019-05-10 11:32:55 - [TEST_STEP][PASSED] - if (verifyElementPresent(findTestObject("Page_BugsUI Edit Product/button_deleteProduct_Yes"), 0)): Object: 'Object Repository/Page_BugsUI Edit Product/button_deleteProduct_Yes' is clicked on

2019-05-10 11:32:55 - [MESSAGE][WARNING] - Timeout '0' is invalid. Using default page load timeout: '30'

2019-05-10 11:32:55 - [MESSAGE][PASSED] - Object 'Object Repository/Page_BugsUI Edit Product/button_deleteProduct_Yes' is present

2019-05-10 11:32:55 - [TEST_STEP][PASSED] - click(findTestObject("Page_BugsUI Edit Product/button_deleteProduct_Yes")): Object: 'Object Repository/Page_BugsUI Edit Product/button_deleteProduct_Yes' is clicked on

2019-05-10 11:32:55 - [MESSAGE][PASSED] - Object: 'Object Repository/Page_BugsUI Edit Product/button_deleteProduct_Yes' is clicked on

2019-05-10 11:32:55 - [TEST_STEP][PASSED] - delay(3): Delayed 3 second(s)

2019-05-10 11:32:58 - [MESSAGE][PASSED] - Delayed 3 second(s)

2019-05-10 11:32:58 - [TEST_STEP][PASSED] - if (verifyElementPresent(findTestObject("Page_BugsUI Edit Product/div_Product has been deleted"), 0)): null

2019-05-10 11:32:58 - [MESSAGE][WARNING] - Timeout '0' is invalid. Using default page load timeout: '30'

2019-05-10 11:32:58 - [MESSAGE][PASSED] - Object 'Object Repository/Page_BugsUI Edit Product/div_Product has been deleted' is present

2019-05-10 11:32:58 - [TEST_STEP][PASSED] - text = getText(findTestObject("Page_BugsUI Edit Product/div_Product has been deleted")): Text of object 'Object Repository/Page_BugsUI Edit Product/div_Product has been deleted' is: 'Product has been deleted successfully.'

2019-05-10 11:32:58 - [MESSAGE][PASSED] - Text of object 'Object Repository/Page_BugsUI Edit Product/div_Product has been deleted' is: 'Product has been deleted successfully.'

2019-05-10 11:32:58 - [TEST_STEP][PASSED] - if (text.equals("Product has been deleted successfully.")): null

2019-05-10 11:32:58 - [TEST_STEP][PASSED] - assert true: null

2019-05-10 11:32:58 - [TEST_STEP][PASSED] - closeBrowser(): Browser is closed

2019-05-10 11:32:59 - [MESSAGE][PASSED] - Browser is closed]]></system-out>
         <system-err><![CDATA[]]></system-err>
      </testcase>
      <testcase name="Test Cases/Edit_Product/Edit_product_fields" classname="Test Cases/Edit_Product/Edit_product_fields" status="PASSED">
         <system-out><![CDATA[2019-05-10 11:32:59 - [TEST_CASE][PASSED] - Test Cases/Edit_Product/Edit_product_fields: Test Cases/Edit_Product/Edit_product_fields

2019-05-10 11:32:59 - [TEST_STEP][PASSED] - openBrowser(""): Browser is opened with url: ''

2019-05-10 11:32:59 - [MESSAGE][INFO] - Starting 'Chrome' driver

2019-05-10 11:33:01 - [MESSAGE][PASSED] - Browser is opened with url: ''

2019-05-10 11:33:01 - [TEST_STEP][PASSED] - navigateToUrl(applicationUrl): Navigate to 'https://le-bugsui.staging.corp.arista.io/dashboard' successfully

2019-05-10 11:33:17 - [MESSAGE][PASSED] - Navigate to 'https://le-bugsui.staging.corp.arista.io/dashboard' successfully

2019-05-10 11:33:17 - [TEST_STEP][PASSED] - delay(3): Delayed 3 second(s)

2019-05-10 11:33:20 - [MESSAGE][PASSED] - Delayed 3 second(s)

2019-05-10 11:33:20 - [TEST_STEP][PASSED] - maximizeWindow(): Current window maximized

2019-05-10 11:33:20 - [MESSAGE][PASSED] - Current window maximized

2019-05-10 11:33:20 - [TEST_STEP][PASSED] - delay(2): Delayed 2 second(s)

2019-05-10 11:33:22 - [MESSAGE][PASSED] - Delayed 2 second(s)

2019-05-10 11:33:22 - [TEST_STEP][PASSED] - setText(findTestObject("Page_BugsUI/input_username"), "knagendra-ext"): Text 'knagendra-ext' is set on object 'Object Repository/Page_BugsUI/input_username'

2019-05-10 11:33:22 - [MESSAGE][PASSED] - Text 'knagendra-ext' is set on object 'Object Repository/Page_BugsUI/input_username'

2019-05-10 11:33:22 - [TEST_STEP][PASSED] - setText(findTestObject("Page_BugsUI/input_password"), "Kum1!@#$%^&*()ar"): Text 'Kum1!@#$%^&*()ar' is set on object 'Object Repository/Page_BugsUI/input_password'

2019-05-10 11:33:22 - [MESSAGE][PASSED] - Text 'Kum1!@#$%^&*()ar' is set on object 'Object Repository/Page_BugsUI/input_password'

2019-05-10 11:33:22 - [TEST_STEP][PASSED] - if (verifyElementClickable(findTestObject("Page_BugsUI/button_Login"))): Object: 'Object Repository/Page_BugsUI/button_Login' is clicked on

2019-05-10 11:33:22 - [MESSAGE][PASSED] - Object 'Object Repository/Page_BugsUI/button_Login' is clickable

2019-05-10 11:33:22 - [TEST_STEP][PASSED] - click(findTestObject("Page_BugsUI/button_Login")): Object: 'Object Repository/Page_BugsUI/button_Login' is clicked on

2019-05-10 11:33:22 - [MESSAGE][PASSED] - Object: 'Object Repository/Page_BugsUI/button_Login' is clicked on

2019-05-10 11:33:22 - [TEST_STEP][PASSED] - delay(4): Delayed 4 second(s)

2019-05-10 11:33:26 - [MESSAGE][PASSED] - Delayed 4 second(s)

2019-05-10 11:33:26 - [TEST_STEP][PASSED] - if (verifyElementPresent(findTestObject("Page_BugsUI Dashboard/span_Dashboard"), 0)): null

2019-05-10 11:33:26 - [MESSAGE][WARNING] - Timeout '0' is invalid. Using default page load timeout: '30'

2019-05-10 11:33:27 - [MESSAGE][PASSED] - Object 'Object Repository/Page_BugsUI Dashboard/span_Dashboard' is present

2019-05-10 11:33:27 - [TEST_STEP][PASSED] - if (verifyElementPresent(findTestObject("Page_BugsUI Dashboard/button_Product"), 10)): null

2019-05-10 11:33:27 - [MESSAGE][PASSED] - Object 'Object Repository/Page_BugsUI Dashboard/button_Product' is present

2019-05-10 11:33:27 - [TEST_STEP][PASSED] - click(findTestObject("Page_BugsUI Dashboard/button_Product")): Object: 'Object Repository/Page_BugsUI Dashboard/button_Product' is clicked on

2019-05-10 11:33:27 - [MESSAGE][PASSED] - Object: 'Object Repository/Page_BugsUI Dashboard/button_Product' is clicked on

2019-05-10 11:33:27 - [TEST_STEP][PASSED] - delay(2): Delayed 2 second(s)

2019-05-10 11:33:29 - [MESSAGE][PASSED] - Delayed 2 second(s)

2019-05-10 11:33:29 - [TEST_STEP][PASSED] - if (verifyElementPresent(findTestObject("Page_BugsUI Dashboard/a_Edit"), 5)): Object: 'Object Repository/Page_BugsUI Dashboard/a_Edit' is clicked on

2019-05-10 11:33:29 - [MESSAGE][PASSED] - Object 'Object Repository/Page_BugsUI Dashboard/a_Edit' is present

2019-05-10 11:33:29 - [TEST_STEP][PASSED] - click(findTestObject("Page_BugsUI Dashboard/a_Edit")): Object: 'Object Repository/Page_BugsUI Dashboard/a_Edit' is clicked on

2019-05-10 11:33:29 - [MESSAGE][PASSED] - Object: 'Object Repository/Page_BugsUI Dashboard/a_Edit' is clicked on

2019-05-10 11:33:29 - [TEST_STEP][PASSED] - verifyElementPresent(findTestObject("Page_BugsUI Edit Product/span_Edit Product"), 0): Object 'Object Repository/Page_BugsUI Edit Product/span_Edit Product' is present

2019-05-10 11:33:29 - [MESSAGE][WARNING] - Timeout '0' is invalid. Using default page load timeout: '30'

2019-05-10 11:33:31 - [MESSAGE][PASSED] - Object 'Object Repository/Page_BugsUI Edit Product/span_Edit Product' is present

2019-05-10 11:33:31 - [TEST_STEP][PASSED] - reusable.editPage.selectProduct(): reusable.editPage.selectProduct is PASSED

2019-05-10 11:33:31 - [MESSAGE][PASSED] - Text 'Software' is set on object 'Object Repository/Page_BugsUI Edit Product/div_Choose Classification'

2019-05-10 11:33:33 - [MESSAGE][PASSED] - Delayed 2 second(s)

2019-05-10 11:33:33 - [MESSAGE][PASSED] - Object: 'Object Repository/Page_BugsUI Edit Product/span_Software' is clicked on

2019-05-10 11:33:33 - [MESSAGE][PASSED] - Text '1-Auto-edit' is set on object 'Object Repository/Page_BugsUI Edit Product/div_Choose Product'

2019-05-10 11:33:35 - [MESSAGE][PASSED] - Delayed 2 second(s)

2019-05-10 11:33:35 - [MESSAGE][PASSED] - Object: 'Object Repository/Page_BugsUI Edit Product/span_1-Auto-edit' is clicked on

2019-05-10 11:33:37 - [MESSAGE][PASSED] - Delayed 2 second(s)

2019-05-10 11:33:37 - [MESSAGE][PASSED] - reusable.editPage.selectProduct is PASSED

2019-05-10 11:33:37 - [TEST_STEP][PASSED] - verifyElementPresent(findTestObject("Page_BugsUI Edit Product/input_newName"), 0): Object 'Object Repository/Page_BugsUI Edit Product/input_newName' is present

2019-05-10 11:33:37 - [MESSAGE][WARNING] - Timeout '0' is invalid. Using default page load timeout: '30'

2019-05-10 11:33:38 - [MESSAGE][PASSED] - Object 'Object Repository/Page_BugsUI Edit Product/input_newName' is present

2019-05-10 11:33:38 - [TEST_STEP][PASSED] - verifyElementPresent(findTestObject("Page_BugsUI Edit Product/textarea_description"), 0): Object 'Object Repository/Page_BugsUI Edit Product/textarea_description' is present

2019-05-10 11:33:38 - [MESSAGE][WARNING] - Timeout '0' is invalid. Using default page load timeout: '30'

2019-05-10 11:33:38 - [MESSAGE][PASSED] - Object 'Object Repository/Page_BugsUI Edit Product/textarea_description' is present

2019-05-10 11:33:38 - [TEST_STEP][PASSED] - verifyElementPresent(findTestObject("Page_BugsUI Edit Product/div_closed_for_bug_entry"), 0): Object 'Object Repository/Page_BugsUI Edit Product/div_closed_for_bug_entry' is present

2019-05-10 11:33:38 - [MESSAGE][WARNING] - Timeout '0' is invalid. Using default page load timeout: '30'

2019-05-10 11:33:38 - [MESSAGE][PASSED] - Object 'Object Repository/Page_BugsUI Edit Product/div_closed_for_bug_entry' is present

2019-05-10 11:33:38 - [TEST_STEP][PASSED] - if (verifyElementNotClickable(findTestObject("Page_BugsUI Edit Product/button_update_product"))): null

2019-05-10 11:33:38 - [MESSAGE][PASSED] - Object 'Object Repository/Page_BugsUI Edit Product/button_update_product' is NOT clickable

2019-05-10 11:33:38 - [TEST_STEP][PASSED] - assert true: null

2019-05-10 11:33:38 - [TEST_STEP][PASSED] - scrollToElement(findTestObject("Page_BugsUI Edit Product/button_Delete Product"), 2): Scroll to object 'Object Repository/Page_BugsUI Edit Product/button_Delete Product' successfully

2019-05-10 11:33:38 - [MESSAGE][PASSED] - Scroll to object 'Object Repository/Page_BugsUI Edit Product/button_Delete Product' successfully

2019-05-10 11:33:38 - [TEST_STEP][PASSED] - verifyElementPresent(findTestObject("Page_BugsUI Edit Product/div_Component Information"), 0): Object 'Object Repository/Page_BugsUI Edit Product/div_Component Information' is present

2019-05-10 11:33:38 - [MESSAGE][WARNING] - Timeout '0' is invalid. Using default page load timeout: '30'

2019-05-10 11:33:38 - [MESSAGE][PASSED] - Object 'Object Repository/Page_BugsUI Edit Product/div_Component Information' is present

2019-05-10 11:33:38 - [TEST_STEP][PASSED] - verifyElementPresent(findTestObject("Page_BugsUI Edit Product/button_Refresh components"), 0): Object 'Object Repository/Page_BugsUI Edit Product/button_Refresh components' is present

2019-05-10 11:33:38 - [MESSAGE][WARNING] - Timeout '0' is invalid. Using default page load timeout: '30'

2019-05-10 11:33:38 - [MESSAGE][PASSED] - Object 'Object Repository/Page_BugsUI Edit Product/button_Refresh components' is present

2019-05-10 11:33:38 - [TEST_STEP][PASSED] - verifyElementPresent(findTestObject("Page_BugsUI Edit Product/button_AddNewRow_Component"), 0): Object 'Object Repository/Page_BugsUI Edit Product/button_AddNewRow_Component' is present

2019-05-10 11:33:38 - [MESSAGE][WARNING] - Timeout '0' is invalid. Using default page load timeout: '30'

2019-05-10 11:33:38 - [MESSAGE][PASSED] - Object 'Object Repository/Page_BugsUI Edit Product/button_AddNewRow_Component' is present

2019-05-10 11:33:38 - [TEST_STEP][PASSED] - verifyElementPresent(findTestObject("Page_BugsUI Edit Product/span_Version Information"), 0): Object 'Object Repository/Page_BugsUI Edit Product/span_Version Information' is present

2019-05-10 11:33:38 - [MESSAGE][WARNING] - Timeout '0' is invalid. Using default page load timeout: '30'

2019-05-10 11:33:38 - [MESSAGE][PASSED] - Object 'Object Repository/Page_BugsUI Edit Product/span_Version Information' is present

2019-05-10 11:33:38 - [TEST_STEP][PASSED] - verifyElementPresent(findTestObject("Page_BugsUI Edit Product/button_Refresh versions"), 0): Object 'Object Repository/Page_BugsUI Edit Product/button_Refresh versions' is present

2019-05-10 11:33:38 - [MESSAGE][WARNING] - Timeout '0' is invalid. Using default page load timeout: '30'

2019-05-10 11:33:38 - [MESSAGE][PASSED] - Object 'Object Repository/Page_BugsUI Edit Product/button_Refresh versions' is present

2019-05-10 11:33:38 - [TEST_STEP][PASSED] - verifyElementPresent(findTestObject("Page_BugsUI Edit Product/button_AddNewRow_version"), 0): Object 'Object Repository/Page_BugsUI Edit Product/button_AddNewRow_version' is present

2019-05-10 11:33:38 - [MESSAGE][WARNING] - Timeout '0' is invalid. Using default page load timeout: '30'

2019-05-10 11:33:38 - [MESSAGE][PASSED] - Object 'Object Repository/Page_BugsUI Edit Product/button_AddNewRow_version' is present

2019-05-10 11:33:38 - [TEST_STEP][PASSED] - delay(2): Delayed 2 second(s)

2019-05-10 11:33:40 - [MESSAGE][PASSED] - Delayed 2 second(s)]]></system-out>
         <system-err><![CDATA[]]></system-err>
      </testcase>
      <testcase name="Test Cases/Edit_Product/closedForBugEntery_UpdateProduct" classname="Test Cases/Edit_Product/closedForBugEntery_UpdateProduct" status="PASSED">
         <system-out><![CDATA[2019-05-10 11:33:40 - [TEST_CASE][PASSED] - Test Cases/Edit_Product/closedForBugEntery_UpdateProduct: Test Cases/Edit_Product/closedForBugEntery_UpdateProduct

2019-05-10 11:33:40 - [TEST_STEP][PASSED] - scrollToElement(findTestObject("Page_BugsUI Edit Product/input_newName"), 2): Scroll to object 'Object Repository/Page_BugsUI Edit Product/input_newName' successfully

2019-05-10 11:33:40 - [MESSAGE][PASSED] - Scroll to object 'Object Repository/Page_BugsUI Edit Product/input_newName' successfully

2019-05-10 11:33:40 - [TEST_STEP][PASSED] - clearText(findTestObject("Page_BugsUI Edit Product/textarea_description")): Text of object 'Object Repository/Page_BugsUI Edit Product/textarea_description' is cleared

2019-05-10 11:33:41 - [MESSAGE][PASSED] - Text of object 'Object Repository/Page_BugsUI Edit Product/textarea_description' is cleared

2019-05-10 11:33:41 - [TEST_STEP][PASSED] - setText(findTestObject("Page_BugsUI Edit Product/textarea_description"), "Editing Description"): Text 'Editing Description' is set on object 'Object Repository/Page_BugsUI Edit Product/textarea_description'

2019-05-10 11:33:41 - [MESSAGE][PASSED] - Text 'Editing Description' is set on object 'Object Repository/Page_BugsUI Edit Product/textarea_description'

2019-05-10 11:33:41 - [TEST_STEP][PASSED] - delay(2): Delayed 2 second(s)

2019-05-10 11:33:43 - [MESSAGE][PASSED] - Delayed 2 second(s)

2019-05-10 11:33:43 - [TEST_STEP][PASSED] - if (verifyElementClickable(findTestObject("Page_BugsUI Edit Product/button_update_product"))): Object: 'Object Repository/Page_BugsUI Edit Product/button_update_product' is clicked on

2019-05-10 11:33:43 - [MESSAGE][PASSED] - Object 'Object Repository/Page_BugsUI Edit Product/button_update_product' is clickable

2019-05-10 11:33:43 - [TEST_STEP][PASSED] - click(findTestObject("Page_BugsUI Edit Product/button_update_product")): Object: 'Object Repository/Page_BugsUI Edit Product/button_update_product' is clicked on

2019-05-10 11:33:43 - [MESSAGE][PASSED] - Object: 'Object Repository/Page_BugsUI Edit Product/button_update_product' is clicked on

2019-05-10 11:33:43 - [TEST_STEP][PASSED] - delay(2): Delayed 2 second(s)

2019-05-10 11:33:45 - [MESSAGE][PASSED] - Delayed 2 second(s)

2019-05-10 11:33:45 - [TEST_STEP][PASSED] - reusable.editPage.selectProduct(): reusable.editPage.selectProduct is PASSED

2019-05-10 11:33:45 - [MESSAGE][PASSED] - Text 'Software' is set on object 'Object Repository/Page_BugsUI Edit Product/div_Choose Classification'

2019-05-10 11:33:47 - [MESSAGE][PASSED] - Delayed 2 second(s)

2019-05-10 11:33:48 - [MESSAGE][PASSED] - Object: 'Object Repository/Page_BugsUI Edit Product/span_Software' is clicked on

2019-05-10 11:33:48 - [MESSAGE][PASSED] - Text '1-Auto-edit' is set on object 'Object Repository/Page_BugsUI Edit Product/div_Choose Product'

2019-05-10 11:33:50 - [MESSAGE][PASSED] - Delayed 2 second(s)

2019-05-10 11:33:50 - [MESSAGE][PASSED] - Object: 'Object Repository/Page_BugsUI Edit Product/span_1-Auto-edit' is clicked on

2019-05-10 11:33:52 - [MESSAGE][PASSED] - Delayed 2 second(s)

2019-05-10 11:33:52 - [MESSAGE][PASSED] - reusable.editPage.selectProduct is PASSED

2019-05-10 11:33:52 - [TEST_STEP][PASSED] - productDesc = getAttribute(findTestObject("Page_BugsUI Edit Product/textarea_description"), "value"): Attribute 'value' of object 'Object Repository/Page_BugsUI Edit Product/textarea_description' is: 'Editing Description'

2019-05-10 11:33:52 - [MESSAGE][PASSED] - Attribute 'value' of object 'Object Repository/Page_BugsUI Edit Product/textarea_description' is: 'Editing Description'

2019-05-10 11:33:52 - [TEST_STEP][PASSED] - if (productDesc.equals("Editing Description")): null

2019-05-10 11:33:52 - [TEST_STEP][PASSED] - assert true: null

2019-05-10 11:33:52 - [TEST_STEP][PASSED] - clearText(findTestObject("Page_BugsUI Edit Product/textarea_description")): Text of object 'Object Repository/Page_BugsUI Edit Product/textarea_description' is cleared

2019-05-10 11:33:52 - [MESSAGE][PASSED] - Text of object 'Object Repository/Page_BugsUI Edit Product/textarea_description' is cleared

2019-05-10 11:33:52 - [TEST_STEP][PASSED] - setText(findTestObject("Page_BugsUI Edit Product/textarea_description"), "Product for Automation"): Text 'Product for Automation' is set on object 'Object Repository/Page_BugsUI Edit Product/textarea_description'

2019-05-10 11:33:52 - [MESSAGE][PASSED] - Text 'Product for Automation' is set on object 'Object Repository/Page_BugsUI Edit Product/textarea_description'

2019-05-10 11:33:52 - [TEST_STEP][PASSED] - delay(2): Delayed 2 second(s)

2019-05-10 11:33:54 - [MESSAGE][PASSED] - Delayed 2 second(s)

2019-05-10 11:33:54 - [TEST_STEP][PASSED] - if (verifyElementClickable(findTestObject("Page_BugsUI Edit Product/button_update_product"))): Object: 'Object Repository/Page_BugsUI Edit Product/button_update_product' is clicked on

2019-05-10 11:33:54 - [MESSAGE][PASSED] - Object 'Object Repository/Page_BugsUI Edit Product/button_update_product' is clickable

2019-05-10 11:33:54 - [TEST_STEP][PASSED] - click(findTestObject("Page_BugsUI Edit Product/button_update_product")): Object: 'Object Repository/Page_BugsUI Edit Product/button_update_product' is clicked on

2019-05-10 11:33:54 - [MESSAGE][PASSED] - Object: 'Object Repository/Page_BugsUI Edit Product/button_update_product' is clicked on

2019-05-10 11:33:54 - [TEST_STEP][PASSED] - delay(2): Delayed 2 second(s)

2019-05-10 11:33:56 - [MESSAGE][PASSED] - Delayed 2 second(s)

2019-05-10 11:33:56 - [TEST_STEP][PASSED] - closeBrowser(): Browser is closed

2019-05-10 11:33:57 - [MESSAGE][PASSED] - Browser is closed]]></system-out>
         <system-err><![CDATA[]]></system-err>
      </testcase>
      <testcase name="Test Cases/NewBugCreation/Creating_bug" classname="Test Cases/NewBugCreation/Creating_bug" status="PASSED">
         <system-out><![CDATA[2019-05-10 11:33:57 - [TEST_CASE][PASSED] - Test Cases/NewBugCreation/Creating_bug: Test Cases/NewBugCreation/Creating_bug

2019-05-10 11:33:58 - [TEST_STEP][PASSED] - openBrowser(""): Browser is opened with url: ''

2019-05-10 11:33:58 - [MESSAGE][INFO] - Starting 'Chrome' driver

2019-05-10 11:34:00 - [MESSAGE][PASSED] - Browser is opened with url: ''

2019-05-10 11:34:00 - [TEST_STEP][PASSED] - navigateToUrl(applicationUrl): Navigate to 'https://le-bugsui.staging.corp.arista.io/dashboard' successfully

2019-05-10 11:34:14 - [MESSAGE][PASSED] - Navigate to 'https://le-bugsui.staging.corp.arista.io/dashboard' successfully

2019-05-10 11:34:14 - [TEST_STEP][PASSED] - delay(3): Delayed 3 second(s)

2019-05-10 11:34:17 - [MESSAGE][PASSED] - Delayed 3 second(s)

2019-05-10 11:34:17 - [TEST_STEP][PASSED] - reusable.loginBugZillaUI.login(): reusable.loginBugZillaUI.login is PASSED

2019-05-10 11:34:17 - [MESSAGE][PASSED] - Current window maximized

2019-05-10 11:34:17 - [MESSAGE][PASSED] - Text 'knagendra-ext' is set on object 'Object Repository/Page_BugsUI/input_username'

2019-05-10 11:34:17 - [MESSAGE][PASSED] - Text 'Kum1!@#$%^&*()ar' is set on object 'Object Repository/Page_BugsUI/input_password'

2019-05-10 11:34:17 - [MESSAGE][PASSED] - Object 'Object Repository/Page_BugsUI/button_Login' is clickable

2019-05-10 11:34:17 - [MESSAGE][PASSED] - Object: 'Object Repository/Page_BugsUI/button_Login' is clicked on

2019-05-10 11:34:17 - [MESSAGE][PASSED] - reusable.loginBugZillaUI.login is PASSED

2019-05-10 11:34:17 - [TEST_STEP][PASSED] - delay(4): Delayed 4 second(s)

2019-05-10 11:34:21 - [MESSAGE][PASSED] - Delayed 4 second(s)

2019-05-10 11:34:21 - [TEST_STEP][PASSED] - if (verifyElementPresent(findTestObject("Page_BugsUI Dashboard/span_Dashboard"), 0)): null

2019-05-10 11:34:21 - [MESSAGE][WARNING] - Timeout '0' is invalid. Using default page load timeout: '30'

2019-05-10 11:34:21 - [MESSAGE][PASSED] - Object 'Object Repository/Page_BugsUI Dashboard/span_Dashboard' is present

2019-05-10 11:34:21 - [TEST_STEP][PASSED] - if (verifyElementPresent(findTestObject("Page_BugsUI Dashboard/a_New Bug"), 3)): Object: 'Object Repository/Page_BugsUI Dashboard/a_New Bug' is clicked on

2019-05-10 11:34:21 - [MESSAGE][PASSED] - Object 'Object Repository/Page_BugsUI Dashboard/a_New Bug' is present

2019-05-10 11:34:21 - [TEST_STEP][PASSED] - click(findTestObject("Page_BugsUI Dashboard/a_New Bug")): Object: 'Object Repository/Page_BugsUI Dashboard/a_New Bug' is clicked on

2019-05-10 11:34:21 - [MESSAGE][PASSED] - Object: 'Object Repository/Page_BugsUI Dashboard/a_New Bug' is clicked on

2019-05-10 11:34:21 - [TEST_STEP][PASSED] - delay(3): Delayed 3 second(s)

2019-05-10 11:34:24 - [MESSAGE][PASSED] - Delayed 3 second(s)

2019-05-10 11:34:24 - [TEST_STEP][PASSED] - verifyElementPresent(findTestObject("Page_BugsUI New Bug/span_Raise New Bug"), 0): Object 'Object Repository/Page_BugsUI New Bug/span_Raise New Bug' is present

2019-05-10 11:34:24 - [MESSAGE][WARNING] - Timeout '0' is invalid. Using default page load timeout: '30'

2019-05-10 11:34:28 - [MESSAGE][PASSED] - Object 'Object Repository/Page_BugsUI New Bug/span_Raise New Bug' is present

2019-05-10 11:34:28 - [TEST_STEP][PASSED] - setText(findTestObject("Page_BugsUI New Bug/div_Choose Classification"), "Software"): Text 'Software' is set on object 'Object Repository/Page_BugsUI New Bug/div_Choose Classification'

2019-05-10 11:34:28 - [MESSAGE][PASSED] - Text 'Software' is set on object 'Object Repository/Page_BugsUI New Bug/div_Choose Classification'

2019-05-10 11:34:28 - [TEST_STEP][PASSED] - delay(2): Delayed 2 second(s)

2019-05-10 11:34:30 - [MESSAGE][PASSED] - Delayed 2 second(s)

2019-05-10 11:34:30 - [TEST_STEP][PASSED] - click(findTestObject("Page_BugsUI New Bug/span_Software")): Object: 'Object Repository/Page_BugsUI New Bug/span_Software' is clicked on

2019-05-10 11:34:30 - [MESSAGE][PASSED] - Object: 'Object Repository/Page_BugsUI New Bug/span_Software' is clicked on

2019-05-10 11:34:30 - [TEST_STEP][PASSED] - setText(findTestObject("Page_BugsUI New Bug/div_Choose Package"), "BugsUITest"): Text 'BugsUITest' is set on object 'Object Repository/Page_BugsUI New Bug/div_Choose Package'

2019-05-10 11:34:31 - [MESSAGE][PASSED] - Text 'BugsUITest' is set on object 'Object Repository/Page_BugsUI New Bug/div_Choose Package'

2019-05-10 11:34:31 - [TEST_STEP][PASSED] - delay(2): Delayed 2 second(s)

2019-05-10 11:34:33 - [MESSAGE][PASSED] - Delayed 2 second(s)

2019-05-10 11:34:33 - [TEST_STEP][PASSED] - click(findTestObject("Page_BugsUI New Bug/span_BugsUITest")): Object: 'Object Repository/Page_BugsUI New Bug/span_BugsUITest' is clicked on

2019-05-10 11:34:33 - [MESSAGE][PASSED] - Object: 'Object Repository/Page_BugsUI New Bug/span_BugsUITest' is clicked on

2019-05-10 11:34:33 - [TEST_STEP][PASSED] - setText(findTestObject("Page_BugsUI New Bug/div_Choose PackageVersion"), "main12"): Text 'main12' is set on object 'Object Repository/Page_BugsUI New Bug/div_Choose PackageVersion'

2019-05-10 11:34:33 - [MESSAGE][PASSED] - Text 'main12' is set on object 'Object Repository/Page_BugsUI New Bug/div_Choose PackageVersion'

2019-05-10 11:34:33 - [TEST_STEP][PASSED] - delay(3): Delayed 3 second(s)

2019-05-10 11:34:36 - [MESSAGE][PASSED] - Delayed 3 second(s)

2019-05-10 11:34:36 - [TEST_STEP][PASSED] - click(findTestObject("Page_BugsUI New Bug/span_main12_pckgVrsion")): Object: 'Object Repository/Page_BugsUI New Bug/span_main12_pckgVrsion' is clicked on

2019-05-10 11:34:36 - [MESSAGE][PASSED] - Object: 'Object Repository/Page_BugsUI New Bug/span_main12_pckgVrsion' is clicked on

2019-05-10 11:34:36 - [TEST_STEP][PASSED] - setText(findTestObject("Page_BugsUI New Bug/input_summary"), "Test automation bug"): Text 'Test automation bug' is set on object 'Object Repository/Page_BugsUI New Bug/input_summary'

2019-05-10 11:34:37 - [MESSAGE][PASSED] - Text 'Test automation bug' is set on object 'Object Repository/Page_BugsUI New Bug/input_summary'

2019-05-10 11:34:37 - [TEST_STEP][PASSED] - delay(2): Delayed 2 second(s)

2019-05-10 11:34:39 - [MESSAGE][PASSED] - Delayed 2 second(s)

2019-05-10 11:34:39 - [TEST_STEP][PASSED] - setText(findTestObject("Page_BugsUI New Bug/textarea_description"), "This bug is created for automation purpose"): Text 'This bug is created for automation purpose' is set on object 'Object Repository/Page_BugsUI New Bug/textarea_description'

2019-05-10 11:34:39 - [MESSAGE][PASSED] - Text 'This bug is created for automation purpose' is set on object 'Object Repository/Page_BugsUI New Bug/textarea_description'

2019-05-10 11:34:39 - [TEST_STEP][PASSED] - delay(3): Delayed 3 second(s)

2019-05-10 11:34:42 - [MESSAGE][PASSED] - Delayed 3 second(s)

2019-05-10 11:34:42 - [TEST_STEP][PASSED] - scrollToElement(findTestObject("Page_BugsUI New Bug/button_Raise New Bug"), 1): Scroll to object 'Object Repository/Page_BugsUI New Bug/button_Raise New Bug' successfully

2019-05-10 11:34:42 - [MESSAGE][PASSED] - Scroll to object 'Object Repository/Page_BugsUI New Bug/button_Raise New Bug' successfully

2019-05-10 11:34:42 - [TEST_STEP][PASSED] - verifyElementNotClickable(findTestObject("Page_BugsUI New Bug/input_reporter")): Object 'Object Repository/Page_BugsUI New Bug/input_reporter' is NOT clickable

2019-05-10 11:34:42 - [MESSAGE][PASSED] - Object 'Object Repository/Page_BugsUI New Bug/input_reporter' is NOT clickable

2019-05-10 11:34:42 - [TEST_STEP][PASSED] - defaultReporterName = getAttribute(findTestObject("Page_BugsUI New Bug/input_reporter"), "value"): Attribute 'value' of object 'Object Repository/Page_BugsUI New Bug/input_reporter' is: 'kumar Nagendra1 (kumar.nagendra@happiestminds.com)'

2019-05-10 11:34:42 - [MESSAGE][PASSED] - Attribute 'value' of object 'Object Repository/Page_BugsUI New Bug/input_reporter' is: 'kumar Nagendra1 (kumar.nagendra@happiestminds.com)'

2019-05-10 11:34:42 - [TEST_STEP][PASSED] - if (defaultReporterName.equals("kumar Nagendra1 (kumar.nagendra@happiestminds.com)")): null

2019-05-10 11:34:42 - [TEST_STEP][PASSED] - assert true: null

2019-05-10 11:34:42 - [TEST_STEP][PASSED] - if (verifyElementPresent(findTestObject("Page_BugsUI New Bug/button_Raise New Bug"), 0)): Object: 'Object Repository/Page_BugsUI New Bug/button_Raise New Bug' is clicked on

2019-05-10 11:34:42 - [MESSAGE][WARNING] - Timeout '0' is invalid. Using default page load timeout: '30'

2019-05-10 11:34:42 - [MESSAGE][PASSED] - Object 'Object Repository/Page_BugsUI New Bug/button_Raise New Bug' is present

2019-05-10 11:34:42 - [TEST_STEP][PASSED] - click(findTestObject("Page_BugsUI New Bug/button_Raise New Bug")): Object: 'Object Repository/Page_BugsUI New Bug/button_Raise New Bug' is clicked on

2019-05-10 11:34:43 - [MESSAGE][PASSED] - Object: 'Object Repository/Page_BugsUI New Bug/button_Raise New Bug' is clicked on

2019-05-10 11:34:43 - [TEST_STEP][PASSED] - delay(2): Delayed 2 second(s)

2019-05-10 11:34:45 - [MESSAGE][PASSED] - Delayed 2 second(s)

2019-05-10 11:34:45 - [TEST_STEP][PASSED] - closeBrowser(): Browser is closed

2019-05-10 11:34:45 - [MESSAGE][PASSED] - Browser is closed]]></system-out>
         <system-err><![CDATA[]]></system-err>
      </testcase>
      <testcase name="Test Cases/BugPage/verify_commit_for_bugPage" classname="Test Cases/BugPage/verify_commit_for_bugPage" status="FAILED">
         <failure type="FAILED" message="Test Cases/BugPage/verify_commit_for_bugPage FAILED.
Reason:
com.kms.katalon.core.exception.StepFailedException: Unable to verify object 'Object Repository/Page_BugsUI New Bug/div_Bugdetails_updated_success' is present
	at com.kms.katalon.core.webui.keyword.internal.WebUIKeywordMain.stepFailed(WebUIKeywordMain.groovy:64)
	at com.kms.katalon.core.webui.keyword.internal.WebUIKeywordMain.runKeyword(WebUIKeywordMain.groovy:26)
	at com.kms.katalon.core.webui.keyword.builtin.VerifyElementPresentKeyword.verifyElementPresent(VerifyElementPresentKeyword.groovy:92)
	at com.kms.katalon.core.webui.keyword.builtin.VerifyElementPresentKeyword.execute(VerifyElementPresentKeyword.groovy:68)
	at com.kms.katalon.core.keyword.internal.KeywordExecutor.executeKeywordForPlatform(KeywordExecutor.groovy:56)
	at com.kms.katalon.core.webui.keyword.WebUiBuiltInKeywords.verifyElementPresent(WebUiBuiltInKeywords.groovy:1434)
	at com.kms.katalon.core.webui.keyword.WebUiBuiltInKeywords$verifyElementPresent$2.call(Unknown Source)
	at verify_commit_for_bugPage.run(verify_commit_for_bugPage:97)
	at com.kms.katalon.core.main.ScriptEngine.run(ScriptEngine.java:194)
	at com.kms.katalon.core.main.ScriptEngine.runScriptAsRawText(ScriptEngine.java:119)
	at com.kms.katalon.core.main.TestCaseExecutor.runScript(TestCaseExecutor.java:336)
	at com.kms.katalon.core.main.TestCaseExecutor.doExecute(TestCaseExecutor.java:327)
	at com.kms.katalon.core.main.TestCaseExecutor.processExecutionPhase(TestCaseExecutor.java:306)
	at com.kms.katalon.core.main.TestCaseExecutor.accessMainPhase(TestCaseExecutor.java:298)
	at com.kms.katalon.core.main.TestCaseExecutor.execute(TestCaseExecutor.java:232)
	at com.kms.katalon.core.main.TestSuiteExecutor.accessTestCaseMainPhase(TestSuiteExecutor.java:129)
	at com.kms.katalon.core.main.TestSuiteExecutor.accessTestSuiteMainPhase(TestSuiteExecutor.java:112)
	at com.kms.katalon.core.main.TestSuiteExecutor.execute(TestSuiteExecutor.java:81)
	at com.kms.katalon.core.main.TestCaseMain.startTestSuite(TestCaseMain.java:157)
	at com.kms.katalon.core.main.TestCaseMain$startTestSuite$0.call(Unknown Source)
	at TempTestSuite1557468000350.run(TempTestSuite1557468000350.groovy:35)
Caused by: com.kms.katalon.core.exception.StepFailedException: com.kms.katalon.core.webui.exception.WebElementNotFoundException: Web element with id: 'Object Repository/Page_BugsUI New Bug/div_Bugdetails_updated_success' located by 'By.xpath: //div[(text() = 'Bug details updated successfully.' or . = 'Bug details updated successfully.')]' not found
	at com.kms.katalon.core.webui.keyword.internal.WebUIKeywordMain.stepFailed(WebUIKeywordMain.groovy:64)
	at com.kms.katalon.core.webui.keyword.builtin.VerifyElementPresentKeyword$_verifyElementPresent_closure1.doCall(VerifyElementPresentKeyword.groovy:85)
	at com.kms.katalon.core.webui.keyword.builtin.VerifyElementPresentKeyword$_verifyElementPresent_closure1.call(VerifyElementPresentKeyword.groovy)
	at com.kms.katalon.core.webui.keyword.internal.WebUIKeywordMain.runKeyword(WebUIKeywordMain.groovy:20)
	... 19 more
"/>
         <system-out><![CDATA[2019-05-10 11:34:45 - [TEST_CASE][FAILED] - Test Cases/BugPage/verify_commit_for_bugPage: Test Cases/BugPage/verify_commit_for_bugPage FAILED.
Reason:
com.kms.katalon.core.exception.StepFailedException: Unable to verify object 'Object Repository/Page_BugsUI New Bug/div_Bugdetails_updated_success' is present
	at com.kms.katalon.core.webui.keyword.internal.WebUIKeywordMain.stepFailed(WebUIKeywordMain.groovy:64)
	at com.kms.katalon.core.webui.keyword.internal.WebUIKeywordMain.runKeyword(WebUIKeywordMain.groovy:26)
	at com.kms.katalon.core.webui.keyword.builtin.VerifyElementPresentKeyword.verifyElementPresent(VerifyElementPresentKeyword.groovy:92)
	at com.kms.katalon.core.webui.keyword.builtin.VerifyElementPresentKeyword.execute(VerifyElementPresentKeyword.groovy:68)
	at com.kms.katalon.core.keyword.internal.KeywordExecutor.executeKeywordForPlatform(KeywordExecutor.groovy:56)
	at com.kms.katalon.core.webui.keyword.WebUiBuiltInKeywords.verifyElementPresent(WebUiBuiltInKeywords.groovy:1434)
	at com.kms.katalon.core.webui.keyword.WebUiBuiltInKeywords$verifyElementPresent$2.call(Unknown Source)
	at verify_commit_for_bugPage.run(verify_commit_for_bugPage:97)
	at com.kms.katalon.core.main.ScriptEngine.run(ScriptEngine.java:194)
	at com.kms.katalon.core.main.ScriptEngine.runScriptAsRawText(ScriptEngine.java:119)
	at com.kms.katalon.core.main.TestCaseExecutor.runScript(TestCaseExecutor.java:336)
	at com.kms.katalon.core.main.TestCaseExecutor.doExecute(TestCaseExecutor.java:327)
	at com.kms.katalon.core.main.TestCaseExecutor.processExecutionPhase(TestCaseExecutor.java:306)
	at com.kms.katalon.core.main.TestCaseExecutor.accessMainPhase(TestCaseExecutor.java:298)
	at com.kms.katalon.core.main.TestCaseExecutor.execute(TestCaseExecutor.java:232)
	at com.kms.katalon.core.main.TestSuiteExecutor.accessTestCaseMainPhase(TestSuiteExecutor.java:129)
	at com.kms.katalon.core.main.TestSuiteExecutor.accessTestSuiteMainPhase(TestSuiteExecutor.java:112)
	at com.kms.katalon.core.main.TestSuiteExecutor.execute(TestSuiteExecutor.java:81)
	at com.kms.katalon.core.main.TestCaseMain.startTestSuite(TestCaseMain.java:157)
	at com.kms.katalon.core.main.TestCaseMain$startTestSuite$0.call(Unknown Source)
	at TempTestSuite1557468000350.run(TempTestSuite1557468000350.groovy:35)
Caused by: com.kms.katalon.core.exception.StepFailedException: com.kms.katalon.core.webui.exception.WebElementNotFoundException: Web element with id: 'Object Repository/Page_BugsUI New Bug/div_Bugdetails_updated_success' located by 'By.xpath: //div[(text() = 'Bug details updated successfully.' or . = 'Bug details updated successfully.')]' not found
	at com.kms.katalon.core.webui.keyword.internal.WebUIKeywordMain.stepFailed(WebUIKeywordMain.groovy:64)
	at com.kms.katalon.core.webui.keyword.builtin.VerifyElementPresentKeyword$_verifyElementPresent_closure1.doCall(VerifyElementPresentKeyword.groovy:85)
	at com.kms.katalon.core.webui.keyword.builtin.VerifyElementPresentKeyword$_verifyElementPresent_closure1.call(VerifyElementPresentKeyword.groovy)
	at com.kms.katalon.core.webui.keyword.internal.WebUIKeywordMain.runKeyword(WebUIKeywordMain.groovy:20)
	... 19 more


2019-05-10 11:34:46 - [TEST_STEP][PASSED] - openBrowser(""): Browser is opened with url: ''

2019-05-10 11:34:46 - [MESSAGE][INFO] - Starting 'Chrome' driver

2019-05-10 11:34:47 - [MESSAGE][PASSED] - Browser is opened with url: ''

2019-05-10 11:34:47 - [TEST_STEP][PASSED] - navigateToUrl(applicationUrl): Navigate to 'https://le-bugsui.staging.corp.arista.io/dashboard' successfully

2019-05-10 11:35:02 - [MESSAGE][PASSED] - Navigate to 'https://le-bugsui.staging.corp.arista.io/dashboard' successfully

2019-05-10 11:35:02 - [TEST_STEP][PASSED] - delay(3): Delayed 3 second(s)

2019-05-10 11:35:05 - [MESSAGE][PASSED] - Delayed 3 second(s)

2019-05-10 11:35:05 - [TEST_STEP][PASSED] - reusable.loginBugZillaUI.login(): reusable.loginBugZillaUI.login is PASSED

2019-05-10 11:35:05 - [MESSAGE][PASSED] - Current window maximized

2019-05-10 11:35:05 - [MESSAGE][PASSED] - Text 'knagendra-ext' is set on object 'Object Repository/Page_BugsUI/input_username'

2019-05-10 11:35:06 - [MESSAGE][PASSED] - Text 'Kum1!@#$%^&*()ar' is set on object 'Object Repository/Page_BugsUI/input_password'

2019-05-10 11:35:06 - [MESSAGE][PASSED] - Object 'Object Repository/Page_BugsUI/button_Login' is clickable

2019-05-10 11:35:06 - [MESSAGE][PASSED] - Object: 'Object Repository/Page_BugsUI/button_Login' is clicked on

2019-05-10 11:35:06 - [MESSAGE][PASSED] - reusable.loginBugZillaUI.login is PASSED

2019-05-10 11:35:06 - [TEST_STEP][PASSED] - delay(4): Delayed 4 second(s)

2019-05-10 11:35:10 - [MESSAGE][PASSED] - Delayed 4 second(s)

2019-05-10 11:35:10 - [TEST_STEP][PASSED] - verifyElementPresent(findTestObject("Page_BugsUI Dashboard/span_Dashboard"), 0): Object 'Object Repository/Page_BugsUI Dashboard/span_Dashboard' is present

2019-05-10 11:35:10 - [MESSAGE][WARNING] - Timeout '0' is invalid. Using default page load timeout: '30'

2019-05-10 11:35:10 - [MESSAGE][PASSED] - Object 'Object Repository/Page_BugsUI Dashboard/span_Dashboard' is present

2019-05-10 11:35:10 - [TEST_STEP][PASSED] - if (verifyElementPresent(findTestObject("Page_BugsUI Dashboard/input_Edit_search"), 0)): Object: 'Object Repository/Page_BugsUI Dashboard/span_search_buttonIcon' is clicked on

2019-05-10 11:35:10 - [MESSAGE][WARNING] - Timeout '0' is invalid. Using default page load timeout: '30'

2019-05-10 11:35:10 - [MESSAGE][PASSED] - Object 'Object Repository/Page_BugsUI Dashboard/input_Edit_search' is present

2019-05-10 11:35:10 - [TEST_STEP][PASSED] - setText(findTestObject("Page_BugsUI Dashboard/input_Edit_search"), "255666"): Text '255666' is set on object 'Object Repository/Page_BugsUI Dashboard/input_Edit_search'

2019-05-10 11:35:10 - [MESSAGE][PASSED] - Text '255666' is set on object 'Object Repository/Page_BugsUI Dashboard/input_Edit_search'

2019-05-10 11:35:10 - [TEST_STEP][PASSED] - delay(1): Delayed 1 second(s)

2019-05-10 11:35:11 - [MESSAGE][PASSED] - Delayed 1 second(s)

2019-05-10 11:35:11 - [TEST_STEP][PASSED] - click(findTestObject("Page_BugsUI Dashboard/span_search_buttonIcon")): Object: 'Object Repository/Page_BugsUI Dashboard/span_search_buttonIcon' is clicked on

2019-05-10 11:35:11 - [MESSAGE][PASSED] - Object: 'Object Repository/Page_BugsUI Dashboard/span_search_buttonIcon' is clicked on

2019-05-10 11:35:11 - [TEST_STEP][PASSED] - delay(20): Delayed 20 second(s)

2019-05-10 11:35:31 - [MESSAGE][PASSED] - Delayed 20 second(s)

2019-05-10 11:35:31 - [TEST_STEP][PASSED] - if (verifyElementPresent(findTestObject("Page_BugsUI New Bug/label_Bug 255666"), 0)): null

2019-05-10 11:35:31 - [MESSAGE][WARNING] - Timeout '0' is invalid. Using default page load timeout: '30'

2019-05-10 11:35:31 - [MESSAGE][PASSED] - Object 'Object Repository/Page_BugsUI New Bug/label_Bug 255666' is present

2019-05-10 11:35:31 - [TEST_STEP][PASSED] - bugNo = getText(findTestObject("Page_BugsUI New Bug/label_Bug 255666")): Text of object 'Object Repository/Page_BugsUI New Bug/label_Bug 255666' is: 'Bug# 255666:'

2019-05-10 11:35:31 - [MESSAGE][PASSED] - Text of object 'Object Repository/Page_BugsUI New Bug/label_Bug 255666' is: 'Bug# 255666:'

2019-05-10 11:35:31 - [TEST_STEP][PASSED] - if (bugNo.contains("255666")): null

2019-05-10 11:35:31 - [TEST_STEP][PASSED] - assert true: null

2019-05-10 11:35:31 - [TEST_STEP][PASSED] - verifyElementPresent(findTestObject("Page_BugsUI New Bug/bugInfo_accordion"), 0): Object 'Object Repository/Page_BugsUI New Bug/bugInfo_accordion' is present

2019-05-10 11:35:31 - [MESSAGE][WARNING] - Timeout '0' is invalid. Using default page load timeout: '30'

2019-05-10 11:35:31 - [MESSAGE][PASSED] - Object 'Object Repository/Page_BugsUI New Bug/bugInfo_accordion' is present

2019-05-10 11:35:31 - [TEST_STEP][PASSED] - isBugInfoAccordionExpanded = getAttribute(findTestObject("Page_BugsUI New Bug/bugInfo_accordion"), "aria-expanded"): Attribute 'aria-expanded' of object 'Object Repository/Page_BugsUI New Bug/bugInfo_accordion' is: 'false'

2019-05-10 11:35:31 - [MESSAGE][PASSED] - Attribute 'aria-expanded' of object 'Object Repository/Page_BugsUI New Bug/bugInfo_accordion' is: 'false'

2019-05-10 11:35:31 - [TEST_STEP][PASSED] - if (isBugInfoAccordionExpanded.equals("false")): null

2019-05-10 11:35:31 - [TEST_STEP][PASSED] - click(findTestObject("Page_BugsUI New Bug/bugInfo_accordion")): Object: 'Object Repository/Page_BugsUI New Bug/bugInfo_accordion' is clicked on

2019-05-10 11:35:31 - [MESSAGE][PASSED] - Object: 'Object Repository/Page_BugsUI New Bug/bugInfo_accordion' is clicked on

2019-05-10 11:35:31 - [TEST_STEP][PASSED] - delay(2): Delayed 2 second(s)

2019-05-10 11:35:33 - [MESSAGE][PASSED] - Delayed 2 second(s)

2019-05-10 11:35:33 - [TEST_STEP][PASSED] - if (verifyElementPresent(findTestObject("Page_BugsUI New Bug/input_BugAlias"), 0)): null

2019-05-10 11:35:33 - [MESSAGE][WARNING] - Timeout '0' is invalid. Using default page load timeout: '30'

2019-05-10 11:35:33 - [MESSAGE][PASSED] - Object 'Object Repository/Page_BugsUI New Bug/input_BugAlias' is present

2019-05-10 11:35:33 - [TEST_STEP][PASSED] - setText(findTestObject("Page_BugsUI New Bug/input_BugAlias"), "123Test"): Text '123Test' is set on object 'Object Repository/Page_BugsUI New Bug/input_BugAlias'

2019-05-10 11:35:34 - [MESSAGE][PASSED] - Text '123Test' is set on object 'Object Repository/Page_BugsUI New Bug/input_BugAlias'

2019-05-10 11:35:34 - [TEST_STEP][PASSED] - delay(1): Delayed 1 second(s)

2019-05-10 11:35:35 - [MESSAGE][PASSED] - Delayed 1 second(s)

2019-05-10 11:35:35 - [TEST_STEP][PASSED] - if (verifyElementClickable(findTestObject("Page_BugsUI New Bug/topButton_Commit"))): Object: 'Object Repository/Page_BugsUI New Bug/topButton_Commit' is clicked on

2019-05-10 11:35:35 - [MESSAGE][PASSED] - Object 'Object Repository/Page_BugsUI New Bug/topButton_Commit' is clickable

2019-05-10 11:35:35 - [TEST_STEP][PASSED] - click(findTestObject("Page_BugsUI New Bug/topButton_Commit")): Object: 'Object Repository/Page_BugsUI New Bug/topButton_Commit' is clicked on

2019-05-10 11:35:35 - [MESSAGE][PASSED] - Object: 'Object Repository/Page_BugsUI New Bug/topButton_Commit' is clicked on

2019-05-10 11:35:35 - [TEST_STEP][PASSED] - delay(2): Delayed 2 second(s)

2019-05-10 11:35:37 - [MESSAGE][PASSED] - Delayed 2 second(s)

2019-05-10 11:35:37 - [TEST_STEP][FAILED] - if (verifyElementPresent(findTestObject("Page_BugsUI New Bug/div_Bugdetails_updated_success"), 2)): Unable to verify object 'Object Repository/Page_BugsUI New Bug/div_Bugdetails_updated_success' is present (Root cause: com.kms.katalon.core.exception.StepFailedException: Unable to verify object 'Object Repository/Page_BugsUI New Bug/div_Bugdetails_updated_success' is present
	at com.kms.katalon.core.webui.keyword.internal.WebUIKeywordMain.stepFailed(WebUIKeywordMain.groovy:64)
	at com.kms.katalon.core.webui.keyword.internal.WebUIKeywordMain.runKeyword(WebUIKeywordMain.groovy:26)
	at com.kms.katalon.core.webui.keyword.builtin.VerifyElementPresentKeyword.verifyElementPresent(VerifyElementPresentKeyword.groovy:92)
	at com.kms.katalon.core.webui.keyword.builtin.VerifyElementPresentKeyword.execute(VerifyElementPresentKeyword.groovy:68)
	at com.kms.katalon.core.keyword.internal.KeywordExecutor.executeKeywordForPlatform(KeywordExecutor.groovy:56)
	at com.kms.katalon.core.webui.keyword.WebUiBuiltInKeywords.verifyElementPresent(WebUiBuiltInKeywords.groovy:1434)
	at com.kms.katalon.core.webui.keyword.WebUiBuiltInKeywords$verifyElementPresent$2.call(Unknown Source)
	at verify_commit_for_bugPage.run(verify_commit_for_bugPage:97)
	at com.kms.katalon.core.main.ScriptEngine.run(ScriptEngine.java:194)
	at com.kms.katalon.core.main.ScriptEngine.runScriptAsRawText(ScriptEngine.java:119)
	at com.kms.katalon.core.main.TestCaseExecutor.runScript(TestCaseExecutor.java:336)
	at com.kms.katalon.core.main.TestCaseExecutor.doExecute(TestCaseExecutor.java:327)
	at com.kms.katalon.core.main.TestCaseExecutor.processExecutionPhase(TestCaseExecutor.java:306)
	at com.kms.katalon.core.main.TestCaseExecutor.accessMainPhase(TestCaseExecutor.java:298)
	at com.kms.katalon.core.main.TestCaseExecutor.execute(TestCaseExecutor.java:232)
	at com.kms.katalon.core.main.TestSuiteExecutor.accessTestCaseMainPhase(TestSuiteExecutor.java:129)
	at com.kms.katalon.core.main.TestSuiteExecutor.accessTestSuiteMainPhase(TestSuiteExecutor.java:112)
	at com.kms.katalon.core.main.TestSuiteExecutor.execute(TestSuiteExecutor.java:81)
	at com.kms.katalon.core.main.TestCaseMain.startTestSuite(TestCaseMain.java:157)
	at com.kms.katalon.core.main.TestCaseMain$startTestSuite$0.call(Unknown Source)
	at TempTestSuite1557468000350.run(TempTestSuite1557468000350.groovy:35)
Caused by: com.kms.katalon.core.exception.StepFailedException: com.kms.katalon.core.webui.exception.WebElementNotFoundException: Web element with id: 'Object Repository/Page_BugsUI New Bug/div_Bugdetails_updated_success' located by 'By.xpath: //div[(text() = 'Bug details updated successfully.' or . = 'Bug details updated successfully.')]' not found
	at com.kms.katalon.core.webui.keyword.internal.WebUIKeywordMain.stepFailed(WebUIKeywordMain.groovy:64)
	at com.kms.katalon.core.webui.keyword.builtin.VerifyElementPresentKeyword$_verifyElementPresent_closure1.doCall(VerifyElementPresentKeyword.groovy:85)
	at com.kms.katalon.core.webui.keyword.builtin.VerifyElementPresentKeyword$_verifyElementPresent_closure1.call(VerifyElementPresentKeyword.groovy)
	at com.kms.katalon.core.webui.keyword.internal.WebUIKeywordMain.runKeyword(WebUIKeywordMain.groovy:20)
	... 19 more
)

2019-05-10 11:35:39 - [MESSAGE][INFO] - Unable to find the element located by 'By.xpath: //div[(text() = 'Bug details updated successfully.' or . = 'Bug details updated successfully.')]'. Please recheck the objects properties to make sure the desired element is located. 

2019-05-10 11:35:40 - [MESSAGE][FAILED] - com.kms.katalon.core.webui.exception.WebElementNotFoundException: Web element with id: 'Object Repository/Page_BugsUI New Bug/div_Bugdetails_updated_success' located by 'By.xpath: //div[(text() = 'Bug details updated successfully.' or . = 'Bug details updated successfully.')]' not found (Root cause: com.kms.katalon.core.exception.StepFailedException: com.kms.katalon.core.webui.exception.WebElementNotFoundException: Web element with id: 'Object Repository/Page_BugsUI New Bug/div_Bugdetails_updated_success' located by 'By.xpath: //div[(text() = 'Bug details updated successfully.' or . = 'Bug details updated successfully.')]' not found
	at com.kms.katalon.core.webui.keyword.internal.WebUIKeywordMain.stepFailed(WebUIKeywordMain.groovy:64)
	at com.kms.katalon.core.webui.keyword.builtin.VerifyElementPresentKeyword$_verifyElementPresent_closure1.doCall(VerifyElementPresentKeyword.groovy:85)
	at com.kms.katalon.core.webui.keyword.builtin.VerifyElementPresentKeyword$_verifyElementPresent_closure1.call(VerifyElementPresentKeyword.groovy)
	at com.kms.katalon.core.webui.keyword.internal.WebUIKeywordMain.runKeyword(WebUIKeywordMain.groovy:20)
	at com.kms.katalon.core.webui.keyword.builtin.VerifyElementPresentKeyword.verifyElementPresent(VerifyElementPresentKeyword.groovy:92)
	at com.kms.katalon.core.webui.keyword.builtin.VerifyElementPresentKeyword.execute(VerifyElementPresentKeyword.groovy:68)
	at com.kms.katalon.core.keyword.internal.KeywordExecutor.executeKeywordForPlatform(KeywordExecutor.groovy:56)
	at com.kms.katalon.core.webui.keyword.WebUiBuiltInKeywords.verifyElementPresent(WebUiBuiltInKeywords.groovy:1434)
	at com.kms.katalon.core.webui.keyword.WebUiBuiltInKeywords$verifyElementPresent$2.call(Unknown Source)
	at verify_commit_for_bugPage.run(verify_commit_for_bugPage:97)
	at com.kms.katalon.core.main.ScriptEngine.run(ScriptEngine.java:194)
	at com.kms.katalon.core.main.ScriptEngine.runScriptAsRawText(ScriptEngine.java:119)
	at com.kms.katalon.core.main.TestCaseExecutor.runScript(TestCaseExecutor.java:336)
	at com.kms.katalon.core.main.TestCaseExecutor.doExecute(TestCaseExecutor.java:327)
	at com.kms.katalon.core.main.TestCaseExecutor.processExecutionPhase(TestCaseExecutor.java:306)
	at com.kms.katalon.core.main.TestCaseExecutor.accessMainPhase(TestCaseExecutor.java:298)
	at com.kms.katalon.core.main.TestCaseExecutor.execute(TestCaseExecutor.java:232)
	at com.kms.katalon.core.main.TestSuiteExecutor.accessTestCaseMainPhase(TestSuiteExecutor.java:129)
	at com.kms.katalon.core.main.TestSuiteExecutor.accessTestSuiteMainPhase(TestSuiteExecutor.java:112)
	at com.kms.katalon.core.main.TestSuiteExecutor.execute(TestSuiteExecutor.java:81)
	at com.kms.katalon.core.main.TestCaseMain.startTestSuite(TestCaseMain.java:157)
	at com.kms.katalon.core.main.TestCaseMain$startTestSuite$0.call(Unknown Source)
	at TempTestSuite1557468000350.run(TempTestSuite1557468000350.groovy:35)
)
[[ATTACHMENT|C:\\New-Bugzilla-Application\\Automation\\New_Bugzilla-UI-V2\\Reports\\SmokeSuite\\20190510_113000\\1557468339647.png]]

2019-05-10 11:35:40 - [MESSAGE][FAILED] - Unable to verify object 'Object Repository/Page_BugsUI New Bug/div_Bugdetails_updated_success' is present (Root cause: com.kms.katalon.core.exception.StepFailedException: Unable to verify object 'Object Repository/Page_BugsUI New Bug/div_Bugdetails_updated_success' is present
	at com.kms.katalon.core.webui.keyword.internal.WebUIKeywordMain.stepFailed(WebUIKeywordMain.groovy:64)
	at com.kms.katalon.core.webui.keyword.internal.WebUIKeywordMain.runKeyword(WebUIKeywordMain.groovy:26)
	at com.kms.katalon.core.webui.keyword.builtin.VerifyElementPresentKeyword.verifyElementPresent(VerifyElementPresentKeyword.groovy:92)
	at com.kms.katalon.core.webui.keyword.builtin.VerifyElementPresentKeyword.execute(VerifyElementPresentKeyword.groovy:68)
	at com.kms.katalon.core.keyword.internal.KeywordExecutor.executeKeywordForPlatform(KeywordExecutor.groovy:56)
	at com.kms.katalon.core.webui.keyword.WebUiBuiltInKeywords.verifyElementPresent(WebUiBuiltInKeywords.groovy:1434)
	at com.kms.katalon.core.webui.keyword.WebUiBuiltInKeywords$verifyElementPresent$2.call(Unknown Source)
	at verify_commit_for_bugPage.run(verify_commit_for_bugPage:97)
	at com.kms.katalon.core.main.ScriptEngine.run(ScriptEngine.java:194)
	at com.kms.katalon.core.main.ScriptEngine.runScriptAsRawText(ScriptEngine.java:119)
	at com.kms.katalon.core.main.TestCaseExecutor.runScript(TestCaseExecutor.java:336)
	at com.kms.katalon.core.main.TestCaseExecutor.doExecute(TestCaseExecutor.java:327)
	at com.kms.katalon.core.main.TestCaseExecutor.processExecutionPhase(TestCaseExecutor.java:306)
	at com.kms.katalon.core.main.TestCaseExecutor.accessMainPhase(TestCaseExecutor.java:298)
	at com.kms.katalon.core.main.TestCaseExecutor.execute(TestCaseExecutor.java:232)
	at com.kms.katalon.core.main.TestSuiteExecutor.accessTestCaseMainPhase(TestSuiteExecutor.java:129)
	at com.kms.katalon.core.main.TestSuiteExecutor.accessTestSuiteMainPhase(TestSuiteExecutor.java:112)
	at com.kms.katalon.core.main.TestSuiteExecutor.execute(TestSuiteExecutor.java:81)
	at com.kms.katalon.core.main.TestCaseMain.startTestSuite(TestCaseMain.java:157)
	at com.kms.katalon.core.main.TestCaseMain$startTestSuite$0.call(Unknown Source)
	at TempTestSuite1557468000350.run(TempTestSuite1557468000350.groovy:35)
Caused by: com.kms.katalon.core.exception.StepFailedException: com.kms.katalon.core.webui.exception.WebElementNotFoundException: Web element with id: 'Object Repository/Page_BugsUI New Bug/div_Bugdetails_updated_success' located by 'By.xpath: //div[(text() = 'Bug details updated successfully.' or . = 'Bug details updated successfully.')]' not found
	at com.kms.katalon.core.webui.keyword.internal.WebUIKeywordMain.stepFailed(WebUIKeywordMain.groovy:64)
	at com.kms.katalon.core.webui.keyword.builtin.VerifyElementPresentKeyword$_verifyElementPresent_closure1.doCall(VerifyElementPresentKeyword.groovy:85)
	at com.kms.katalon.core.webui.keyword.builtin.VerifyElementPresentKeyword$_verifyElementPresent_closure1.call(VerifyElementPresentKeyword.groovy)
	at com.kms.katalon.core.webui.keyword.internal.WebUIKeywordMain.runKeyword(WebUIKeywordMain.groovy:20)
	... 19 more
)
[[ATTACHMENT|C:\\New-Bugzilla-Application\\Automation\\New_Bugzilla-UI-V2\\Reports\\SmokeSuite\\20190510_113000\\1557468340141.png]]]]></system-out>
         <system-err><![CDATA[2019-05-10 11:34:45 - [TEST_CASE][FAILED] - Test Cases/BugPage/verify_commit_for_bugPage: Test Cases/BugPage/verify_commit_for_bugPage FAILED.
Reason:
com.kms.katalon.core.exception.StepFailedException: Unable to verify object 'Object Repository/Page_BugsUI New Bug/div_Bugdetails_updated_success' is present
	at com.kms.katalon.core.webui.keyword.internal.WebUIKeywordMain.stepFailed(WebUIKeywordMain.groovy:64)
	at com.kms.katalon.core.webui.keyword.internal.WebUIKeywordMain.runKeyword(WebUIKeywordMain.groovy:26)
	at com.kms.katalon.core.webui.keyword.builtin.VerifyElementPresentKeyword.verifyElementPresent(VerifyElementPresentKeyword.groovy:92)
	at com.kms.katalon.core.webui.keyword.builtin.VerifyElementPresentKeyword.execute(VerifyElementPresentKeyword.groovy:68)
	at com.kms.katalon.core.keyword.internal.KeywordExecutor.executeKeywordForPlatform(KeywordExecutor.groovy:56)
	at com.kms.katalon.core.webui.keyword.WebUiBuiltInKeywords.verifyElementPresent(WebUiBuiltInKeywords.groovy:1434)
	at com.kms.katalon.core.webui.keyword.WebUiBuiltInKeywords$verifyElementPresent$2.call(Unknown Source)
	at verify_commit_for_bugPage.run(verify_commit_for_bugPage:97)
	at com.kms.katalon.core.main.ScriptEngine.run(ScriptEngine.java:194)
	at com.kms.katalon.core.main.ScriptEngine.runScriptAsRawText(ScriptEngine.java:119)
	at com.kms.katalon.core.main.TestCaseExecutor.runScript(TestCaseExecutor.java:336)
	at com.kms.katalon.core.main.TestCaseExecutor.doExecute(TestCaseExecutor.java:327)
	at com.kms.katalon.core.main.TestCaseExecutor.processExecutionPhase(TestCaseExecutor.java:306)
	at com.kms.katalon.core.main.TestCaseExecutor.accessMainPhase(TestCaseExecutor.java:298)
	at com.kms.katalon.core.main.TestCaseExecutor.execute(TestCaseExecutor.java:232)
	at com.kms.katalon.core.main.TestSuiteExecutor.accessTestCaseMainPhase(TestSuiteExecutor.java:129)
	at com.kms.katalon.core.main.TestSuiteExecutor.accessTestSuiteMainPhase(TestSuiteExecutor.java:112)
	at com.kms.katalon.core.main.TestSuiteExecutor.execute(TestSuiteExecutor.java:81)
	at com.kms.katalon.core.main.TestCaseMain.startTestSuite(TestCaseMain.java:157)
	at com.kms.katalon.core.main.TestCaseMain$startTestSuite$0.call(Unknown Source)
	at TempTestSuite1557468000350.run(TempTestSuite1557468000350.groovy:35)
Caused by: com.kms.katalon.core.exception.StepFailedException: com.kms.katalon.core.webui.exception.WebElementNotFoundException: Web element with id: 'Object Repository/Page_BugsUI New Bug/div_Bugdetails_updated_success' located by 'By.xpath: //div[(text() = 'Bug details updated successfully.' or . = 'Bug details updated successfully.')]' not found
	at com.kms.katalon.core.webui.keyword.internal.WebUIKeywordMain.stepFailed(WebUIKeywordMain.groovy:64)
	at com.kms.katalon.core.webui.keyword.builtin.VerifyElementPresentKeyword$_verifyElementPresent_closure1.doCall(VerifyElementPresentKeyword.groovy:85)
	at com.kms.katalon.core.webui.keyword.builtin.VerifyElementPresentKeyword$_verifyElementPresent_closure1.call(VerifyElementPresentKeyword.groovy)
	at com.kms.katalon.core.webui.keyword.internal.WebUIKeywordMain.runKeyword(WebUIKeywordMain.groovy:20)
	... 19 more]]></system-err>
      </testcase>
      <testcase name="Test Cases/BugPage/verify_addingComments" classname="Test Cases/BugPage/verify_addingComments" status="PASSED">
         <system-out><![CDATA[2019-05-10 11:35:40 - [TEST_CASE][PASSED] - Test Cases/BugPage/verify_addingComments: Test Cases/BugPage/verify_addingComments

2019-05-10 11:35:40 - [TEST_STEP][PASSED] - delay(2): Delayed 2 second(s)

2019-05-10 11:35:42 - [MESSAGE][PASSED] - Delayed 2 second(s)

2019-05-10 11:35:42 - [TEST_STEP][PASSED] - scrollToElement(findTestObject("Page_BugsUI New Bug/select_commentOrder_dropdown"), 0): Scroll to object 'Object Repository/Page_BugsUI New Bug/select_commentOrder_dropdown' successfully

2019-05-10 11:35:42 - [MESSAGE][WARNING] - Timeout '0' is invalid. Using default page load timeout: '30'

2019-05-10 11:35:42 - [MESSAGE][PASSED] - Scroll to object 'Object Repository/Page_BugsUI New Bug/select_commentOrder_dropdown' successfully

2019-05-10 11:35:42 - [TEST_STEP][PASSED] - delay(2): Delayed 2 second(s)

2019-05-10 11:35:44 - [MESSAGE][PASSED] - Delayed 2 second(s)

2019-05-10 11:35:44 - [TEST_STEP][PASSED] - setText(findTestObject("Page_BugsUI New Bug/textarea_Add Comment"), "Testing comment for Automation"): Text 'Testing comment for Automation' is set on object 'Object Repository/Page_BugsUI New Bug/textarea_Add Comment'

2019-05-10 11:35:45 - [MESSAGE][PASSED] - Text 'Testing comment for Automation' is set on object 'Object Repository/Page_BugsUI New Bug/textarea_Add Comment'

2019-05-10 11:35:45 - [TEST_STEP][PASSED] - delay(3): Delayed 3 second(s)

2019-05-10 11:35:48 - [MESSAGE][PASSED] - Delayed 3 second(s)

2019-05-10 11:35:48 - [TEST_STEP][PASSED] - if (verifyElementClickable(findTestObject("Page_BugsUI New Bug/bottom_button_Commit"))): Object: 'Object Repository/Page_BugsUI New Bug/bottom_button_Commit' is clicked on

2019-05-10 11:35:48 - [MESSAGE][PASSED] - Object 'Object Repository/Page_BugsUI New Bug/bottom_button_Commit' is clickable

2019-05-10 11:35:48 - [TEST_STEP][PASSED] - click(findTestObject("Page_BugsUI New Bug/bottom_button_Commit")): Object: 'Object Repository/Page_BugsUI New Bug/bottom_button_Commit' is clicked on

2019-05-10 11:35:48 - [MESSAGE][PASSED] - Object: 'Object Repository/Page_BugsUI New Bug/bottom_button_Commit' is clicked on

2019-05-10 11:35:48 - [TEST_STEP][PASSED] - delay(2): Delayed 2 second(s)

2019-05-10 11:35:50 - [MESSAGE][PASSED] - Delayed 2 second(s)

2019-05-10 11:35:50 - [TEST_STEP][PASSED] - if (verifyElementPresent(findTestObject("Page_BugsUI New Bug/div_Bugdetails_updated_success"), 0)): null

2019-05-10 11:35:50 - [MESSAGE][WARNING] - Timeout '0' is invalid. Using default page load timeout: '30'

2019-05-10 11:35:50 - [MESSAGE][PASSED] - Object 'Object Repository/Page_BugsUI New Bug/div_Bugdetails_updated_success' is present

2019-05-10 11:35:50 - [TEST_STEP][PASSED] - bugNo = getText(findTestObject("Page_BugsUI New Bug/div_Bugdetails_updated_success")): Text of object 'Object Repository/Page_BugsUI New Bug/div_Bugdetails_updated_success' is: 'Bug details updated successfully.'

2019-05-10 11:35:50 - [MESSAGE][PASSED] - Text of object 'Object Repository/Page_BugsUI New Bug/div_Bugdetails_updated_success' is: 'Bug details updated successfully.'

2019-05-10 11:35:50 - [TEST_STEP][PASSED] - if (bugNo.equals("Bug details updated successfully.")): null

2019-05-10 11:35:50 - [TEST_STEP][PASSED] - assert true: null

2019-05-10 11:35:50 - [TEST_STEP][PASSED] - delay(2): Delayed 2 second(s)

2019-05-10 11:35:52 - [MESSAGE][PASSED] - Delayed 2 second(s)

2019-05-10 11:35:52 - [TEST_STEP][PASSED] - scrollToElement(findTestObject("Page_BugsUI New Bug/logs_accordion"), 0): Scroll to object 'Object Repository/Page_BugsUI New Bug/logs_accordion' successfully

2019-05-10 11:35:52 - [MESSAGE][WARNING] - Timeout '0' is invalid. Using default page load timeout: '30'

2019-05-10 11:35:52 - [MESSAGE][PASSED] - Scroll to object 'Object Repository/Page_BugsUI New Bug/logs_accordion' successfully

2019-05-10 11:35:52 - [TEST_STEP][PASSED] - delay(2): Delayed 2 second(s)

2019-05-10 11:35:54 - [MESSAGE][PASSED] - Delayed 2 second(s)

2019-05-10 11:35:54 - [TEST_STEP][PASSED] - if (verifyElementPresent(findTestObject("Page_BugsUI New Bug/select_commentOrder_dropdown"), 0)): All options with value 'desc' are selected in object 'Object Repository/Page_BugsUI New Bug/select_commentOrder_dropdown' 

2019-05-10 11:35:54 - [MESSAGE][WARNING] - Timeout '0' is invalid. Using default page load timeout: '30'

2019-05-10 11:35:54 - [MESSAGE][PASSED] - Object 'Object Repository/Page_BugsUI New Bug/select_commentOrder_dropdown' is present

2019-05-10 11:35:54 - [TEST_STEP][PASSED] - selectOptionByValue(findTestObject("Page_BugsUI New Bug/select_commentOrder_dropdown"), "desc", false): All options with value 'desc' are selected in object 'Object Repository/Page_BugsUI New Bug/select_commentOrder_dropdown' 

2019-05-10 11:35:54 - [MESSAGE][PASSED] - All options with value 'desc' are selected in object 'Object Repository/Page_BugsUI New Bug/select_commentOrder_dropdown' 

2019-05-10 11:35:54 - [TEST_STEP][PASSED] - delay(3): Delayed 3 second(s)

2019-05-10 11:35:58 - [MESSAGE][PASSED] - Delayed 3 second(s)

2019-05-10 11:35:58 - [TEST_STEP][PASSED] - if (verifyElementPresent(findTestObject("Page_BugsUI New Bug/latestComment"), 0)): null

2019-05-10 11:35:58 - [MESSAGE][WARNING] - Timeout '0' is invalid. Using default page load timeout: '30'

2019-05-10 11:35:58 - [MESSAGE][PASSED] - Object 'Object Repository/Page_BugsUI New Bug/latestComment' is present

2019-05-10 11:35:58 - [TEST_STEP][PASSED] - latestComment = getText(findTestObject("Page_BugsUI New Bug/latestComment")): Text of object 'Object Repository/Page_BugsUI New Bug/latestComment' is: 'Testing comment for Automation'

2019-05-10 11:35:58 - [MESSAGE][PASSED] - Text of object 'Object Repository/Page_BugsUI New Bug/latestComment' is: 'Testing comment for Automation'

2019-05-10 11:35:58 - [TEST_STEP][PASSED] - if (latestComment.equals("Testing comment for Automation")): null

2019-05-10 11:35:58 - [TEST_STEP][PASSED] - assert true: null

2019-05-10 11:35:58 - [TEST_STEP][PASSED] - delay(2): Delayed 2 second(s)

2019-05-10 11:36:00 - [MESSAGE][PASSED] - Delayed 2 second(s)

2019-05-10 11:36:00 - [TEST_STEP][PASSED] - closeBrowser(): Browser is closed

2019-05-10 11:36:00 - [MESSAGE][PASSED] - Browser is closed]]></system-out>
         <system-err><![CDATA[]]></system-err>
      </testcase>
      <testcase name="Test Cases/SearchPage/verify_user_able_to_search_basicflow" classname="Test Cases/SearchPage/verify_user_able_to_search_basicflow" status="PASSED">
         <system-out><![CDATA[2019-05-10 11:36:00 - [TEST_CASE][PASSED] - Test Cases/SearchPage/verify_user_able_to_search_basicflow: Test Cases/SearchPage/verify_user_able_to_search_basicflow

2019-05-10 11:36:01 - [TEST_STEP][PASSED] - openBrowser(""): Browser is opened with url: ''

2019-05-10 11:36:01 - [MESSAGE][INFO] - Starting 'Chrome' driver

2019-05-10 11:36:02 - [MESSAGE][PASSED] - Browser is opened with url: ''

2019-05-10 11:36:02 - [TEST_STEP][PASSED] - navigateToUrl(applicationUrl): Navigate to 'https://le-bugsui.staging.corp.arista.io/dashboard' successfully

2019-05-10 11:36:20 - [MESSAGE][PASSED] - Navigate to 'https://le-bugsui.staging.corp.arista.io/dashboard' successfully

2019-05-10 11:36:20 - [TEST_STEP][PASSED] - delay(3): Delayed 3 second(s)

2019-05-10 11:36:23 - [MESSAGE][PASSED] - Delayed 3 second(s)

2019-05-10 11:36:23 - [TEST_STEP][PASSED] - reusable.loginBugZillaUI.login(): reusable.loginBugZillaUI.login is PASSED

2019-05-10 11:36:23 - [MESSAGE][PASSED] - Current window maximized

2019-05-10 11:36:24 - [MESSAGE][PASSED] - Text 'knagendra-ext' is set on object 'Object Repository/Page_BugsUI/input_username'

2019-05-10 11:36:24 - [MESSAGE][PASSED] - Text 'Kum1!@#$%^&*()ar' is set on object 'Object Repository/Page_BugsUI/input_password'

2019-05-10 11:36:24 - [MESSAGE][PASSED] - Object 'Object Repository/Page_BugsUI/button_Login' is clickable

2019-05-10 11:36:24 - [MESSAGE][PASSED] - Object: 'Object Repository/Page_BugsUI/button_Login' is clicked on

2019-05-10 11:36:24 - [MESSAGE][PASSED] - reusable.loginBugZillaUI.login is PASSED

2019-05-10 11:36:24 - [TEST_STEP][PASSED] - delay(4): Delayed 4 second(s)

2019-05-10 11:36:28 - [MESSAGE][PASSED] - Delayed 4 second(s)

2019-05-10 11:36:28 - [TEST_STEP][PASSED] - if (verifyElementPresent(findTestObject("Page_BugsUI Dashboard/span_Dashboard"), 0)): null

2019-05-10 11:36:28 - [MESSAGE][WARNING] - Timeout '0' is invalid. Using default page load timeout: '30'

2019-05-10 11:36:28 - [MESSAGE][PASSED] - Object 'Object Repository/Page_BugsUI Dashboard/span_Dashboard' is present

2019-05-10 11:36:28 - [TEST_STEP][PASSED] - if (verifyElementPresent(findTestObject("Page_BugsUI Dashboard/a_Search"), 3)): Object: 'Object Repository/Page_BugsUI Dashboard/a_Search' is clicked on

2019-05-10 11:36:28 - [MESSAGE][PASSED] - Object 'Object Repository/Page_BugsUI Dashboard/a_Search' is present

2019-05-10 11:36:28 - [TEST_STEP][PASSED] - click(findTestObject("Page_BugsUI Dashboard/a_Search")): Object: 'Object Repository/Page_BugsUI Dashboard/a_Search' is clicked on

2019-05-10 11:36:28 - [MESSAGE][PASSED] - Object: 'Object Repository/Page_BugsUI Dashboard/a_Search' is clicked on

2019-05-10 11:36:28 - [TEST_STEP][PASSED] - delay(3): Delayed 3 second(s)

2019-05-10 11:36:31 - [MESSAGE][PASSED] - Delayed 3 second(s)

2019-05-10 11:36:31 - [TEST_STEP][PASSED] - setText(findTestObject("Page_Search/div_Package_search"), "BugsUITest"): Text 'BugsUITest' is set on object 'Object Repository/Page_Search/div_Package_search'

2019-05-10 11:36:33 - [MESSAGE][PASSED] - Text 'BugsUITest' is set on object 'Object Repository/Page_Search/div_Package_search'

2019-05-10 11:36:33 - [TEST_STEP][PASSED] - delay(4): Delayed 4 second(s)

2019-05-10 11:36:37 - [MESSAGE][PASSED] - Delayed 4 second(s)

2019-05-10 11:36:37 - [TEST_STEP][PASSED] - click(findTestObject("Page_Search/div_BugsUITest")): Object: 'Object Repository/Page_Search/div_BugsUITest' is clicked on

2019-05-10 11:36:37 - [MESSAGE][PASSED] - Object: 'Object Repository/Page_Search/div_BugsUITest' is clicked on

2019-05-10 11:36:37 - [TEST_STEP][PASSED] - delay(3): Delayed 3 second(s)

2019-05-10 11:36:40 - [MESSAGE][PASSED] - Delayed 3 second(s)

2019-05-10 11:36:40 - [TEST_STEP][PASSED] - if (verifyElementPresent(findTestObject("Page_Search/button_Search"), 0)): Object: 'Object Repository/Page_Search/button_Search' is clicked on

2019-05-10 11:36:40 - [MESSAGE][WARNING] - Timeout '0' is invalid. Using default page load timeout: '30'

2019-05-10 11:36:40 - [MESSAGE][PASSED] - Object 'Object Repository/Page_Search/button_Search' is present

2019-05-10 11:36:40 - [TEST_STEP][PASSED] - click(findTestObject("Page_Search/button_Search")): Object: 'Object Repository/Page_Search/button_Search' is clicked on

2019-05-10 11:36:41 - [MESSAGE][PASSED] - Object: 'Object Repository/Page_Search/button_Search' is clicked on

2019-05-10 11:36:41 - [TEST_STEP][PASSED] - delay(3): Delayed 3 second(s)

2019-05-10 11:36:44 - [MESSAGE][PASSED] - Delayed 3 second(s)

2019-05-10 11:36:44 - [TEST_STEP][PASSED] - if (verifyElementPresent(findTestObject("Page_Search/span_SearchResultBugsFound"), 0)): null

2019-05-10 11:36:44 - [MESSAGE][WARNING] - Timeout '0' is invalid. Using default page load timeout: '30'

2019-05-10 11:36:44 - [MESSAGE][PASSED] - Object 'Object Repository/Page_Search/span_SearchResultBugsFound' is present

2019-05-10 11:36:44 - [TEST_STEP][PASSED] - if (verifyElementPresent(findTestObject("Page_Search/searchResultTable"), 0)): null

2019-05-10 11:36:44 - [MESSAGE][WARNING] - Timeout '0' is invalid. Using default page load timeout: '30'

2019-05-10 11:36:44 - [MESSAGE][PASSED] - Object 'Object Repository/Page_Search/searchResultTable' is present

2019-05-10 11:36:44 - [TEST_STEP][PASSED] - assert true: null

2019-05-10 11:36:44 - [TEST_STEP][PASSED] - closeBrowser(): Browser is closed

2019-05-10 11:36:45 - [MESSAGE][PASSED] - Browser is closed]]></system-out>
         <system-err><![CDATA[]]></system-err>
      </testcase>
      <system-out><![CDATA[2019-05-10 11:30:07 - [TEST_SUITE][FAILED] - SmokeSuite: Test Cases/BugPage/verify_commit_for_bugPage FAILED.
Reason:
com.kms.katalon.core.exception.StepFailedException: Unable to verify object 'Object Repository/Page_BugsUI New Bug/div_Bugdetails_updated_success' is present
	at com.kms.katalon.core.webui.keyword.internal.WebUIKeywordMain.stepFailed(WebUIKeywordMain.groovy:64)
	at com.kms.katalon.core.webui.keyword.internal.WebUIKeywordMain.runKeyword(WebUIKeywordMain.groovy:26)
	at com.kms.katalon.core.webui.keyword.builtin.VerifyElementPresentKeyword.verifyElementPresent(VerifyElementPresentKeyword.groovy:92)
	at com.kms.katalon.core.webui.keyword.builtin.VerifyElementPresentKeyword.execute(VerifyElementPresentKeyword.groovy:68)
	at com.kms.katalon.core.keyword.internal.KeywordExecutor.executeKeywordForPlatform(KeywordExecutor.groovy:56)
	at com.kms.katalon.core.webui.keyword.WebUiBuiltInKeywords.verifyElementPresent(WebUiBuiltInKeywords.groovy:1434)
	at com.kms.katalon.core.webui.keyword.WebUiBuiltInKeywords$verifyElementPresent$2.call(Unknown Source)
	at verify_commit_for_bugPage.run(verify_commit_for_bugPage:97)
	at com.kms.katalon.core.main.ScriptEngine.run(ScriptEngine.java:194)
	at com.kms.katalon.core.main.ScriptEngine.runScriptAsRawText(ScriptEngine.java:119)
	at com.kms.katalon.core.main.TestCaseExecutor.runScript(TestCaseExecutor.java:336)
	at com.kms.katalon.core.main.TestCaseExecutor.doExecute(TestCaseExecutor.java:327)
	at com.kms.katalon.core.main.TestCaseExecutor.processExecutionPhase(TestCaseExecutor.java:306)
	at com.kms.katalon.core.main.TestCaseExecutor.accessMainPhase(TestCaseExecutor.java:298)
	at com.kms.katalon.core.main.TestCaseExecutor.execute(TestCaseExecutor.java:232)
	at com.kms.katalon.core.main.TestSuiteExecutor.accessTestCaseMainPhase(TestSuiteExecutor.java:129)
	at com.kms.katalon.core.main.TestSuiteExecutor.accessTestSuiteMainPhase(TestSuiteExecutor.java:112)
	at com.kms.katalon.core.main.TestSuiteExecutor.execute(TestSuiteExecutor.java:81)
	at com.kms.katalon.core.main.TestCaseMain.startTestSuite(TestCaseMain.java:157)
	at com.kms.katalon.core.main.TestCaseMain$startTestSuite$0.call(Unknown Source)
	at TempTestSuite1557468000350.run(TempTestSuite1557468000350.groovy:35)
Caused by: com.kms.katalon.core.exception.StepFailedException: com.kms.katalon.core.webui.exception.WebElementNotFoundException: Web element with id: 'Object Repository/Page_BugsUI New Bug/div_Bugdetails_updated_success' located by 'By.xpath: //div[(text() = 'Bug details updated successfully.' or . = 'Bug details updated successfully.')]' not found
	at com.kms.katalon.core.webui.keyword.internal.WebUIKeywordMain.stepFailed(WebUIKeywordMain.groovy:64)
	at com.kms.katalon.core.webui.keyword.builtin.VerifyElementPresentKeyword$_verifyElementPresent_closure1.doCall(VerifyElementPresentKeyword.groovy:85)
	at com.kms.katalon.core.webui.keyword.builtin.VerifyElementPresentKeyword$_verifyElementPresent_closure1.call(VerifyElementPresentKeyword.groovy)
	at com.kms.katalon.core.webui.keyword.internal.WebUIKeywordMain.runKeyword(WebUIKeywordMain.groovy:20)
	... 19 more]]></system-out>
      <system-err><![CDATA[2019-05-10 11:30:07 - [TEST_SUITE][FAILED] - SmokeSuite: Test Cases/BugPage/verify_commit_for_bugPage FAILED.
Reason:
com.kms.katalon.core.exception.StepFailedException: Unable to verify object 'Object Repository/Page_BugsUI New Bug/div_Bugdetails_updated_success' is present
	at com.kms.katalon.core.webui.keyword.internal.WebUIKeywordMain.stepFailed(WebUIKeywordMain.groovy:64)
	at com.kms.katalon.core.webui.keyword.internal.WebUIKeywordMain.runKeyword(WebUIKeywordMain.groovy:26)
	at com.kms.katalon.core.webui.keyword.builtin.VerifyElementPresentKeyword.verifyElementPresent(VerifyElementPresentKeyword.groovy:92)
	at com.kms.katalon.core.webui.keyword.builtin.VerifyElementPresentKeyword.execute(VerifyElementPresentKeyword.groovy:68)
	at com.kms.katalon.core.keyword.internal.KeywordExecutor.executeKeywordForPlatform(KeywordExecutor.groovy:56)
	at com.kms.katalon.core.webui.keyword.WebUiBuiltInKeywords.verifyElementPresent(WebUiBuiltInKeywords.groovy:1434)
	at com.kms.katalon.core.webui.keyword.WebUiBuiltInKeywords$verifyElementPresent$2.call(Unknown Source)
	at verify_commit_for_bugPage.run(verify_commit_for_bugPage:97)
	at com.kms.katalon.core.main.ScriptEngine.run(ScriptEngine.java:194)
	at com.kms.katalon.core.main.ScriptEngine.runScriptAsRawText(ScriptEngine.java:119)
	at com.kms.katalon.core.main.TestCaseExecutor.runScript(TestCaseExecutor.java:336)
	at com.kms.katalon.core.main.TestCaseExecutor.doExecute(TestCaseExecutor.java:327)
	at com.kms.katalon.core.main.TestCaseExecutor.processExecutionPhase(TestCaseExecutor.java:306)
	at com.kms.katalon.core.main.TestCaseExecutor.accessMainPhase(TestCaseExecutor.java:298)
	at com.kms.katalon.core.main.TestCaseExecutor.execute(TestCaseExecutor.java:232)
	at com.kms.katalon.core.main.TestSuiteExecutor.accessTestCaseMainPhase(TestSuiteExecutor.java:129)
	at com.kms.katalon.core.main.TestSuiteExecutor.accessTestSuiteMainPhase(TestSuiteExecutor.java:112)
	at com.kms.katalon.core.main.TestSuiteExecutor.execute(TestSuiteExecutor.java:81)
	at com.kms.katalon.core.main.TestCaseMain.startTestSuite(TestCaseMain.java:157)
	at com.kms.katalon.core.main.TestCaseMain$startTestSuite$0.call(Unknown Source)
	at TempTestSuite1557468000350.run(TempTestSuite1557468000350.groovy:35)
Caused by: com.kms.katalon.core.exception.StepFailedException: com.kms.katalon.core.webui.exception.WebElementNotFoundException: Web element with id: 'Object Repository/Page_BugsUI New Bug/div_Bugdetails_updated_success' located by 'By.xpath: //div[(text() = 'Bug details updated successfully.' or . = 'Bug details updated successfully.')]' not found
	at com.kms.katalon.core.webui.keyword.internal.WebUIKeywordMain.stepFailed(WebUIKeywordMain.groovy:64)
	at com.kms.katalon.core.webui.keyword.builtin.VerifyElementPresentKeyword$_verifyElementPresent_closure1.doCall(VerifyElementPresentKeyword.groovy:85)
	at com.kms.katalon.core.webui.keyword.builtin.VerifyElementPresentKeyword$_verifyElementPresent_closure1.call(VerifyElementPresentKeyword.groovy)
	at com.kms.katalon.core.webui.keyword.internal.WebUIKeywordMain.runKeyword(WebUIKeywordMain.groovy:20)
	... 19 more]]></system-err>
   </testsuite>
</testsuites>
