<?xml version="1.0" encoding="UTF-8"?>
<testsuites name="BugPageGeneralTab" time="114" tests="1" failures="1" errors="0">
   <testsuite name="BugPageGeneralTab" tests="1" failures="1" errors="0" time="114" timestamp="2019-05-06 15:47:32" hostname="Kumar.nagendra - HMECL001948.happiestminds.com" id="Test Suites/BugPageGeneralTab">
      <properties>
         <property name="deviceName" value=""/>
         <property name="devicePlatform" value=""/>
         <property name="logFolder" value="C:\\New-Bugzilla-Application\\Automation\\New_Bugzilla-UI-V2\\Reports\\BugPageGeneralTab\\20190506_154730"/>
         <property name="logFiles" value="C:\\New-Bugzilla-Application\\Automation\\New_Bugzilla-UI-V2\\Reports\\BugPageGeneralTab\\20190506_154730\\execution0.log"/>
         <property name="attachments" value="C:\\New-Bugzilla-Application\\Automation\\New_Bugzilla-UI-V2\\Reports\\BugPageGeneralTab\\20190506_154730\\1557137966083.png, C:\\New-Bugzilla-Application\\Automation\\New_Bugzilla-UI-V2\\Reports\\BugPageGeneralTab\\20190506_154730\\1557137966584.png"/>
         <property name="hostName" value="Kumar.nagendra - HMECL001948.happiestminds.com"/>
         <property name="os" value="Windows 10 64bit"/>
         <property name="katalonVersion" value="6.1.3.3"/>
         <property name="browser" value="Chrome 74.0.3729.131"/>
         <property name="hostAddress" value="10.95.75.221"/>
         <property name="sessionId" value="1cc35684268f4a8f613e644128c63c3b"/>
         <property name="seleniumVersion" value="3.7.1"/>
         <property name="proxyInformation" value="ProxyInformation{proxyOption=NO_PROXY, proxyServerType=HTTP, password=, proxyServerAddress=, proxyServerPort=0}"/>
         <property name="platform" value="Windows 10"/>
      </properties>
      <testcase name="Test Cases/BugPage/verify_commit_for_bugPage" classname="Test Cases/BugPage/verify_commit_for_bugPage" status="PASSED">
         <system-out><![CDATA[2019-05-06 15:47:33 - [TEST_CASE][PASSED] - Test Cases/BugPage/verify_commit_for_bugPage: Test Cases/BugPage/verify_commit_for_bugPage

2019-05-06 15:47:33 - [TEST_STEP][PASSED] - openBrowser(""): Browser is opened with url: ''

2019-05-06 15:47:34 - [MESSAGE][INFO] - Starting 'Chrome' driver

2019-05-06 15:47:34 - [MESSAGE][INFO] - Action delay is set to 0 seconds

2019-05-06 15:47:36 - [MESSAGE][PASSED] - Browser is opened with url: ''

2019-05-06 15:47:36 - [TEST_STEP][PASSED] - navigateToUrl(applicationUrl): Navigate to 'https://le-bugsui.staging.corp.arista.io/dashboard' successfully

2019-05-06 15:47:51 - [MESSAGE][PASSED] - Navigate to 'https://le-bugsui.staging.corp.arista.io/dashboard' successfully

2019-05-06 15:47:51 - [TEST_STEP][PASSED] - delay(3): Delayed 3 second(s)

2019-05-06 15:47:54 - [MESSAGE][PASSED] - Delayed 3 second(s)

2019-05-06 15:47:54 - [TEST_STEP][PASSED] - reusable.loginBugZillaUI.login(): reusable.loginBugZillaUI.login is PASSED

2019-05-06 15:47:54 - [MESSAGE][PASSED] - Current window maximized

2019-05-06 15:47:54 - [MESSAGE][PASSED] - Text 'knagendra-ext' is set on object 'Object Repository/Page_BugsUI/input_username'

2019-05-06 15:47:55 - [MESSAGE][PASSED] - Text 'Kum1!@#$%^&*()ar' is set on object 'Object Repository/Page_BugsUI/input_password'

2019-05-06 15:47:55 - [MESSAGE][PASSED] - Object 'Object Repository/Page_BugsUI/button_Login' is clickable

2019-05-06 15:47:55 - [MESSAGE][PASSED] - Object: 'Object Repository/Page_BugsUI/button_Login' is clicked on

2019-05-06 15:47:55 - [MESSAGE][PASSED] - reusable.loginBugZillaUI.login is PASSED

2019-05-06 15:47:55 - [TEST_STEP][PASSED] - delay(4): Delayed 4 second(s)

2019-05-06 15:47:59 - [MESSAGE][PASSED] - Delayed 4 second(s)

2019-05-06 15:47:59 - [TEST_STEP][PASSED] - verifyElementPresent(findTestObject("Page_BugsUI Dashboard/span_Dashboard"), 0): Object 'Object Repository/Page_BugsUI Dashboard/span_Dashboard' is present

2019-05-06 15:47:59 - [MESSAGE][WARNING] - Timeout '0' is invalid. Using default page load timeout: '30'

2019-05-06 15:47:59 - [MESSAGE][PASSED] - Object 'Object Repository/Page_BugsUI Dashboard/span_Dashboard' is present

2019-05-06 15:47:59 - [TEST_STEP][PASSED] - if (verifyElementPresent(findTestObject("Page_BugsUI Dashboard/input_Edit_search"), 0)): Object: 'Object Repository/Page_BugsUI Dashboard/span_search_buttonIcon' is clicked on

2019-05-06 15:47:59 - [MESSAGE][WARNING] - Timeout '0' is invalid. Using default page load timeout: '30'

2019-05-06 15:47:59 - [MESSAGE][PASSED] - Object 'Object Repository/Page_BugsUI Dashboard/input_Edit_search' is present

2019-05-06 15:47:59 - [TEST_STEP][PASSED] - setText(findTestObject("Page_BugsUI Dashboard/input_Edit_search"), "255666"): Text '255666' is set on object 'Object Repository/Page_BugsUI Dashboard/input_Edit_search'

2019-05-06 15:47:59 - [MESSAGE][PASSED] - Text '255666' is set on object 'Object Repository/Page_BugsUI Dashboard/input_Edit_search'

2019-05-06 15:47:59 - [TEST_STEP][PASSED] - delay(1): Delayed 1 second(s)

2019-05-06 15:48:00 - [MESSAGE][PASSED] - Delayed 1 second(s)

2019-05-06 15:48:00 - [TEST_STEP][PASSED] - click(findTestObject("Page_BugsUI Dashboard/span_search_buttonIcon")): Object: 'Object Repository/Page_BugsUI Dashboard/span_search_buttonIcon' is clicked on

2019-05-06 15:48:00 - [MESSAGE][PASSED] - Object: 'Object Repository/Page_BugsUI Dashboard/span_search_buttonIcon' is clicked on

2019-05-06 15:48:00 - [TEST_STEP][PASSED] - delay(20): Delayed 20 second(s)

2019-05-06 15:48:20 - [MESSAGE][PASSED] - Delayed 20 second(s)

2019-05-06 15:48:20 - [TEST_STEP][PASSED] - if (verifyElementPresent(findTestObject("Page_BugsUI New Bug/label_Bug 255666"), 0)): null

2019-05-06 15:48:20 - [MESSAGE][WARNING] - Timeout '0' is invalid. Using default page load timeout: '30'

2019-05-06 15:48:20 - [MESSAGE][PASSED] - Object 'Object Repository/Page_BugsUI New Bug/label_Bug 255666' is present

2019-05-06 15:48:20 - [TEST_STEP][PASSED] - bugNo = getText(findTestObject("Page_BugsUI New Bug/label_Bug 255666")): Text of object 'Object Repository/Page_BugsUI New Bug/label_Bug 255666' is: 'Bug# 255666:'

2019-05-06 15:48:20 - [MESSAGE][PASSED] - Text of object 'Object Repository/Page_BugsUI New Bug/label_Bug 255666' is: 'Bug# 255666:'

2019-05-06 15:48:20 - [TEST_STEP][PASSED] - if (bugNo.contains("255666")): null

2019-05-06 15:48:20 - [TEST_STEP][PASSED] - assert true: null

2019-05-06 15:48:20 - [TEST_STEP][PASSED] - verifyElementPresent(findTestObject("Page_BugsUI New Bug/bugInfo_accordion"), 0): Object 'Object Repository/Page_BugsUI New Bug/bugInfo_accordion' is present

2019-05-06 15:48:20 - [MESSAGE][WARNING] - Timeout '0' is invalid. Using default page load timeout: '30'

2019-05-06 15:48:20 - [MESSAGE][PASSED] - Object 'Object Repository/Page_BugsUI New Bug/bugInfo_accordion' is present

2019-05-06 15:48:20 - [TEST_STEP][PASSED] - isBugInfoAccordionExpanded = getAttribute(findTestObject("Page_BugsUI New Bug/bugInfo_accordion"), "aria-expanded"): Attribute 'aria-expanded' of object 'Object Repository/Page_BugsUI New Bug/bugInfo_accordion' is: 'false'

2019-05-06 15:48:20 - [MESSAGE][PASSED] - Attribute 'aria-expanded' of object 'Object Repository/Page_BugsUI New Bug/bugInfo_accordion' is: 'false'

2019-05-06 15:48:20 - [TEST_STEP][PASSED] - if (isBugInfoAccordionExpanded.equals("false")): null

2019-05-06 15:48:20 - [TEST_STEP][PASSED] - click(findTestObject("Page_BugsUI New Bug/bugInfo_accordion")): Object: 'Object Repository/Page_BugsUI New Bug/bugInfo_accordion' is clicked on

2019-05-06 15:48:21 - [MESSAGE][PASSED] - Object: 'Object Repository/Page_BugsUI New Bug/bugInfo_accordion' is clicked on

2019-05-06 15:48:21 - [TEST_STEP][PASSED] - delay(2): Delayed 2 second(s)

2019-05-06 15:48:23 - [MESSAGE][PASSED] - Delayed 2 second(s)

2019-05-06 15:48:23 - [TEST_STEP][PASSED] - if (verifyElementPresent(findTestObject("Page_BugsUI New Bug/input_BugAlias"), 0)): null

2019-05-06 15:48:23 - [MESSAGE][WARNING] - Timeout '0' is invalid. Using default page load timeout: '30'

2019-05-06 15:48:23 - [MESSAGE][PASSED] - Object 'Object Repository/Page_BugsUI New Bug/input_BugAlias' is present

2019-05-06 15:48:23 - [TEST_STEP][PASSED] - setText(findTestObject("Page_BugsUI New Bug/input_BugAlias"), "123Test"): Text '123Test' is set on object 'Object Repository/Page_BugsUI New Bug/input_BugAlias'

2019-05-06 15:48:23 - [MESSAGE][PASSED] - Text '123Test' is set on object 'Object Repository/Page_BugsUI New Bug/input_BugAlias'

2019-05-06 15:48:23 - [TEST_STEP][PASSED] - delay(1): Delayed 1 second(s)

2019-05-06 15:48:24 - [MESSAGE][PASSED] - Delayed 1 second(s)

2019-05-06 15:48:24 - [TEST_STEP][PASSED] - if (verifyElementClickable(findTestObject("Page_BugsUI New Bug/topButton_Commit"))): Object: 'Object Repository/Page_BugsUI New Bug/topButton_Commit' is clicked on

2019-05-06 15:48:24 - [MESSAGE][PASSED] - Object 'Object Repository/Page_BugsUI New Bug/topButton_Commit' is clickable

2019-05-06 15:48:24 - [TEST_STEP][PASSED] - click(findTestObject("Page_BugsUI New Bug/topButton_Commit")): Object: 'Object Repository/Page_BugsUI New Bug/topButton_Commit' is clicked on

2019-05-06 15:48:24 - [MESSAGE][PASSED] - Object: 'Object Repository/Page_BugsUI New Bug/topButton_Commit' is clicked on

2019-05-06 15:48:24 - [TEST_STEP][PASSED] - delay(2): Delayed 2 second(s)

2019-05-06 15:48:26 - [MESSAGE][PASSED] - Delayed 2 second(s)

2019-05-06 15:48:26 - [TEST_STEP][PASSED] - if (verifyElementPresent(findTestObject("Page_BugsUI New Bug/div_Bugdetails_updated_success"), 0)): null

2019-05-06 15:48:26 - [MESSAGE][WARNING] - Timeout '0' is invalid. Using default page load timeout: '30'

2019-05-06 15:48:26 - [MESSAGE][PASSED] - Object 'Object Repository/Page_BugsUI New Bug/div_Bugdetails_updated_success' is present

2019-05-06 15:48:26 - [TEST_STEP][PASSED] - bugNo = getText(findTestObject("Page_BugsUI New Bug/div_Bugdetails_updated_success")): Text of object 'Object Repository/Page_BugsUI New Bug/div_Bugdetails_updated_success' is: 'Bug details updated successfully.'

2019-05-06 15:48:26 - [MESSAGE][PASSED] - Text of object 'Object Repository/Page_BugsUI New Bug/div_Bugdetails_updated_success' is: 'Bug details updated successfully.'

2019-05-06 15:48:26 - [TEST_STEP][PASSED] - if (bugNo.equals("Bug details updated successfully.")): null

2019-05-06 15:48:26 - [TEST_STEP][PASSED] - assert true: null

2019-05-06 15:48:26 - [TEST_STEP][PASSED] - delay(3): Delayed 3 second(s)

2019-05-06 15:48:29 - [MESSAGE][PASSED] - Delayed 3 second(s)

2019-05-06 15:48:29 - [TEST_STEP][PASSED] - aliasName = getAttribute(findTestObject("Page_BugsUI New Bug/input_BugAlias"), "value"): Attribute 'value' of object 'Object Repository/Page_BugsUI New Bug/input_BugAlias' is: '123Test'

2019-05-06 15:48:29 - [MESSAGE][PASSED] - Attribute 'value' of object 'Object Repository/Page_BugsUI New Bug/input_BugAlias' is: '123Test'

2019-05-06 15:48:29 - [TEST_STEP][PASSED] - if (aliasName.equals("123Test")): null

2019-05-06 15:48:29 - [TEST_STEP][PASSED] - assert true: null

2019-05-06 15:48:29 - [TEST_STEP][PASSED] - delay(3): Delayed 3 second(s)

2019-05-06 15:48:32 - [MESSAGE][PASSED] - Delayed 3 second(s)

2019-05-06 15:48:32 - [TEST_STEP][PASSED] - clearText(findTestObject("Page_BugsUI New Bug/input_BugAlias")): Text of object 'Object Repository/Page_BugsUI New Bug/input_BugAlias' is cleared

2019-05-06 15:48:32 - [MESSAGE][PASSED] - Text of object 'Object Repository/Page_BugsUI New Bug/input_BugAlias' is cleared

2019-05-06 15:48:32 - [TEST_STEP][PASSED] - setText(findTestObject("Page_BugsUI New Bug/input_BugAlias"), "test987"): Text 'test987' is set on object 'Object Repository/Page_BugsUI New Bug/input_BugAlias'

2019-05-06 15:48:33 - [MESSAGE][PASSED] - Text 'test987' is set on object 'Object Repository/Page_BugsUI New Bug/input_BugAlias'

2019-05-06 15:48:33 - [TEST_STEP][PASSED] - delay(3): Delayed 3 second(s)

2019-05-06 15:48:36 - [MESSAGE][PASSED] - Delayed 3 second(s)

2019-05-06 15:48:36 - [TEST_STEP][PASSED] - if (verifyElementClickable(findTestObject("Page_BugsUI New Bug/topButton_Commit"))): Object: 'Object Repository/Page_BugsUI New Bug/topButton_Commit' is clicked on

2019-05-06 15:48:36 - [MESSAGE][PASSED] - Object 'Object Repository/Page_BugsUI New Bug/topButton_Commit' is clickable

2019-05-06 15:48:36 - [TEST_STEP][PASSED] - click(findTestObject("Page_BugsUI New Bug/topButton_Commit")): Object: 'Object Repository/Page_BugsUI New Bug/topButton_Commit' is clicked on

2019-05-06 15:48:36 - [MESSAGE][PASSED] - Object: 'Object Repository/Page_BugsUI New Bug/topButton_Commit' is clicked on

2019-05-06 15:48:36 - [TEST_STEP][PASSED] - delay(3): Delayed 3 second(s)

2019-05-06 15:48:39 - [MESSAGE][PASSED] - Delayed 3 second(s)]]></system-out>
         <system-err><![CDATA[]]></system-err>
      </testcase>
      <testcase name="Test Cases/BugPage/verify_addingComments" classname="Test Cases/BugPage/verify_addingComments" status="FAILED">
         <failure type="FAILED" message="Test Cases/BugPage/verify_addingComments FAILED.
Reason:
com.kms.katalon.core.exception.StepFailedException: Unable to verify object 'Object Repository/Page_BugsUI New Bug/latestComment' is present
	at com.kms.katalon.core.webui.keyword.internal.WebUIKeywordMain.stepFailed(WebUIKeywordMain.groovy:64)
	at com.kms.katalon.core.webui.keyword.internal.WebUIKeywordMain.runKeyword(WebUIKeywordMain.groovy:26)
	at com.kms.katalon.core.webui.keyword.builtin.VerifyElementPresentKeyword.verifyElementPresent(VerifyElementPresentKeyword.groovy:92)
	at com.kms.katalon.core.webui.keyword.builtin.VerifyElementPresentKeyword.execute(VerifyElementPresentKeyword.groovy:68)
	at com.kms.katalon.core.keyword.internal.KeywordExecutor.executeKeywordForPlatform(KeywordExecutor.groovy:56)
	at com.kms.katalon.core.webui.keyword.WebUiBuiltInKeywords.verifyElementPresent(WebUiBuiltInKeywords.groovy:1434)
	at com.kms.katalon.core.webui.keyword.WebUiBuiltInKeywords$verifyElementPresent$5.call(Unknown Source)
	at verify_addingComments.run(verify_addingComments:60)
	at com.kms.katalon.core.main.ScriptEngine.run(ScriptEngine.java:194)
	at com.kms.katalon.core.main.ScriptEngine.runScriptAsRawText(ScriptEngine.java:119)
	at com.kms.katalon.core.main.TestCaseExecutor.runScript(TestCaseExecutor.java:336)
	at com.kms.katalon.core.main.TestCaseExecutor.doExecute(TestCaseExecutor.java:327)
	at com.kms.katalon.core.main.TestCaseExecutor.processExecutionPhase(TestCaseExecutor.java:306)
	at com.kms.katalon.core.main.TestCaseExecutor.accessMainPhase(TestCaseExecutor.java:298)
	at com.kms.katalon.core.main.TestCaseExecutor.execute(TestCaseExecutor.java:232)
	at com.kms.katalon.core.main.TestSuiteExecutor.accessTestCaseMainPhase(TestSuiteExecutor.java:129)
	at com.kms.katalon.core.main.TestSuiteExecutor.accessTestSuiteMainPhase(TestSuiteExecutor.java:112)
	at com.kms.katalon.core.main.TestSuiteExecutor.execute(TestSuiteExecutor.java:81)
	at com.kms.katalon.core.main.TestCaseMain.startTestSuite(TestCaseMain.java:157)
	at com.kms.katalon.core.main.TestCaseMain$startTestSuite$0.call(Unknown Source)
	at TempTestSuite1557137850213.run(TempTestSuite1557137850213.groovy:35)
Caused by: com.kms.katalon.core.exception.StepFailedException: com.kms.katalon.core.webui.exception.WebElementNotFoundException: Web element with id: 'Object Repository/Page_BugsUI New Bug/latestComment' located by 'By.xpath: //div[@id=&quot;comments&quot;]/div[@class=&quot;ng-star-inserted&quot;]/div[@class=&quot;comment-box w-100 mt-4 mb-3&quot;]/pre' not found
	at com.kms.katalon.core.webui.keyword.internal.WebUIKeywordMain.stepFailed(WebUIKeywordMain.groovy:64)
	at com.kms.katalon.core.webui.keyword.builtin.VerifyElementPresentKeyword$_verifyElementPresent_closure1.doCall(VerifyElementPresentKeyword.groovy:85)
	at com.kms.katalon.core.webui.keyword.builtin.VerifyElementPresentKeyword$_verifyElementPresent_closure1.call(VerifyElementPresentKeyword.groovy)
	at com.kms.katalon.core.webui.keyword.internal.WebUIKeywordMain.runKeyword(WebUIKeywordMain.groovy:20)
	... 19 more
"/>
         <system-out><![CDATA[2019-05-06 15:48:39 - [TEST_CASE][FAILED] - Test Cases/BugPage/verify_addingComments: Test Cases/BugPage/verify_addingComments FAILED.
Reason:
com.kms.katalon.core.exception.StepFailedException: Unable to verify object 'Object Repository/Page_BugsUI New Bug/latestComment' is present
	at com.kms.katalon.core.webui.keyword.internal.WebUIKeywordMain.stepFailed(WebUIKeywordMain.groovy:64)
	at com.kms.katalon.core.webui.keyword.internal.WebUIKeywordMain.runKeyword(WebUIKeywordMain.groovy:26)
	at com.kms.katalon.core.webui.keyword.builtin.VerifyElementPresentKeyword.verifyElementPresent(VerifyElementPresentKeyword.groovy:92)
	at com.kms.katalon.core.webui.keyword.builtin.VerifyElementPresentKeyword.execute(VerifyElementPresentKeyword.groovy:68)
	at com.kms.katalon.core.keyword.internal.KeywordExecutor.executeKeywordForPlatform(KeywordExecutor.groovy:56)
	at com.kms.katalon.core.webui.keyword.WebUiBuiltInKeywords.verifyElementPresent(WebUiBuiltInKeywords.groovy:1434)
	at com.kms.katalon.core.webui.keyword.WebUiBuiltInKeywords$verifyElementPresent$5.call(Unknown Source)
	at verify_addingComments.run(verify_addingComments:60)
	at com.kms.katalon.core.main.ScriptEngine.run(ScriptEngine.java:194)
	at com.kms.katalon.core.main.ScriptEngine.runScriptAsRawText(ScriptEngine.java:119)
	at com.kms.katalon.core.main.TestCaseExecutor.runScript(TestCaseExecutor.java:336)
	at com.kms.katalon.core.main.TestCaseExecutor.doExecute(TestCaseExecutor.java:327)
	at com.kms.katalon.core.main.TestCaseExecutor.processExecutionPhase(TestCaseExecutor.java:306)
	at com.kms.katalon.core.main.TestCaseExecutor.accessMainPhase(TestCaseExecutor.java:298)
	at com.kms.katalon.core.main.TestCaseExecutor.execute(TestCaseExecutor.java:232)
	at com.kms.katalon.core.main.TestSuiteExecutor.accessTestCaseMainPhase(TestSuiteExecutor.java:129)
	at com.kms.katalon.core.main.TestSuiteExecutor.accessTestSuiteMainPhase(TestSuiteExecutor.java:112)
	at com.kms.katalon.core.main.TestSuiteExecutor.execute(TestSuiteExecutor.java:81)
	at com.kms.katalon.core.main.TestCaseMain.startTestSuite(TestCaseMain.java:157)
	at com.kms.katalon.core.main.TestCaseMain$startTestSuite$0.call(Unknown Source)
	at TempTestSuite1557137850213.run(TempTestSuite1557137850213.groovy:35)
Caused by: com.kms.katalon.core.exception.StepFailedException: com.kms.katalon.core.webui.exception.WebElementNotFoundException: Web element with id: 'Object Repository/Page_BugsUI New Bug/latestComment' located by 'By.xpath: //div[@id="comments"]/div[@class="ng-star-inserted"]/div[@class="comment-box w-100 mt-4 mb-3"]/pre' not found
	at com.kms.katalon.core.webui.keyword.internal.WebUIKeywordMain.stepFailed(WebUIKeywordMain.groovy:64)
	at com.kms.katalon.core.webui.keyword.builtin.VerifyElementPresentKeyword$_verifyElementPresent_closure1.doCall(VerifyElementPresentKeyword.groovy:85)
	at com.kms.katalon.core.webui.keyword.builtin.VerifyElementPresentKeyword$_verifyElementPresent_closure1.call(VerifyElementPresentKeyword.groovy)
	at com.kms.katalon.core.webui.keyword.internal.WebUIKeywordMain.runKeyword(WebUIKeywordMain.groovy:20)
	... 19 more


2019-05-06 15:48:39 - [TEST_STEP][PASSED] - delay(2): Delayed 2 second(s)

2019-05-06 15:48:41 - [MESSAGE][PASSED] - Delayed 2 second(s)

2019-05-06 15:48:41 - [TEST_STEP][PASSED] - scrollToElement(findTestObject("Page_BugsUI New Bug/select_commentOrder_dropdown"), 0): Scroll to object 'Object Repository/Page_BugsUI New Bug/select_commentOrder_dropdown' successfully

2019-05-06 15:48:41 - [MESSAGE][WARNING] - Timeout '0' is invalid. Using default page load timeout: '30'

2019-05-06 15:48:41 - [MESSAGE][PASSED] - Scroll to object 'Object Repository/Page_BugsUI New Bug/select_commentOrder_dropdown' successfully

2019-05-06 15:48:41 - [TEST_STEP][PASSED] - delay(2): Delayed 2 second(s)

2019-05-06 15:48:43 - [MESSAGE][PASSED] - Delayed 2 second(s)

2019-05-06 15:48:43 - [TEST_STEP][PASSED] - setText(findTestObject("Page_BugsUI New Bug/textarea_Add Comment"), "Testing comment for Automation"): Text 'Testing comment for Automation' is set on object 'Object Repository/Page_BugsUI New Bug/textarea_Add Comment'

2019-05-06 15:48:43 - [MESSAGE][PASSED] - Text 'Testing comment for Automation' is set on object 'Object Repository/Page_BugsUI New Bug/textarea_Add Comment'

2019-05-06 15:48:43 - [TEST_STEP][PASSED] - delay(3): Delayed 3 second(s)

2019-05-06 15:48:46 - [MESSAGE][PASSED] - Delayed 3 second(s)

2019-05-06 15:48:46 - [TEST_STEP][PASSED] - if (verifyElementClickable(findTestObject("Page_BugsUI New Bug/bottom_button_Commit"))): Object: 'Object Repository/Page_BugsUI New Bug/bottom_button_Commit' is clicked on

2019-05-06 15:48:46 - [MESSAGE][PASSED] - Object 'Object Repository/Page_BugsUI New Bug/bottom_button_Commit' is clickable

2019-05-06 15:48:46 - [TEST_STEP][PASSED] - click(findTestObject("Page_BugsUI New Bug/bottom_button_Commit")): Object: 'Object Repository/Page_BugsUI New Bug/bottom_button_Commit' is clicked on

2019-05-06 15:48:47 - [MESSAGE][PASSED] - Object: 'Object Repository/Page_BugsUI New Bug/bottom_button_Commit' is clicked on

2019-05-06 15:48:47 - [TEST_STEP][PASSED] - delay(2): Delayed 2 second(s)

2019-05-06 15:48:49 - [MESSAGE][PASSED] - Delayed 2 second(s)

2019-05-06 15:48:49 - [TEST_STEP][PASSED] - if (verifyElementPresent(findTestObject("Page_BugsUI New Bug/div_Bugdetails_updated_success"), 0)): null

2019-05-06 15:48:49 - [MESSAGE][WARNING] - Timeout '0' is invalid. Using default page load timeout: '30'

2019-05-06 15:48:49 - [MESSAGE][PASSED] - Object 'Object Repository/Page_BugsUI New Bug/div_Bugdetails_updated_success' is present

2019-05-06 15:48:49 - [TEST_STEP][PASSED] - bugNo = getText(findTestObject("Page_BugsUI New Bug/div_Bugdetails_updated_success")): Text of object 'Object Repository/Page_BugsUI New Bug/div_Bugdetails_updated_success' is: 'Bug details updated successfully.'

2019-05-06 15:48:49 - [MESSAGE][PASSED] - Text of object 'Object Repository/Page_BugsUI New Bug/div_Bugdetails_updated_success' is: 'Bug details updated successfully.'

2019-05-06 15:48:49 - [TEST_STEP][PASSED] - if (bugNo.equals("Bug details updated successfully.")): null

2019-05-06 15:48:49 - [TEST_STEP][PASSED] - assert true: null

2019-05-06 15:48:49 - [TEST_STEP][PASSED] - delay(2): Delayed 2 second(s)

2019-05-06 15:48:51 - [MESSAGE][PASSED] - Delayed 2 second(s)

2019-05-06 15:48:51 - [TEST_STEP][PASSED] - scrollToElement(findTestObject("Page_BugsUI New Bug/logs_accordion"), 0): Scroll to object 'Object Repository/Page_BugsUI New Bug/logs_accordion' successfully

2019-05-06 15:48:51 - [MESSAGE][WARNING] - Timeout '0' is invalid. Using default page load timeout: '30'

2019-05-06 15:48:51 - [MESSAGE][PASSED] - Scroll to object 'Object Repository/Page_BugsUI New Bug/logs_accordion' successfully

2019-05-06 15:48:51 - [TEST_STEP][PASSED] - delay(2): Delayed 2 second(s)

2019-05-06 15:48:53 - [MESSAGE][PASSED] - Delayed 2 second(s)

2019-05-06 15:48:53 - [TEST_STEP][PASSED] - if (verifyElementPresent(findTestObject("Page_BugsUI New Bug/select_commentOrder_dropdown"), 0)): All options with value 'desc' are selected in object 'Object Repository/Page_BugsUI New Bug/select_commentOrder_dropdown' 

2019-05-06 15:48:53 - [MESSAGE][WARNING] - Timeout '0' is invalid. Using default page load timeout: '30'

2019-05-06 15:48:53 - [MESSAGE][PASSED] - Object 'Object Repository/Page_BugsUI New Bug/select_commentOrder_dropdown' is present

2019-05-06 15:48:53 - [TEST_STEP][PASSED] - selectOptionByValue(findTestObject("Page_BugsUI New Bug/select_commentOrder_dropdown"), "desc", false): All options with value 'desc' are selected in object 'Object Repository/Page_BugsUI New Bug/select_commentOrder_dropdown' 

2019-05-06 15:48:53 - [MESSAGE][PASSED] - All options with value 'desc' are selected in object 'Object Repository/Page_BugsUI New Bug/select_commentOrder_dropdown' 

2019-05-06 15:48:53 - [TEST_STEP][PASSED] - delay(2): Delayed 2 second(s)

2019-05-06 15:48:55 - [MESSAGE][PASSED] - Delayed 2 second(s)

2019-05-06 15:48:55 - [TEST_STEP][FAILED] - verifyElementPresent(findTestObject("Page_BugsUI New Bug/latestComment"), 0): Unable to verify object 'Object Repository/Page_BugsUI New Bug/latestComment' is present (Root cause: com.kms.katalon.core.exception.StepFailedException: Unable to verify object 'Object Repository/Page_BugsUI New Bug/latestComment' is present
	at com.kms.katalon.core.webui.keyword.internal.WebUIKeywordMain.stepFailed(WebUIKeywordMain.groovy:64)
	at com.kms.katalon.core.webui.keyword.internal.WebUIKeywordMain.runKeyword(WebUIKeywordMain.groovy:26)
	at com.kms.katalon.core.webui.keyword.builtin.VerifyElementPresentKeyword.verifyElementPresent(VerifyElementPresentKeyword.groovy:92)
	at com.kms.katalon.core.webui.keyword.builtin.VerifyElementPresentKeyword.execute(VerifyElementPresentKeyword.groovy:68)
	at com.kms.katalon.core.keyword.internal.KeywordExecutor.executeKeywordForPlatform(KeywordExecutor.groovy:56)
	at com.kms.katalon.core.webui.keyword.WebUiBuiltInKeywords.verifyElementPresent(WebUiBuiltInKeywords.groovy:1434)
	at com.kms.katalon.core.webui.keyword.WebUiBuiltInKeywords$verifyElementPresent$5.call(Unknown Source)
	at verify_addingComments.run(verify_addingComments:60)
	at com.kms.katalon.core.main.ScriptEngine.run(ScriptEngine.java:194)
	at com.kms.katalon.core.main.ScriptEngine.runScriptAsRawText(ScriptEngine.java:119)
	at com.kms.katalon.core.main.TestCaseExecutor.runScript(TestCaseExecutor.java:336)
	at com.kms.katalon.core.main.TestCaseExecutor.doExecute(TestCaseExecutor.java:327)
	at com.kms.katalon.core.main.TestCaseExecutor.processExecutionPhase(TestCaseExecutor.java:306)
	at com.kms.katalon.core.main.TestCaseExecutor.accessMainPhase(TestCaseExecutor.java:298)
	at com.kms.katalon.core.main.TestCaseExecutor.execute(TestCaseExecutor.java:232)
	at com.kms.katalon.core.main.TestSuiteExecutor.accessTestCaseMainPhase(TestSuiteExecutor.java:129)
	at com.kms.katalon.core.main.TestSuiteExecutor.accessTestSuiteMainPhase(TestSuiteExecutor.java:112)
	at com.kms.katalon.core.main.TestSuiteExecutor.execute(TestSuiteExecutor.java:81)
	at com.kms.katalon.core.main.TestCaseMain.startTestSuite(TestCaseMain.java:157)
	at com.kms.katalon.core.main.TestCaseMain$startTestSuite$0.call(Unknown Source)
	at TempTestSuite1557137850213.run(TempTestSuite1557137850213.groovy:35)
Caused by: com.kms.katalon.core.exception.StepFailedException: com.kms.katalon.core.webui.exception.WebElementNotFoundException: Web element with id: 'Object Repository/Page_BugsUI New Bug/latestComment' located by 'By.xpath: //div[@id="comments"]/div[@class="ng-star-inserted"]/div[@class="comment-box w-100 mt-4 mb-3"]/pre' not found
	at com.kms.katalon.core.webui.keyword.internal.WebUIKeywordMain.stepFailed(WebUIKeywordMain.groovy:64)
	at com.kms.katalon.core.webui.keyword.builtin.VerifyElementPresentKeyword$_verifyElementPresent_closure1.doCall(VerifyElementPresentKeyword.groovy:85)
	at com.kms.katalon.core.webui.keyword.builtin.VerifyElementPresentKeyword$_verifyElementPresent_closure1.call(VerifyElementPresentKeyword.groovy)
	at com.kms.katalon.core.webui.keyword.internal.WebUIKeywordMain.runKeyword(WebUIKeywordMain.groovy:20)
	... 19 more
)

2019-05-06 15:48:55 - [MESSAGE][WARNING] - Timeout '0' is invalid. Using default page load timeout: '30'

2019-05-06 15:49:26 - [MESSAGE][INFO] - Unable to find the element located by 'By.xpath: //div[@id="comments"]/div[@class="ng-star-inserted"]/div[@class="comment-box w-100 mt-4 mb-3"]/pre'. Please recheck the objects properties to make sure the desired element is located. 

2019-05-06 15:49:26 - [MESSAGE][FAILED] - com.kms.katalon.core.webui.exception.WebElementNotFoundException: Web element with id: 'Object Repository/Page_BugsUI New Bug/latestComment' located by 'By.xpath: //div[@id="comments"]/div[@class="ng-star-inserted"]/div[@class="comment-box w-100 mt-4 mb-3"]/pre' not found (Root cause: com.kms.katalon.core.exception.StepFailedException: com.kms.katalon.core.webui.exception.WebElementNotFoundException: Web element with id: 'Object Repository/Page_BugsUI New Bug/latestComment' located by 'By.xpath: //div[@id="comments"]/div[@class="ng-star-inserted"]/div[@class="comment-box w-100 mt-4 mb-3"]/pre' not found
	at com.kms.katalon.core.webui.keyword.internal.WebUIKeywordMain.stepFailed(WebUIKeywordMain.groovy:64)
	at com.kms.katalon.core.webui.keyword.builtin.VerifyElementPresentKeyword$_verifyElementPresent_closure1.doCall(VerifyElementPresentKeyword.groovy:85)
	at com.kms.katalon.core.webui.keyword.builtin.VerifyElementPresentKeyword$_verifyElementPresent_closure1.call(VerifyElementPresentKeyword.groovy)
	at com.kms.katalon.core.webui.keyword.internal.WebUIKeywordMain.runKeyword(WebUIKeywordMain.groovy:20)
	at com.kms.katalon.core.webui.keyword.builtin.VerifyElementPresentKeyword.verifyElementPresent(VerifyElementPresentKeyword.groovy:92)
	at com.kms.katalon.core.webui.keyword.builtin.VerifyElementPresentKeyword.execute(VerifyElementPresentKeyword.groovy:68)
	at com.kms.katalon.core.keyword.internal.KeywordExecutor.executeKeywordForPlatform(KeywordExecutor.groovy:56)
	at com.kms.katalon.core.webui.keyword.WebUiBuiltInKeywords.verifyElementPresent(WebUiBuiltInKeywords.groovy:1434)
	at com.kms.katalon.core.webui.keyword.WebUiBuiltInKeywords$verifyElementPresent$5.call(Unknown Source)
	at verify_addingComments.run(verify_addingComments:60)
	at com.kms.katalon.core.main.ScriptEngine.run(ScriptEngine.java:194)
	at com.kms.katalon.core.main.ScriptEngine.runScriptAsRawText(ScriptEngine.java:119)
	at com.kms.katalon.core.main.TestCaseExecutor.runScript(TestCaseExecutor.java:336)
	at com.kms.katalon.core.main.TestCaseExecutor.doExecute(TestCaseExecutor.java:327)
	at com.kms.katalon.core.main.TestCaseExecutor.processExecutionPhase(TestCaseExecutor.java:306)
	at com.kms.katalon.core.main.TestCaseExecutor.accessMainPhase(TestCaseExecutor.java:298)
	at com.kms.katalon.core.main.TestCaseExecutor.execute(TestCaseExecutor.java:232)
	at com.kms.katalon.core.main.TestSuiteExecutor.accessTestCaseMainPhase(TestSuiteExecutor.java:129)
	at com.kms.katalon.core.main.TestSuiteExecutor.accessTestSuiteMainPhase(TestSuiteExecutor.java:112)
	at com.kms.katalon.core.main.TestSuiteExecutor.execute(TestSuiteExecutor.java:81)
	at com.kms.katalon.core.main.TestCaseMain.startTestSuite(TestCaseMain.java:157)
	at com.kms.katalon.core.main.TestCaseMain$startTestSuite$0.call(Unknown Source)
	at TempTestSuite1557137850213.run(TempTestSuite1557137850213.groovy:35)
)
[[ATTACHMENT|C:\\New-Bugzilla-Application\\Automation\\New_Bugzilla-UI-V2\\Reports\\BugPageGeneralTab\\20190506_154730\\1557137966083.png]]

2019-05-06 15:49:26 - [MESSAGE][FAILED] - Unable to verify object 'Object Repository/Page_BugsUI New Bug/latestComment' is present (Root cause: com.kms.katalon.core.exception.StepFailedException: Unable to verify object 'Object Repository/Page_BugsUI New Bug/latestComment' is present
	at com.kms.katalon.core.webui.keyword.internal.WebUIKeywordMain.stepFailed(WebUIKeywordMain.groovy:64)
	at com.kms.katalon.core.webui.keyword.internal.WebUIKeywordMain.runKeyword(WebUIKeywordMain.groovy:26)
	at com.kms.katalon.core.webui.keyword.builtin.VerifyElementPresentKeyword.verifyElementPresent(VerifyElementPresentKeyword.groovy:92)
	at com.kms.katalon.core.webui.keyword.builtin.VerifyElementPresentKeyword.execute(VerifyElementPresentKeyword.groovy:68)
	at com.kms.katalon.core.keyword.internal.KeywordExecutor.executeKeywordForPlatform(KeywordExecutor.groovy:56)
	at com.kms.katalon.core.webui.keyword.WebUiBuiltInKeywords.verifyElementPresent(WebUiBuiltInKeywords.groovy:1434)
	at com.kms.katalon.core.webui.keyword.WebUiBuiltInKeywords$verifyElementPresent$5.call(Unknown Source)
	at verify_addingComments.run(verify_addingComments:60)
	at com.kms.katalon.core.main.ScriptEngine.run(ScriptEngine.java:194)
	at com.kms.katalon.core.main.ScriptEngine.runScriptAsRawText(ScriptEngine.java:119)
	at com.kms.katalon.core.main.TestCaseExecutor.runScript(TestCaseExecutor.java:336)
	at com.kms.katalon.core.main.TestCaseExecutor.doExecute(TestCaseExecutor.java:327)
	at com.kms.katalon.core.main.TestCaseExecutor.processExecutionPhase(TestCaseExecutor.java:306)
	at com.kms.katalon.core.main.TestCaseExecutor.accessMainPhase(TestCaseExecutor.java:298)
	at com.kms.katalon.core.main.TestCaseExecutor.execute(TestCaseExecutor.java:232)
	at com.kms.katalon.core.main.TestSuiteExecutor.accessTestCaseMainPhase(TestSuiteExecutor.java:129)
	at com.kms.katalon.core.main.TestSuiteExecutor.accessTestSuiteMainPhase(TestSuiteExecutor.java:112)
	at com.kms.katalon.core.main.TestSuiteExecutor.execute(TestSuiteExecutor.java:81)
	at com.kms.katalon.core.main.TestCaseMain.startTestSuite(TestCaseMain.java:157)
	at com.kms.katalon.core.main.TestCaseMain$startTestSuite$0.call(Unknown Source)
	at TempTestSuite1557137850213.run(TempTestSuite1557137850213.groovy:35)
Caused by: com.kms.katalon.core.exception.StepFailedException: com.kms.katalon.core.webui.exception.WebElementNotFoundException: Web element with id: 'Object Repository/Page_BugsUI New Bug/latestComment' located by 'By.xpath: //div[@id="comments"]/div[@class="ng-star-inserted"]/div[@class="comment-box w-100 mt-4 mb-3"]/pre' not found
	at com.kms.katalon.core.webui.keyword.internal.WebUIKeywordMain.stepFailed(WebUIKeywordMain.groovy:64)
	at com.kms.katalon.core.webui.keyword.builtin.VerifyElementPresentKeyword$_verifyElementPresent_closure1.doCall(VerifyElementPresentKeyword.groovy:85)
	at com.kms.katalon.core.webui.keyword.builtin.VerifyElementPresentKeyword$_verifyElementPresent_closure1.call(VerifyElementPresentKeyword.groovy)
	at com.kms.katalon.core.webui.keyword.internal.WebUIKeywordMain.runKeyword(WebUIKeywordMain.groovy:20)
	... 19 more
)
[[ATTACHMENT|C:\\New-Bugzilla-Application\\Automation\\New_Bugzilla-UI-V2\\Reports\\BugPageGeneralTab\\20190506_154730\\1557137966584.png]]]]></system-out>
         <system-err><![CDATA[2019-05-06 15:48:39 - [TEST_CASE][FAILED] - Test Cases/BugPage/verify_addingComments: Test Cases/BugPage/verify_addingComments FAILED.
Reason:
com.kms.katalon.core.exception.StepFailedException: Unable to verify object 'Object Repository/Page_BugsUI New Bug/latestComment' is present
	at com.kms.katalon.core.webui.keyword.internal.WebUIKeywordMain.stepFailed(WebUIKeywordMain.groovy:64)
	at com.kms.katalon.core.webui.keyword.internal.WebUIKeywordMain.runKeyword(WebUIKeywordMain.groovy:26)
	at com.kms.katalon.core.webui.keyword.builtin.VerifyElementPresentKeyword.verifyElementPresent(VerifyElementPresentKeyword.groovy:92)
	at com.kms.katalon.core.webui.keyword.builtin.VerifyElementPresentKeyword.execute(VerifyElementPresentKeyword.groovy:68)
	at com.kms.katalon.core.keyword.internal.KeywordExecutor.executeKeywordForPlatform(KeywordExecutor.groovy:56)
	at com.kms.katalon.core.webui.keyword.WebUiBuiltInKeywords.verifyElementPresent(WebUiBuiltInKeywords.groovy:1434)
	at com.kms.katalon.core.webui.keyword.WebUiBuiltInKeywords$verifyElementPresent$5.call(Unknown Source)
	at verify_addingComments.run(verify_addingComments:60)
	at com.kms.katalon.core.main.ScriptEngine.run(ScriptEngine.java:194)
	at com.kms.katalon.core.main.ScriptEngine.runScriptAsRawText(ScriptEngine.java:119)
	at com.kms.katalon.core.main.TestCaseExecutor.runScript(TestCaseExecutor.java:336)
	at com.kms.katalon.core.main.TestCaseExecutor.doExecute(TestCaseExecutor.java:327)
	at com.kms.katalon.core.main.TestCaseExecutor.processExecutionPhase(TestCaseExecutor.java:306)
	at com.kms.katalon.core.main.TestCaseExecutor.accessMainPhase(TestCaseExecutor.java:298)
	at com.kms.katalon.core.main.TestCaseExecutor.execute(TestCaseExecutor.java:232)
	at com.kms.katalon.core.main.TestSuiteExecutor.accessTestCaseMainPhase(TestSuiteExecutor.java:129)
	at com.kms.katalon.core.main.TestSuiteExecutor.accessTestSuiteMainPhase(TestSuiteExecutor.java:112)
	at com.kms.katalon.core.main.TestSuiteExecutor.execute(TestSuiteExecutor.java:81)
	at com.kms.katalon.core.main.TestCaseMain.startTestSuite(TestCaseMain.java:157)
	at com.kms.katalon.core.main.TestCaseMain$startTestSuite$0.call(Unknown Source)
	at TempTestSuite1557137850213.run(TempTestSuite1557137850213.groovy:35)
Caused by: com.kms.katalon.core.exception.StepFailedException: com.kms.katalon.core.webui.exception.WebElementNotFoundException: Web element with id: 'Object Repository/Page_BugsUI New Bug/latestComment' located by 'By.xpath: //div[@id="comments"]/div[@class="ng-star-inserted"]/div[@class="comment-box w-100 mt-4 mb-3"]/pre' not found
	at com.kms.katalon.core.webui.keyword.internal.WebUIKeywordMain.stepFailed(WebUIKeywordMain.groovy:64)
	at com.kms.katalon.core.webui.keyword.builtin.VerifyElementPresentKeyword$_verifyElementPresent_closure1.doCall(VerifyElementPresentKeyword.groovy:85)
	at com.kms.katalon.core.webui.keyword.builtin.VerifyElementPresentKeyword$_verifyElementPresent_closure1.call(VerifyElementPresentKeyword.groovy)
	at com.kms.katalon.core.webui.keyword.internal.WebUIKeywordMain.runKeyword(WebUIKeywordMain.groovy:20)
	... 19 more]]></system-err>
      </testcase>
      <system-out><![CDATA[2019-05-06 15:47:32 - [TEST_SUITE][FAILED] - BugPageGeneralTab: Test Cases/BugPage/verify_addingComments FAILED.
Reason:
com.kms.katalon.core.exception.StepFailedException: Unable to verify object 'Object Repository/Page_BugsUI New Bug/latestComment' is present
	at com.kms.katalon.core.webui.keyword.internal.WebUIKeywordMain.stepFailed(WebUIKeywordMain.groovy:64)
	at com.kms.katalon.core.webui.keyword.internal.WebUIKeywordMain.runKeyword(WebUIKeywordMain.groovy:26)
	at com.kms.katalon.core.webui.keyword.builtin.VerifyElementPresentKeyword.verifyElementPresent(VerifyElementPresentKeyword.groovy:92)
	at com.kms.katalon.core.webui.keyword.builtin.VerifyElementPresentKeyword.execute(VerifyElementPresentKeyword.groovy:68)
	at com.kms.katalon.core.keyword.internal.KeywordExecutor.executeKeywordForPlatform(KeywordExecutor.groovy:56)
	at com.kms.katalon.core.webui.keyword.WebUiBuiltInKeywords.verifyElementPresent(WebUiBuiltInKeywords.groovy:1434)
	at com.kms.katalon.core.webui.keyword.WebUiBuiltInKeywords$verifyElementPresent$5.call(Unknown Source)
	at verify_addingComments.run(verify_addingComments:60)
	at com.kms.katalon.core.main.ScriptEngine.run(ScriptEngine.java:194)
	at com.kms.katalon.core.main.ScriptEngine.runScriptAsRawText(ScriptEngine.java:119)
	at com.kms.katalon.core.main.TestCaseExecutor.runScript(TestCaseExecutor.java:336)
	at com.kms.katalon.core.main.TestCaseExecutor.doExecute(TestCaseExecutor.java:327)
	at com.kms.katalon.core.main.TestCaseExecutor.processExecutionPhase(TestCaseExecutor.java:306)
	at com.kms.katalon.core.main.TestCaseExecutor.accessMainPhase(TestCaseExecutor.java:298)
	at com.kms.katalon.core.main.TestCaseExecutor.execute(TestCaseExecutor.java:232)
	at com.kms.katalon.core.main.TestSuiteExecutor.accessTestCaseMainPhase(TestSuiteExecutor.java:129)
	at com.kms.katalon.core.main.TestSuiteExecutor.accessTestSuiteMainPhase(TestSuiteExecutor.java:112)
	at com.kms.katalon.core.main.TestSuiteExecutor.execute(TestSuiteExecutor.java:81)
	at com.kms.katalon.core.main.TestCaseMain.startTestSuite(TestCaseMain.java:157)
	at com.kms.katalon.core.main.TestCaseMain$startTestSuite$0.call(Unknown Source)
	at TempTestSuite1557137850213.run(TempTestSuite1557137850213.groovy:35)
Caused by: com.kms.katalon.core.exception.StepFailedException: com.kms.katalon.core.webui.exception.WebElementNotFoundException: Web element with id: 'Object Repository/Page_BugsUI New Bug/latestComment' located by 'By.xpath: //div[@id="comments"]/div[@class="ng-star-inserted"]/div[@class="comment-box w-100 mt-4 mb-3"]/pre' not found
	at com.kms.katalon.core.webui.keyword.internal.WebUIKeywordMain.stepFailed(WebUIKeywordMain.groovy:64)
	at com.kms.katalon.core.webui.keyword.builtin.VerifyElementPresentKeyword$_verifyElementPresent_closure1.doCall(VerifyElementPresentKeyword.groovy:85)
	at com.kms.katalon.core.webui.keyword.builtin.VerifyElementPresentKeyword$_verifyElementPresent_closure1.call(VerifyElementPresentKeyword.groovy)
	at com.kms.katalon.core.webui.keyword.internal.WebUIKeywordMain.runKeyword(WebUIKeywordMain.groovy:20)
	... 19 more]]></system-out>
      <system-err><![CDATA[2019-05-06 15:47:32 - [TEST_SUITE][FAILED] - BugPageGeneralTab: Test Cases/BugPage/verify_addingComments FAILED.
Reason:
com.kms.katalon.core.exception.StepFailedException: Unable to verify object 'Object Repository/Page_BugsUI New Bug/latestComment' is present
	at com.kms.katalon.core.webui.keyword.internal.WebUIKeywordMain.stepFailed(WebUIKeywordMain.groovy:64)
	at com.kms.katalon.core.webui.keyword.internal.WebUIKeywordMain.runKeyword(WebUIKeywordMain.groovy:26)
	at com.kms.katalon.core.webui.keyword.builtin.VerifyElementPresentKeyword.verifyElementPresent(VerifyElementPresentKeyword.groovy:92)
	at com.kms.katalon.core.webui.keyword.builtin.VerifyElementPresentKeyword.execute(VerifyElementPresentKeyword.groovy:68)
	at com.kms.katalon.core.keyword.internal.KeywordExecutor.executeKeywordForPlatform(KeywordExecutor.groovy:56)
	at com.kms.katalon.core.webui.keyword.WebUiBuiltInKeywords.verifyElementPresent(WebUiBuiltInKeywords.groovy:1434)
	at com.kms.katalon.core.webui.keyword.WebUiBuiltInKeywords$verifyElementPresent$5.call(Unknown Source)
	at verify_addingComments.run(verify_addingComments:60)
	at com.kms.katalon.core.main.ScriptEngine.run(ScriptEngine.java:194)
	at com.kms.katalon.core.main.ScriptEngine.runScriptAsRawText(ScriptEngine.java:119)
	at com.kms.katalon.core.main.TestCaseExecutor.runScript(TestCaseExecutor.java:336)
	at com.kms.katalon.core.main.TestCaseExecutor.doExecute(TestCaseExecutor.java:327)
	at com.kms.katalon.core.main.TestCaseExecutor.processExecutionPhase(TestCaseExecutor.java:306)
	at com.kms.katalon.core.main.TestCaseExecutor.accessMainPhase(TestCaseExecutor.java:298)
	at com.kms.katalon.core.main.TestCaseExecutor.execute(TestCaseExecutor.java:232)
	at com.kms.katalon.core.main.TestSuiteExecutor.accessTestCaseMainPhase(TestSuiteExecutor.java:129)
	at com.kms.katalon.core.main.TestSuiteExecutor.accessTestSuiteMainPhase(TestSuiteExecutor.java:112)
	at com.kms.katalon.core.main.TestSuiteExecutor.execute(TestSuiteExecutor.java:81)
	at com.kms.katalon.core.main.TestCaseMain.startTestSuite(TestCaseMain.java:157)
	at com.kms.katalon.core.main.TestCaseMain$startTestSuite$0.call(Unknown Source)
	at TempTestSuite1557137850213.run(TempTestSuite1557137850213.groovy:35)
Caused by: com.kms.katalon.core.exception.StepFailedException: com.kms.katalon.core.webui.exception.WebElementNotFoundException: Web element with id: 'Object Repository/Page_BugsUI New Bug/latestComment' located by 'By.xpath: //div[@id="comments"]/div[@class="ng-star-inserted"]/div[@class="comment-box w-100 mt-4 mb-3"]/pre' not found
	at com.kms.katalon.core.webui.keyword.internal.WebUIKeywordMain.stepFailed(WebUIKeywordMain.groovy:64)
	at com.kms.katalon.core.webui.keyword.builtin.VerifyElementPresentKeyword$_verifyElementPresent_closure1.doCall(VerifyElementPresentKeyword.groovy:85)
	at com.kms.katalon.core.webui.keyword.builtin.VerifyElementPresentKeyword$_verifyElementPresent_closure1.call(VerifyElementPresentKeyword.groovy)
	at com.kms.katalon.core.webui.keyword.internal.WebUIKeywordMain.runKeyword(WebUIKeywordMain.groovy:20)
	... 19 more]]></system-err>
   </testsuite>
</testsuites>
