<?xml version="1.0" encoding="UTF-8"?>
<testsuites name="Edit_Product_Suite" time="49" tests="1" failures="1" errors="0">
   <testsuite name="Edit_Product_Suite" tests="1" failures="1" errors="0" time="49" timestamp="2019-04-24 14:55:08" hostname="Kumar.nagendra - HMECL001948.happiestminds.com" id="Test Suites/Edit_Product_Suite">
      <properties>
         <property name="deviceName" value=""/>
         <property name="devicePlatform" value=""/>
         <property name="logFolder" value="C:\\New-Bugzilla-Application\\New_Bugzilla-UI-V2\\Reports\\Edit_Product_Suite\\20190424_145505"/>
         <property name="logFiles" value="C:\\New-Bugzilla-Application\\New_Bugzilla-UI-V2\\Reports\\Edit_Product_Suite\\20190424_145505\\execution0.log"/>
         <property name="attachments" value=""/>
         <property name="hostName" value="Kumar.nagendra - HMECL001948.happiestminds.com"/>
         <property name="os" value="Windows 10 64bit"/>
         <property name="katalonVersion" value="5.3.0.1"/>
         <property name="browser" value="Chrome 73.0.3683.103"/>
         <property name="hostAddress" value="10.95.75.221"/>
         <property name="sessionId" value="ec1e51f5df13bfe11bbe67e42bb18738"/>
         <property name="seleniumVersion" value="3.7.1"/>
         <property name="proxyInformation" value="ProxyInformation{proxyOption=NO_PROXY, proxyServerType=HTTP, password=, proxyServerAddress=, proxyServerPort=0}"/>
         <property name="platform" value="Windows 10"/>
      </properties>
      <testcase name="Test Cases/Edit_Product/Edit_product_fields" classname="Test Cases/Edit_Product/Edit_product_fields" status="PASSED">
         <system-out><![CDATA[2019-04-24 14:55:08 - [TEST_CASE][PASSED] - Test Cases/Edit_Product/Edit_product_fields: Test Cases/Edit_Product/Edit_product_fields

2019-04-24 14:55:08 - [TEST_STEP][PASSED] - openBrowser: Browser is opened with url: ''

2019-04-24 14:55:11 - [MESSAGE][PASSED] - Browser is opened with url: ''

2019-04-24 14:55:11 - [TEST_STEP][PASSED] - navigateToUrl: Navigate to 'https://le-bugsui.staging.corp.arista.io/dashboard' successfully

2019-04-24 14:55:30 - [MESSAGE][PASSED] - Navigate to 'https://le-bugsui.staging.corp.arista.io/dashboard' successfully

2019-04-24 14:55:30 - [TEST_STEP][PASSED] - delay: Delayed 3 second(s)

2019-04-24 14:55:33 - [MESSAGE][PASSED] - Delayed 3 second(s)

2019-04-24 14:55:33 - [TEST_STEP][PASSED] - reusable.loginBugZillaUI.login: reusable.loginBugZillaUI.login is PASSED

2019-04-24 14:55:34 - [MESSAGE][PASSED] - Current window maximized

2019-04-24 14:55:34 - [MESSAGE][PASSED] - Text 'knagendra-ext' is set on object 'Object Repository/Page_BugsUI/input_username'

2019-04-24 14:55:34 - [MESSAGE][PASSED] - Text 'Kum1!@#$%^&*()ar' is set on object 'Object Repository/Page_BugsUI/input_password'

2019-04-24 14:55:34 - [MESSAGE][PASSED] - Object 'Object Repository/Page_BugsUI/button_Login' is clickable

2019-04-24 14:55:35 - [MESSAGE][PASSED] - Object: 'Object Repository/Page_BugsUI/button_Login' is clicked on

2019-04-24 14:55:35 - [MESSAGE][PASSED] - reusable.loginBugZillaUI.login is PASSED

2019-04-24 14:55:35 - [TEST_STEP][PASSED] - delay: Delayed 6 second(s)

2019-04-24 14:55:41 - [MESSAGE][PASSED] - Delayed 6 second(s)

2019-04-24 14:55:41 - [TEST_STEP][PASSED] - Statement - If (com.kms.katalon.core.webui.keyword.WebUiBuiltInKeywords.verifyElementPresent(com.kms.katalon.core.testobject.ObjectRepository.findTestObject(Page_BugsUI Dashboard/span_Dashboard), 0)): Object: 'Object Repository/Page_BugsUI Dashboard/a_Edit' is clicked on

2019-04-24 14:55:41 - [MESSAGE][WARNING] - Timeout '0' is invalid. Using default page load timeout: '30'

2019-04-24 14:55:41 - [MESSAGE][PASSED] - Object 'Object Repository/Page_BugsUI Dashboard/span_Dashboard' is present

2019-04-24 14:55:41 - [TEST_STEP][PASSED] - Statement - If (com.kms.katalon.core.webui.keyword.WebUiBuiltInKeywords.verifyElementPresent(com.kms.katalon.core.testobject.ObjectRepository.findTestObject(Page_BugsUI Dashboard/button_Product), 10)): Object: 'Object Repository/Page_BugsUI Dashboard/a_Edit' is clicked on

2019-04-24 14:55:41 - [MESSAGE][PASSED] - Object 'Object Repository/Page_BugsUI Dashboard/button_Product' is present

2019-04-24 14:55:41 - [TEST_STEP][PASSED] - click: Object: 'Object Repository/Page_BugsUI Dashboard/button_Product' is clicked on

2019-04-24 14:55:41 - [MESSAGE][PASSED] - Object: 'Object Repository/Page_BugsUI Dashboard/button_Product' is clicked on

2019-04-24 14:55:41 - [TEST_STEP][PASSED] - delay: Delayed 2 second(s)

2019-04-24 14:55:43 - [MESSAGE][PASSED] - Delayed 2 second(s)

2019-04-24 14:55:43 - [TEST_STEP][PASSED] - Statement - If (com.kms.katalon.core.webui.keyword.WebUiBuiltInKeywords.verifyElementPresent(com.kms.katalon.core.testobject.ObjectRepository.findTestObject(Page_BugsUI Dashboard/a_Edit), 5)): Object: 'Object Repository/Page_BugsUI Dashboard/a_Edit' is clicked on

2019-04-24 14:55:43 - [MESSAGE][PASSED] - Object 'Object Repository/Page_BugsUI Dashboard/a_Edit' is present

2019-04-24 14:55:43 - [TEST_STEP][PASSED] - click: Object: 'Object Repository/Page_BugsUI Dashboard/a_Edit' is clicked on

2019-04-24 14:55:43 - [MESSAGE][PASSED] - Object: 'Object Repository/Page_BugsUI Dashboard/a_Edit' is clicked on

2019-04-24 14:55:43 - [TEST_STEP][PASSED] - verifyElementPresent: Object 'Object Repository/Page_BugsUI Edit Product/span_Edit Product' is present

2019-04-24 14:55:43 - [MESSAGE][WARNING] - Timeout '0' is invalid. Using default page load timeout: '30'

2019-04-24 14:55:46 - [MESSAGE][PASSED] - Object 'Object Repository/Page_BugsUI Edit Product/span_Edit Product' is present

2019-04-24 14:55:46 - [TEST_STEP][PASSED] - reusable.editPage.selectProduct: reusable.editPage.selectProduct is PASSED

2019-04-24 14:55:46 - [MESSAGE][PASSED] - Text 'Software' is set on object 'Object Repository/Page_BugsUI Edit Product/div_Choose Classification'

2019-04-24 14:55:48 - [MESSAGE][PASSED] - Delayed 2 second(s)

2019-04-24 14:55:48 - [MESSAGE][PASSED] - Object: 'Object Repository/Page_BugsUI Edit Product/span_Software' is clicked on

2019-04-24 14:55:49 - [MESSAGE][PASSED] - Text '1-Auto-edit' is set on object 'Object Repository/Page_BugsUI Edit Product/div_Choose Product'

2019-04-24 14:55:51 - [MESSAGE][PASSED] - Delayed 2 second(s)

2019-04-24 14:55:51 - [MESSAGE][PASSED] - Object: 'Object Repository/Page_BugsUI Edit Product/span_1-Auto-edit' is clicked on

2019-04-24 14:55:53 - [MESSAGE][PASSED] - Delayed 2 second(s)

2019-04-24 14:55:53 - [MESSAGE][PASSED] - reusable.editPage.selectProduct is PASSED

2019-04-24 14:55:53 - [TEST_STEP][PASSED] - verifyElementPresent: Object 'Object Repository/Page_BugsUI Edit Product/input_newName' is present

2019-04-24 14:55:53 - [MESSAGE][WARNING] - Timeout '0' is invalid. Using default page load timeout: '30'

2019-04-24 14:55:53 - [MESSAGE][PASSED] - Object 'Object Repository/Page_BugsUI Edit Product/input_newName' is present

2019-04-24 14:55:53 - [TEST_STEP][PASSED] - verifyElementPresent: Object 'Object Repository/Page_BugsUI Edit Product/textarea_description' is present

2019-04-24 14:55:53 - [MESSAGE][WARNING] - Timeout '0' is invalid. Using default page load timeout: '30'

2019-04-24 14:55:53 - [MESSAGE][PASSED] - Object 'Object Repository/Page_BugsUI Edit Product/textarea_description' is present

2019-04-24 14:55:53 - [TEST_STEP][PASSED] - verifyElementPresent: Object 'Object Repository/Page_BugsUI Edit Product/div_closed_for_bug_entry' is present

2019-04-24 14:55:53 - [MESSAGE][WARNING] - Timeout '0' is invalid. Using default page load timeout: '30'

2019-04-24 14:55:53 - [MESSAGE][PASSED] - Object 'Object Repository/Page_BugsUI Edit Product/div_closed_for_bug_entry' is present

2019-04-24 14:55:53 - [TEST_STEP][PASSED] - Statement - If (com.kms.katalon.core.webui.keyword.WebUiBuiltInKeywords.verifyElementNotClickable(com.kms.katalon.core.testobject.ObjectRepository.findTestObject(Page_BugsUI Edit Product/button_update_product))): null

2019-04-24 14:55:53 - [MESSAGE][PASSED] - Object 'Object Repository/Page_BugsUI Edit Product/button_update_product' is NOT clickable

2019-04-24 14:55:53 - [TEST_STEP][PASSED] - Statement - assert true: null

2019-04-24 14:55:53 - [TEST_STEP][PASSED] - scrollToElement: Scroll to object 'Object Repository/Page_BugsUI Edit Product/button_Delete Product' successfully

2019-04-24 14:55:53 - [MESSAGE][PASSED] - Scroll to object 'Object Repository/Page_BugsUI Edit Product/button_Delete Product' successfully

2019-04-24 14:55:53 - [TEST_STEP][PASSED] - verifyElementPresent: Object 'Object Repository/Page_BugsUI Edit Product/div_Component Information' is present

2019-04-24 14:55:53 - [MESSAGE][WARNING] - Timeout '0' is invalid. Using default page load timeout: '30'

2019-04-24 14:55:53 - [MESSAGE][PASSED] - Object 'Object Repository/Page_BugsUI Edit Product/div_Component Information' is present

2019-04-24 14:55:53 - [TEST_STEP][PASSED] - verifyElementPresent: Object 'Object Repository/Page_BugsUI Edit Product/button_Refresh components' is present

2019-04-24 14:55:53 - [MESSAGE][WARNING] - Timeout '0' is invalid. Using default page load timeout: '30'

2019-04-24 14:55:53 - [MESSAGE][PASSED] - Object 'Object Repository/Page_BugsUI Edit Product/button_Refresh components' is present

2019-04-24 14:55:53 - [TEST_STEP][PASSED] - verifyElementPresent: Object 'Object Repository/Page_BugsUI Edit Product/button_AddNewRow_Component' is present

2019-04-24 14:55:53 - [MESSAGE][WARNING] - Timeout '0' is invalid. Using default page load timeout: '30'

2019-04-24 14:55:53 - [MESSAGE][PASSED] - Object 'Object Repository/Page_BugsUI Edit Product/button_AddNewRow_Component' is present

2019-04-24 14:55:53 - [TEST_STEP][PASSED] - verifyElementPresent: Object 'Object Repository/Page_BugsUI Edit Product/span_Version Information' is present

2019-04-24 14:55:53 - [MESSAGE][WARNING] - Timeout '0' is invalid. Using default page load timeout: '30'

2019-04-24 14:55:53 - [MESSAGE][PASSED] - Object 'Object Repository/Page_BugsUI Edit Product/span_Version Information' is present

2019-04-24 14:55:53 - [TEST_STEP][PASSED] - verifyElementPresent: Object 'Object Repository/Page_BugsUI Edit Product/button_Refresh versions' is present

2019-04-24 14:55:53 - [MESSAGE][WARNING] - Timeout '0' is invalid. Using default page load timeout: '30'

2019-04-24 14:55:53 - [MESSAGE][PASSED] - Object 'Object Repository/Page_BugsUI Edit Product/button_Refresh versions' is present

2019-04-24 14:55:53 - [TEST_STEP][PASSED] - verifyElementPresent: Object 'Object Repository/Page_BugsUI Edit Product/button_AddNewRow_version' is present

2019-04-24 14:55:53 - [MESSAGE][WARNING] - Timeout '0' is invalid. Using default page load timeout: '30'

2019-04-24 14:55:53 - [MESSAGE][PASSED] - Object 'Object Repository/Page_BugsUI Edit Product/button_AddNewRow_version' is present

2019-04-24 14:55:53 - [TEST_STEP][PASSED] - delay: Delayed 2 second(s)

2019-04-24 14:55:55 - [MESSAGE][PASSED] - Delayed 2 second(s)]]></system-out>
         <system-err><![CDATA[]]></system-err>
      </testcase>
      <testcase name="Test Cases/Edit_Product/verify_values_prepopulated" classname="Test Cases/Edit_Product/verify_values_prepopulated" status="FAILED">
         <failure type="FAILED" message="org.codehaus.groovy.runtime.powerassert.PowerAssertionError: assert false
"/>
         <system-out><![CDATA[2019-04-24 14:55:55 - [TEST_CASE][FAILED] - Test Cases/Edit_Product/verify_values_prepopulated: Test Cases/Edit_Product/verify_values_prepopulated FAILED because (of) org.codehaus.groovy.runtime.powerassert.PowerAssertionError: assert false


2019-04-24 14:55:56 - [TEST_STEP][PASSED] - scrollToElement: Scroll to object 'Object Repository/Page_BugsUI Edit Product/input_newName' successfully

2019-04-24 14:55:56 - [MESSAGE][PASSED] - Scroll to object 'Object Repository/Page_BugsUI Edit Product/input_newName' successfully

2019-04-24 14:55:56 - [TEST_STEP][PASSED] - Statement - productName = com.kms.katalon.core.webui.keyword.WebUiBuiltInKeywords.getText(com.kms.katalon.core.testobject.ObjectRepository.findTestObject(Page_BugsUI Edit Product/input_newName)): Text of object 'Object Repository/Page_BugsUI Edit Product/input_newName' is: ''

2019-04-24 14:55:56 - [MESSAGE][PASSED] - Text of object 'Object Repository/Page_BugsUI Edit Product/input_newName' is: ''

2019-04-24 14:55:56 - [TEST_STEP][PASSED] - Statement - productDescription = com.kms.katalon.core.webui.keyword.WebUiBuiltInKeywords.getText(com.kms.katalon.core.testobject.ObjectRepository.findTestObject(Page_BugsUI Edit Product/textarea_description)): Text of object 'Object Repository/Page_BugsUI Edit Product/textarea_description' is: ''

2019-04-24 14:55:56 - [MESSAGE][PASSED] - Text of object 'Object Repository/Page_BugsUI Edit Product/textarea_description' is: ''

2019-04-24 14:55:56 - [TEST_STEP][PASSED] - Statement - println("product name is ---" + productName): null

2019-04-24 14:55:56 - [TEST_STEP][PASSED] - Statement - println("product productDescription is ---" + productDescription): null

2019-04-24 14:55:56 - [TEST_STEP][PASSED] - Statement - If (productName.equals("1-Auto-edit")): null

2019-04-24 14:55:56 - [TEST_STEP][PASSED] - Statement - Else: null

2019-04-24 14:55:56 - [TEST_STEP][PASSED] - Statement - assert false: null]]></system-out>
         <system-err><![CDATA[2019-04-24 14:55:55 - [TEST_CASE][FAILED] - Test Cases/Edit_Product/verify_values_prepopulated: Test Cases/Edit_Product/verify_values_prepopulated FAILED because (of) org.codehaus.groovy.runtime.powerassert.PowerAssertionError: assert false]]></system-err>
      </testcase>
      <system-out><![CDATA[2019-04-24 14:55:08 - [TEST_SUITE][FAILED] - Edit_Product_Suite: Test Cases/Edit_Product/verify_values_prepopulated FAILED because (of) org.codehaus.groovy.runtime.powerassert.PowerAssertionError: assert false]]></system-out>
      <system-err><![CDATA[2019-04-24 14:55:08 - [TEST_SUITE][FAILED] - Edit_Product_Suite: Test Cases/Edit_Product/verify_values_prepopulated FAILED because (of) org.codehaus.groovy.runtime.powerassert.PowerAssertionError: assert false]]></system-err>
   </testsuite>
</testsuites>
