<?xml version="1.0" encoding="UTF-8"?>
<testsuites name="SmokeSuite" time="229" tests="8" failures="3" errors="0">
   <testsuite name="SmokeSuite" tests="8" failures="3" errors="0" time="229" timestamp="2019-05-05 12:03:42" hostname="HMECL001948$ - HMECL001948.happiestminds.com" id="Test Suites/SmokeSuite">
      <properties>
         <property name="deviceName" value=""/>
         <property name="devicePlatform" value=""/>
         <property name="logFolder" value="C:\\New-Bugzilla-Application\\Automation\\New_Bugzilla-UI-V2\\Reports\\SmokeSuite\\20190505_120339"/>
         <property name="logFiles" value="C:\\New-Bugzilla-Application\\Automation\\New_Bugzilla-UI-V2\\Reports\\SmokeSuite\\20190505_120339\\execution0.log"/>
         <property name="attachments" value="C:\\New-Bugzilla-Application\\Automation\\New_Bugzilla-UI-V2\\Reports\\SmokeSuite\\20190505_120339\\1557038106242.png"/>
         <property name="hostName" value="HMECL001948$ - HMECL001948.happiestminds.com"/>
         <property name="os" value="Windows 10 64bit"/>
         <property name="katalonVersion" value="5.3.0.1"/>
         <property name="browser" value="Chrome 74.0.3729.131"/>
         <property name="hostAddress" value="10.95.75.221"/>
         <property name="sessionId" value="0716b42db9a1d29cf088d9465805d9b7"/>
         <property name="seleniumVersion" value="3.7.1"/>
         <property name="proxyInformation" value="ProxyInformation{proxyOption=NO_PROXY, proxyServerType=HTTP, password=, proxyServerAddress=, proxyServerPort=0}"/>
         <property name="platform" value="Windows 10"/>
      </properties>
      <testcase name="Test Cases/Login/Bugzilla-LoginPage-Loads" classname="Test Cases/Login/Bugzilla-LoginPage-Loads" status="PASSED">
         <system-out><![CDATA[2019-05-05 12:03:42 - [TEST_CASE][PASSED] - Test Cases/Login/Bugzilla-LoginPage-Loads: Test Cases/Login/Bugzilla-LoginPage-Loads

2019-05-05 12:03:43 - [TEST_STEP][PASSED] - openBrowser: Browser is opened with url: ''

2019-05-05 12:03:45 - [MESSAGE][PASSED] - Browser is opened with url: ''

2019-05-05 12:03:45 - [TEST_STEP][PASSED] - navigateToUrl: Navigate to 'https://le-bugsui.staging.corp.arista.io/dashboard' successfully

2019-05-05 12:03:59 - [MESSAGE][PASSED] - Navigate to 'https://le-bugsui.staging.corp.arista.io/dashboard' successfully

2019-05-05 12:03:59 - [TEST_STEP][PASSED] - delay: Delayed 5 second(s)

2019-05-05 12:04:04 - [MESSAGE][PASSED] - Delayed 5 second(s)

2019-05-05 12:04:04 - [TEST_STEP][PASSED] - maximizeWindow: Current window maximized

2019-05-05 12:04:04 - [MESSAGE][PASSED] - Current window maximized

2019-05-05 12:04:04 - [TEST_STEP][PASSED] - verifyElementPresent: Object 'Object Repository/Page_BugsUI/input_username' is present

2019-05-05 12:04:04 - [MESSAGE][WARNING] - Timeout '0' is invalid. Using default page load timeout: '30'

2019-05-05 12:04:04 - [MESSAGE][PASSED] - Object 'Object Repository/Page_BugsUI/input_username' is present

2019-05-05 12:04:04 - [TEST_STEP][PASSED] - verifyElementPresent: Object 'Object Repository/Page_BugsUI/input_password' is present

2019-05-05 12:04:04 - [MESSAGE][WARNING] - Timeout '0' is invalid. Using default page load timeout: '30'

2019-05-05 12:04:04 - [MESSAGE][PASSED] - Object 'Object Repository/Page_BugsUI/input_password' is present

2019-05-05 12:04:04 - [TEST_STEP][PASSED] - verifyElementPresent: Object 'Object Repository/Page_BugsUI/checkbox_RememberMe' is present

2019-05-05 12:04:04 - [MESSAGE][WARNING] - Timeout '0' is invalid. Using default page load timeout: '30'

2019-05-05 12:04:04 - [MESSAGE][PASSED] - Object 'Object Repository/Page_BugsUI/checkbox_RememberMe' is present

2019-05-05 12:04:04 - [TEST_STEP][PASSED] - Statement - If (com.kms.katalon.core.webui.keyword.WebUiBuiltInKeywords.getText(com.kms.katalon.core.testobject.ObjectRepository.findTestObject(Page_BugsUI/label_rememberMe)).equals("Remember me")): null

2019-05-05 12:04:05 - [MESSAGE][PASSED] - Text of object 'Object Repository/Page_BugsUI/label_rememberMe' is: 'Remember me'

2019-05-05 12:04:05 - [TEST_STEP][PASSED] - Statement - assert true: null

2019-05-05 12:04:05 - [TEST_STEP][PASSED] - Statement - If (com.kms.katalon.core.webui.keyword.WebUiBuiltInKeywords.verifyElementNotClickable(com.kms.katalon.core.testobject.ObjectRepository.findTestObject(Page_BugsUI/button_Login))): null

2019-05-05 12:04:05 - [MESSAGE][PASSED] - Object 'Object Repository/Page_BugsUI/button_Login' is NOT clickable

2019-05-05 12:04:05 - [TEST_STEP][PASSED] - Statement - assert true: null

2019-05-05 12:04:05 - [TEST_STEP][PASSED] - closeBrowser: Browser is closed

2019-05-05 12:04:05 - [MESSAGE][PASSED] - Browser is closed]]></system-out>
         <system-err><![CDATA[]]></system-err>
      </testcase>
      <testcase name="Test Cases/Login/Valid_Login" classname="Test Cases/Login/Valid_Login" status="PASSED">
         <system-out><![CDATA[2019-05-05 12:04:05 - [TEST_CASE][PASSED] - Test Cases/Login/Valid_Login: Test Cases/Login/Valid_Login

2019-05-05 12:04:06 - [TEST_STEP][PASSED] - openBrowser: Browser is opened with url: ''

2019-05-05 12:04:07 - [MESSAGE][PASSED] - Browser is opened with url: ''

2019-05-05 12:04:07 - [TEST_STEP][PASSED] - navigateToUrl: Navigate to 'https://le-bugsui.staging.corp.arista.io/dashboard' successfully

2019-05-05 12:04:19 - [MESSAGE][PASSED] - Navigate to 'https://le-bugsui.staging.corp.arista.io/dashboard' successfully

2019-05-05 12:04:19 - [TEST_STEP][PASSED] - delay: Delayed 5 second(s)

2019-05-05 12:04:24 - [MESSAGE][PASSED] - Delayed 5 second(s)

2019-05-05 12:04:24 - [TEST_STEP][PASSED] - maximizeWindow: Current window maximized

2019-05-05 12:04:24 - [MESSAGE][PASSED] - Current window maximized

2019-05-05 12:04:24 - [TEST_STEP][PASSED] - delay: Delayed 1 second(s)

2019-05-05 12:04:25 - [MESSAGE][PASSED] - Delayed 1 second(s)

2019-05-05 12:04:25 - [TEST_STEP][PASSED] - setText: Text 'knagendra-ext' is set on object 'Object Repository/Page_BugsUI/input_username'

2019-05-05 12:04:25 - [MESSAGE][PASSED] - Text 'knagendra-ext' is set on object 'Object Repository/Page_BugsUI/input_username'

2019-05-05 12:04:25 - [TEST_STEP][PASSED] - setText: Text 'Kum1!@#$%^&*()ar' is set on object 'Object Repository/Page_BugsUI/input_password'

2019-05-05 12:04:25 - [MESSAGE][PASSED] - Text 'Kum1!@#$%^&*()ar' is set on object 'Object Repository/Page_BugsUI/input_password'

2019-05-05 12:04:25 - [TEST_STEP][PASSED] - delay: Delayed 1 second(s)

2019-05-05 12:04:26 - [MESSAGE][PASSED] - Delayed 1 second(s)

2019-05-05 12:04:26 - [TEST_STEP][PASSED] - Statement - If (com.kms.katalon.core.webui.keyword.WebUiBuiltInKeywords.verifyElementClickable(com.kms.katalon.core.testobject.ObjectRepository.findTestObject(Page_BugsUI/button_Login))): Object: 'Object Repository/Page_BugsUI/button_Login' is clicked on

2019-05-05 12:04:26 - [MESSAGE][PASSED] - Object 'Object Repository/Page_BugsUI/button_Login' is clickable

2019-05-05 12:04:26 - [TEST_STEP][PASSED] - click: Object: 'Object Repository/Page_BugsUI/button_Login' is clicked on

2019-05-05 12:04:27 - [MESSAGE][PASSED] - Object: 'Object Repository/Page_BugsUI/button_Login' is clicked on

2019-05-05 12:04:27 - [TEST_STEP][PASSED] - delay: Delayed 3 second(s)

2019-05-05 12:04:30 - [MESSAGE][PASSED] - Delayed 3 second(s)

2019-05-05 12:04:30 - [TEST_STEP][PASSED] - Statement - If (com.kms.katalon.core.webui.keyword.WebUiBuiltInKeywords.verifyElementPresent(com.kms.katalon.core.testobject.ObjectRepository.findTestObject(Page_BugsUI Dashboard/span_Dashboard), 0)): null

2019-05-05 12:04:30 - [MESSAGE][WARNING] - Timeout '0' is invalid. Using default page load timeout: '30'

2019-05-05 12:04:30 - [MESSAGE][PASSED] - Object 'Object Repository/Page_BugsUI Dashboard/span_Dashboard' is present

2019-05-05 12:04:30 - [TEST_STEP][PASSED] - Statement - assert true: null

2019-05-05 12:04:30 - [TEST_STEP][PASSED] - closeBrowser: Browser is closed

2019-05-05 12:04:30 - [MESSAGE][PASSED] - Browser is closed]]></system-out>
         <system-err><![CDATA[]]></system-err>
      </testcase>
      <testcase name="Test Cases/Add_Product/AddProductFields_verification" classname="Test Cases/Add_Product/AddProductFields_verification" status="FAILED">
         <failure type="FAILED" message="Unable to click on object 'Object Repository/Page_BugsUI Add Product/AddProduct_button' (Root cause: org.openqa.selenium.WebDriverException: unknown error: Element &lt;button _ngcontent-c10=&quot;&quot; class=&quot;btn btn-sm btn-primary&quot; type=&quot;button&quot;>...&lt;/button> is not clickable at point (336, 635). Other element would receive the click: &lt;a _ngcontent-c2=&quot;&quot; href=&quot;/search?status=ASSIGNED,NEW,REOPENED,RESOLVED,CLOSED&amp;amp;reporter=kumar.nagendra@happiestminds.com&quot;>...&lt;/a>
  (Session info: chrome=74.0.3729.131)
  (Driver info: chromedriver=2.35.528161 (5b82f2d2aae0ca24b877009200ced9065a772e73),platform=Windows NT 10.0.14393 x86_64) (WARNING: The server did not provide any stacktrace information)
Command duration or timeout: 0 milliseconds
Build info: version: '3.7.1', revision: '8a0099a', time: '2017-11-06T21:07:36.161Z'
System info: host: 'HMECL001948', ip: '10.95.75.221', os.name: 'Windows 10', os.arch: 'amd64', os.version: '10.0', java.version: '1.8.0_102'
Driver info: com.kms.katalon.selenium.driver.CChromeDriver
Capabilities {acceptInsecureCerts: false, acceptSslCerts: false, applicationCacheEnabled: false, browserConnectionEnabled: false, browserName: chrome, chrome: {chromedriverVersion: 2.35.528161 (5b82f2d2aae0ca..., userDataDir: C:\WINDOWS\TEMP\scoped_dir7...}, cssSelectorsEnabled: true, databaseEnabled: false, handlesAlerts: true, hasTouchScreen: false, javascriptEnabled: true, locationContextEnabled: true, mobileEmulationEnabled: false, nativeEvents: true, networkConnectionEnabled: false, pageLoadStrategy: normal, platform: XP, platformName: XP, rotatable: false, setWindowRect: true, takesHeapSnapshot: true, takesScreenshot: true, unexpectedAlertBehaviour: , unhandledPromptBehavior: , version: 74.0.3729.131, webStorageEnabled: true}
Session ID: 14fd05ce6081dbf5a76076925d4851e1)"/>
         <system-out><![CDATA[2019-05-05 12:04:30 - [TEST_CASE][FAILED] - Test Cases/Add_Product/AddProductFields_verification: Test Cases/Add_Product/AddProductFields_verification FAILED because (of) Unable to click on object 'Object Repository/Page_BugsUI Add Product/AddProduct_button' (Root cause: org.openqa.selenium.WebDriverException: unknown error: Element <button _ngcontent-c10="" class="btn btn-sm btn-primary" type="button">...</button> is not clickable at point (336, 635). Other element would receive the click: <a _ngcontent-c2="" href="/search?status=ASSIGNED,NEW,REOPENED,RESOLVED,CLOSED&amp;reporter=kumar.nagendra@happiestminds.com">...</a>
  (Session info: chrome=74.0.3729.131)
  (Driver info: chromedriver=2.35.528161 (5b82f2d2aae0ca24b877009200ced9065a772e73),platform=Windows NT 10.0.14393 x86_64) (WARNING: The server did not provide any stacktrace information)
Command duration or timeout: 0 milliseconds
Build info: version: '3.7.1', revision: '8a0099a', time: '2017-11-06T21:07:36.161Z'
System info: host: 'HMECL001948', ip: '10.95.75.221', os.name: 'Windows 10', os.arch: 'amd64', os.version: '10.0', java.version: '1.8.0_102'
Driver info: com.kms.katalon.selenium.driver.CChromeDriver
Capabilities {acceptInsecureCerts: false, acceptSslCerts: false, applicationCacheEnabled: false, browserConnectionEnabled: false, browserName: chrome, chrome: {chromedriverVersion: 2.35.528161 (5b82f2d2aae0ca..., userDataDir: C:\WINDOWS\TEMP\scoped_dir7...}, cssSelectorsEnabled: true, databaseEnabled: false, handlesAlerts: true, hasTouchScreen: false, javascriptEnabled: true, locationContextEnabled: true, mobileEmulationEnabled: false, nativeEvents: true, networkConnectionEnabled: false, pageLoadStrategy: normal, platform: XP, platformName: XP, rotatable: false, setWindowRect: true, takesHeapSnapshot: true, takesScreenshot: true, unexpectedAlertBehaviour: , unhandledPromptBehavior: , version: 74.0.3729.131, webStorageEnabled: true}
Session ID: 14fd05ce6081dbf5a76076925d4851e1)

2019-05-05 12:04:31 - [TEST_STEP][PASSED] - openBrowser: Browser is opened with url: ''

2019-05-05 12:04:32 - [MESSAGE][PASSED] - Browser is opened with url: ''

2019-05-05 12:04:32 - [TEST_STEP][PASSED] - navigateToUrl: Navigate to 'https://le-bugsui.staging.corp.arista.io/dashboard' successfully

2019-05-05 12:04:44 - [MESSAGE][PASSED] - Navigate to 'https://le-bugsui.staging.corp.arista.io/dashboard' successfully

2019-05-05 12:04:44 - [TEST_STEP][PASSED] - delay: Delayed 3 second(s)

2019-05-05 12:04:47 - [MESSAGE][PASSED] - Delayed 3 second(s)

2019-05-05 12:04:47 - [TEST_STEP][PASSED] - reusable.loginBugZillaUI.login: reusable.loginBugZillaUI.login is PASSED

2019-05-05 12:04:47 - [MESSAGE][PASSED] - Current window maximized

2019-05-05 12:04:47 - [MESSAGE][PASSED] - Text 'knagendra-ext' is set on object 'Object Repository/Page_BugsUI/input_username'

2019-05-05 12:04:48 - [MESSAGE][PASSED] - Text 'Kum1!@#$%^&*()ar' is set on object 'Object Repository/Page_BugsUI/input_password'

2019-05-05 12:04:48 - [MESSAGE][PASSED] - Object 'Object Repository/Page_BugsUI/button_Login' is clickable

2019-05-05 12:04:48 - [MESSAGE][PASSED] - Object: 'Object Repository/Page_BugsUI/button_Login' is clicked on

2019-05-05 12:04:48 - [MESSAGE][PASSED] - reusable.loginBugZillaUI.login is PASSED

2019-05-05 12:04:48 - [TEST_STEP][PASSED] - delay: Delayed 6 second(s)

2019-05-05 12:04:54 - [MESSAGE][PASSED] - Delayed 6 second(s)

2019-05-05 12:04:54 - [TEST_STEP][PASSED] - Statement - If (com.kms.katalon.core.webui.keyword.WebUiBuiltInKeywords.verifyElementPresent(com.kms.katalon.core.testobject.ObjectRepository.findTestObject(Page_BugsUI Dashboard/span_Dashboard), 0)): Object: 'Object Repository/Page_BugsUI Dashboard/a_Add' is clicked on

2019-05-05 12:04:54 - [MESSAGE][WARNING] - Timeout '0' is invalid. Using default page load timeout: '30'

2019-05-05 12:04:54 - [MESSAGE][PASSED] - Object 'Object Repository/Page_BugsUI Dashboard/span_Dashboard' is present

2019-05-05 12:04:54 - [TEST_STEP][PASSED] - Statement - If (com.kms.katalon.core.webui.keyword.WebUiBuiltInKeywords.verifyElementPresent(com.kms.katalon.core.testobject.ObjectRepository.findTestObject(Page_BugsUI Dashboard/button_Product), 10)): Object: 'Object Repository/Page_BugsUI Dashboard/a_Add' is clicked on

2019-05-05 12:04:54 - [MESSAGE][PASSED] - Object 'Object Repository/Page_BugsUI Dashboard/button_Product' is present

2019-05-05 12:04:54 - [TEST_STEP][PASSED] - click: Object: 'Object Repository/Page_BugsUI Dashboard/button_Product' is clicked on

2019-05-05 12:04:54 - [MESSAGE][PASSED] - Object: 'Object Repository/Page_BugsUI Dashboard/button_Product' is clicked on

2019-05-05 12:04:54 - [TEST_STEP][PASSED] - delay: Delayed 2 second(s)

2019-05-05 12:04:56 - [MESSAGE][PASSED] - Delayed 2 second(s)

2019-05-05 12:04:56 - [TEST_STEP][PASSED] - Statement - If (com.kms.katalon.core.webui.keyword.WebUiBuiltInKeywords.verifyElementPresent(com.kms.katalon.core.testobject.ObjectRepository.findTestObject(Page_BugsUI Dashboard/a_Add), 5)): Object: 'Object Repository/Page_BugsUI Dashboard/a_Add' is clicked on

2019-05-05 12:04:56 - [MESSAGE][PASSED] - Object 'Object Repository/Page_BugsUI Dashboard/a_Add' is present

2019-05-05 12:04:56 - [TEST_STEP][PASSED] - click: Object: 'Object Repository/Page_BugsUI Dashboard/a_Add' is clicked on

2019-05-05 12:04:56 - [MESSAGE][PASSED] - Object: 'Object Repository/Page_BugsUI Dashboard/a_Add' is clicked on

2019-05-05 12:04:56 - [TEST_STEP][PASSED] - delay: Delayed 3 second(s)

2019-05-05 12:04:59 - [MESSAGE][PASSED] - Delayed 3 second(s)

2019-05-05 12:04:59 - [TEST_STEP][PASSED] - Statement - If (com.kms.katalon.core.webui.keyword.WebUiBuiltInKeywords.verifyElementPresent(com.kms.katalon.core.testobject.ObjectRepository.findTestObject(Page_BugsUI Add Product/span_Add Product), 0)): null

2019-05-05 12:04:59 - [MESSAGE][WARNING] - Timeout '0' is invalid. Using default page load timeout: '30'

2019-05-05 12:04:59 - [MESSAGE][PASSED] - Object 'Object Repository/Page_BugsUI Add Product/span_Add Product' is present

2019-05-05 12:04:59 - [TEST_STEP][PASSED] - Statement - assert true: null

2019-05-05 12:04:59 - [TEST_STEP][PASSED] - verifyElementPresent: Object 'Object Repository/Page_BugsUI Add Product/div_Choose Classification' is present

2019-05-05 12:04:59 - [MESSAGE][PASSED] - Object 'Object Repository/Page_BugsUI Add Product/div_Choose Classification' is present

2019-05-05 12:04:59 - [TEST_STEP][PASSED] - verifyElementPresent: Object 'Object Repository/Page_BugsUI Add Product/input_name' is present

2019-05-05 12:04:59 - [MESSAGE][PASSED] - Object 'Object Repository/Page_BugsUI Add Product/input_name' is present

2019-05-05 12:04:59 - [TEST_STEP][PASSED] - verifyElementPresent: Object 'Object Repository/Page_BugsUI Add Product/textarea_description' is present

2019-05-05 12:04:59 - [MESSAGE][PASSED] - Object 'Object Repository/Page_BugsUI Add Product/textarea_description' is present

2019-05-05 12:04:59 - [TEST_STEP][PASSED] - verifyElementPresent: Object 'Object Repository/Page_BugsUI Add Product/checkbox_closedForBugEntry' is present

2019-05-05 12:04:59 - [MESSAGE][PASSED] - Object 'Object Repository/Page_BugsUI Add Product/checkbox_closedForBugEntry' is present

2019-05-05 12:04:59 - [TEST_STEP][PASSED] - verifyElementPresent: Object 'Object Repository/Page_BugsUI Add Product/input_version' is present

2019-05-05 12:04:59 - [MESSAGE][PASSED] - Object 'Object Repository/Page_BugsUI Add Product/input_version' is present

2019-05-05 12:04:59 - [TEST_STEP][PASSED] - verifyElementPresent: Object 'Object Repository/Page_BugsUI Add Product/input_component' is present

2019-05-05 12:04:59 - [MESSAGE][PASSED] - Object 'Object Repository/Page_BugsUI Add Product/input_component' is present

2019-05-05 12:04:59 - [TEST_STEP][PASSED] - verifyElementPresent: Object 'Object Repository/Page_BugsUI Add Product/div_Choose Assignee' is present

2019-05-05 12:04:59 - [MESSAGE][PASSED] - Object 'Object Repository/Page_BugsUI Add Product/div_Choose Assignee' is present

2019-05-05 12:04:59 - [TEST_STEP][PASSED] - Statement - If (com.kms.katalon.core.webui.keyword.WebUiBuiltInKeywords.verifyElementNotClickable(com.kms.katalon.core.testobject.ObjectRepository.findTestObject(Page_BugsUI Add Product/AddProduct_button))): null

2019-05-05 12:04:59 - [MESSAGE][PASSED] - Object 'Object Repository/Page_BugsUI Add Product/AddProduct_button' is NOT clickable

2019-05-05 12:04:59 - [TEST_STEP][PASSED] - Statement - assert true: null

2019-05-05 12:04:59 - [TEST_STEP][PASSED] - click: Object: 'Object Repository/Page_BugsUI Add Product/div_Choose Classification' is clicked on

2019-05-05 12:04:59 - [MESSAGE][PASSED] - Object: 'Object Repository/Page_BugsUI Add Product/div_Choose Classification' is clicked on

2019-05-05 12:04:59 - [TEST_STEP][PASSED] - delay: Delayed 2 second(s)

2019-05-05 12:05:01 - [MESSAGE][PASSED] - Delayed 2 second(s)

2019-05-05 12:05:01 - [TEST_STEP][PASSED] - click: Object: 'Object Repository/Page_BugsUI Add Product/span_Software' is clicked on

2019-05-05 12:05:01 - [MESSAGE][PASSED] - Object: 'Object Repository/Page_BugsUI Add Product/span_Software' is clicked on

2019-05-05 12:05:01 - [TEST_STEP][PASSED] - setText: Text '1-Automation-testing' is set on object 'Object Repository/Page_BugsUI Add Product/input_name'

2019-05-05 12:05:02 - [MESSAGE][PASSED] - Text '1-Automation-testing' is set on object 'Object Repository/Page_BugsUI Add Product/input_name'

2019-05-05 12:05:02 - [TEST_STEP][PASSED] - setText: Text '1-Automation-testing Description' is set on object 'Object Repository/Page_BugsUI Add Product/textarea_description'

2019-05-05 12:05:02 - [MESSAGE][PASSED] - Text '1-Automation-testing Description' is set on object 'Object Repository/Page_BugsUI Add Product/textarea_description'

2019-05-05 12:05:02 - [TEST_STEP][PASSED] - setText: Text '1' is set on object 'Object Repository/Page_BugsUI Add Product/input_version'

2019-05-05 12:05:02 - [MESSAGE][PASSED] - Text '1' is set on object 'Object Repository/Page_BugsUI Add Product/input_version'

2019-05-05 12:05:02 - [TEST_STEP][PASSED] - Statement - If (com.kms.katalon.core.webui.keyword.WebUiBuiltInKeywords.verifyElementNotClickable(com.kms.katalon.core.testobject.ObjectRepository.findTestObject(Page_BugsUI Add Product/AddProduct_button))): null

2019-05-05 12:05:02 - [MESSAGE][PASSED] - Object 'Object Repository/Page_BugsUI Add Product/AddProduct_button' is NOT clickable

2019-05-05 12:05:02 - [TEST_STEP][PASSED] - Statement - assert true: null

2019-05-05 12:05:02 - [TEST_STEP][PASSED] - setText: Text 'kumar nagendra' is set on object 'Object Repository/Page_BugsUI Add Product/defaultAssigne_inputbox'

2019-05-05 12:05:02 - [MESSAGE][PASSED] - Text 'kumar nagendra' is set on object 'Object Repository/Page_BugsUI Add Product/defaultAssigne_inputbox'

2019-05-05 12:05:02 - [TEST_STEP][PASSED] - click: Object: 'Object Repository/Page_BugsUI Add Product/span_kumar.nagendra' is clicked on

2019-05-05 12:05:03 - [MESSAGE][PASSED] - Object: 'Object Repository/Page_BugsUI Add Product/span_kumar.nagendra' is clicked on

2019-05-05 12:05:03 - [TEST_STEP][PASSED] - delay: Delayed 2 second(s)

2019-05-05 12:05:05 - [MESSAGE][PASSED] - Delayed 2 second(s)

2019-05-05 12:05:05 - [TEST_STEP][PASSED] - Statement - If (com.kms.katalon.core.webui.keyword.WebUiBuiltInKeywords.verifyElementClickable(com.kms.katalon.core.testobject.ObjectRepository.findTestObject(Page_BugsUI Add Product/AddProduct_button))): null

2019-05-05 12:05:05 - [MESSAGE][PASSED] - Object 'Object Repository/Page_BugsUI Add Product/AddProduct_button' is clickable

2019-05-05 12:05:05 - [TEST_STEP][PASSED] - Statement - assert true: null

2019-05-05 12:05:05 - [TEST_STEP][PASSED] - setText: Text 'Auto-1' is set on object 'Object Repository/Page_BugsUI Add Product/input_component'

2019-05-05 12:05:05 - [MESSAGE][PASSED] - Text 'Auto-1' is set on object 'Object Repository/Page_BugsUI Add Product/input_component'

2019-05-05 12:05:05 - [TEST_STEP][PASSED] - verifyElementPresent: Object 'Object Repository/Page_BugsUI Add Product/componentDescription' is present

2019-05-05 12:05:05 - [MESSAGE][PASSED] - Object 'Object Repository/Page_BugsUI Add Product/componentDescription' is present

2019-05-05 12:05:05 - [TEST_STEP][PASSED] - Statement - If (com.kms.katalon.core.webui.keyword.WebUiBuiltInKeywords.verifyElementNotClickable(com.kms.katalon.core.testobject.ObjectRepository.findTestObject(Page_BugsUI Add Product/AddProduct_button))): null

2019-05-05 12:05:05 - [MESSAGE][PASSED] - Object 'Object Repository/Page_BugsUI Add Product/AddProduct_button' is NOT clickable

2019-05-05 12:05:05 - [TEST_STEP][PASSED] - Statement - assert true: null

2019-05-05 12:05:05 - [TEST_STEP][PASSED] - setText: Text 'Auto-1 description' is set on object 'Object Repository/Page_BugsUI Add Product/componentDescription'

2019-05-05 12:05:05 - [MESSAGE][PASSED] - Text 'Auto-1 description' is set on object 'Object Repository/Page_BugsUI Add Product/componentDescription'

2019-05-05 12:05:05 - [TEST_STEP][PASSED] - Statement - If (com.kms.katalon.core.webui.keyword.WebUiBuiltInKeywords.verifyElementClickable(com.kms.katalon.core.testobject.ObjectRepository.findTestObject(Page_BugsUI Add Product/AddProduct_button))): null

2019-05-05 12:05:06 - [MESSAGE][PASSED] - Object 'Object Repository/Page_BugsUI Add Product/AddProduct_button' is clickable

2019-05-05 12:05:06 - [TEST_STEP][PASSED] - Statement - assert true: null

2019-05-05 12:05:06 - [TEST_STEP][PASSED] - clearText: Text of object 'Object Repository/Page_BugsUI Add Product/input_name' is cleared

2019-05-05 12:05:06 - [MESSAGE][PASSED] - Text of object 'Object Repository/Page_BugsUI Add Product/input_name' is cleared

2019-05-05 12:05:06 - [TEST_STEP][PASSED] - setText: Text 'BugsUITest' is set on object 'Object Repository/Page_BugsUI Add Product/input_name'

2019-05-05 12:05:06 - [MESSAGE][PASSED] - Text 'BugsUITest' is set on object 'Object Repository/Page_BugsUI Add Product/input_name'

2019-05-05 12:05:06 - [TEST_STEP][FAILED] - click: Unable to click on object 'Object Repository/Page_BugsUI Add Product/AddProduct_button' (Root cause: org.openqa.selenium.WebDriverException: unknown error: Element <button _ngcontent-c10="" class="btn btn-sm btn-primary" type="button">...</button> is not clickable at point (336, 635). Other element would receive the click: <a _ngcontent-c2="" href="/search?status=ASSIGNED,NEW,REOPENED,RESOLVED,CLOSED&amp;reporter=kumar.nagendra@happiestminds.com">...</a>
  (Session info: chrome=74.0.3729.131)
  (Driver info: chromedriver=2.35.528161 (5b82f2d2aae0ca24b877009200ced9065a772e73),platform=Windows NT 10.0.14393 x86_64) (WARNING: The server did not provide any stacktrace information)
Command duration or timeout: 0 milliseconds
Build info: version: '3.7.1', revision: '8a0099a', time: '2017-11-06T21:07:36.161Z'
System info: host: 'HMECL001948', ip: '10.95.75.221', os.name: 'Windows 10', os.arch: 'amd64', os.version: '10.0', java.version: '1.8.0_102'
Driver info: com.kms.katalon.selenium.driver.CChromeDriver
Capabilities {acceptInsecureCerts: false, acceptSslCerts: false, applicationCacheEnabled: false, browserConnectionEnabled: false, browserName: chrome, chrome: {chromedriverVersion: 2.35.528161 (5b82f2d2aae0ca..., userDataDir: C:\WINDOWS\TEMP\scoped_dir7...}, cssSelectorsEnabled: true, databaseEnabled: false, handlesAlerts: true, hasTouchScreen: false, javascriptEnabled: true, locationContextEnabled: true, mobileEmulationEnabled: false, nativeEvents: true, networkConnectionEnabled: false, pageLoadStrategy: normal, platform: XP, platformName: XP, rotatable: false, setWindowRect: true, takesHeapSnapshot: true, takesScreenshot: true, unexpectedAlertBehaviour: , unhandledPromptBehavior: , version: 74.0.3729.131, webStorageEnabled: true}
Session ID: 14fd05ce6081dbf5a76076925d4851e1)

2019-05-05 12:05:06 - [MESSAGE][FAILED] - Unable to click on object 'Object Repository/Page_BugsUI Add Product/AddProduct_button' (Root cause: org.openqa.selenium.WebDriverException: unknown error: Element <button _ngcontent-c10="" class="btn btn-sm btn-primary" type="button">...</button> is not clickable at point (336, 635). Other element would receive the click: <a _ngcontent-c2="" href="/search?status=ASSIGNED,NEW,REOPENED,RESOLVED,CLOSED&amp;reporter=kumar.nagendra@happiestminds.com">...</a>
  (Session info: chrome=74.0.3729.131)
  (Driver info: chromedriver=2.35.528161 (5b82f2d2aae0ca24b877009200ced9065a772e73),platform=Windows NT 10.0.14393 x86_64) (WARNING: The server did not provide any stacktrace information)
Command duration or timeout: 0 milliseconds
Build info: version: '3.7.1', revision: '8a0099a', time: '2017-11-06T21:07:36.161Z'
System info: host: 'HMECL001948', ip: '10.95.75.221', os.name: 'Windows 10', os.arch: 'amd64', os.version: '10.0', java.version: '1.8.0_102'
Driver info: com.kms.katalon.selenium.driver.CChromeDriver
Capabilities {acceptInsecureCerts: false, acceptSslCerts: false, applicationCacheEnabled: false, browserConnectionEnabled: false, browserName: chrome, chrome: {chromedriverVersion: 2.35.528161 (5b82f2d2aae0ca..., userDataDir: C:\WINDOWS\TEMP\scoped_dir7...}, cssSelectorsEnabled: true, databaseEnabled: false, handlesAlerts: true, hasTouchScreen: false, javascriptEnabled: true, locationContextEnabled: true, mobileEmulationEnabled: false, nativeEvents: true, networkConnectionEnabled: false, pageLoadStrategy: normal, platform: XP, platformName: XP, rotatable: false, setWindowRect: true, takesHeapSnapshot: true, takesScreenshot: true, unexpectedAlertBehaviour: , unhandledPromptBehavior: , version: 74.0.3729.131, webStorageEnabled: true}
Session ID: 14fd05ce6081dbf5a76076925d4851e1)
[[ATTACHMENT|C:\\New-Bugzilla-Application\\Automation\\New_Bugzilla-UI-V2\\Reports\\SmokeSuite\\20190505_120339\\1557038106242.png]]]]></system-out>
         <system-err><![CDATA[2019-05-05 12:04:30 - [TEST_CASE][FAILED] - Test Cases/Add_Product/AddProductFields_verification: Test Cases/Add_Product/AddProductFields_verification FAILED because (of) Unable to click on object 'Object Repository/Page_BugsUI Add Product/AddProduct_button' (Root cause: org.openqa.selenium.WebDriverException: unknown error: Element <button _ngcontent-c10="" class="btn btn-sm btn-primary" type="button">...</button> is not clickable at point (336, 635). Other element would receive the click: <a _ngcontent-c2="" href="/search?status=ASSIGNED,NEW,REOPENED,RESOLVED,CLOSED&amp;reporter=kumar.nagendra@happiestminds.com">...</a>
  (Session info: chrome=74.0.3729.131)
  (Driver info: chromedriver=2.35.528161 (5b82f2d2aae0ca24b877009200ced9065a772e73),platform=Windows NT 10.0.14393 x86_64) (WARNING: The server did not provide any stacktrace information)
Command duration or timeout: 0 milliseconds
Build info: version: '3.7.1', revision: '8a0099a', time: '2017-11-06T21:07:36.161Z'
System info: host: 'HMECL001948', ip: '10.95.75.221', os.name: 'Windows 10', os.arch: 'amd64', os.version: '10.0', java.version: '1.8.0_102'
Driver info: com.kms.katalon.selenium.driver.CChromeDriver
Capabilities {acceptInsecureCerts: false, acceptSslCerts: false, applicationCacheEnabled: false, browserConnectionEnabled: false, browserName: chrome, chrome: {chromedriverVersion: 2.35.528161 (5b82f2d2aae0ca..., userDataDir: C:\WINDOWS\TEMP\scoped_dir7...}, cssSelectorsEnabled: true, databaseEnabled: false, handlesAlerts: true, hasTouchScreen: false, javascriptEnabled: true, locationContextEnabled: true, mobileEmulationEnabled: false, nativeEvents: true, networkConnectionEnabled: false, pageLoadStrategy: normal, platform: XP, platformName: XP, rotatable: false, setWindowRect: true, takesHeapSnapshot: true, takesScreenshot: true, unexpectedAlertBehaviour: , unhandledPromptBehavior: , version: 74.0.3729.131, webStorageEnabled: true}
Session ID: 14fd05ce6081dbf5a76076925d4851e1)]]></system-err>
      </testcase>
      <testcase name="Test Cases/Add_Product/AddedProductAvailability" classname="Test Cases/Add_Product/AddedProductAvailability" status="FAILED">
         <failure type="FAILED" message="Unable to verify object 'Object Repository/Page_BugsUI New Bug/span_Raise New Bug' is present (Root cause: org.openqa.selenium.UnhandledAlertException: unexpected alert open
  (Session info: chrome=74.0.3729.131)
  (Driver info: chromedriver=2.35.528161 (5b82f2d2aae0ca24b877009200ced9065a772e73),platform=Windows NT 10.0.14393 x86_64) (WARNING: The server did not provide any stacktrace information)
Command duration or timeout: 0 milliseconds: null
Build info: version: '3.7.1', revision: '8a0099a', time: '2017-11-06T21:07:36.161Z'
System info: host: 'HMECL001948', ip: '10.95.75.221', os.name: 'Windows 10', os.arch: 'amd64', os.version: '10.0', java.version: '1.8.0_102'
Driver info: com.kms.katalon.selenium.driver.CChromeDriver
Capabilities {acceptInsecureCerts: false, acceptSslCerts: false, applicationCacheEnabled: false, browserConnectionEnabled: false, browserName: chrome, chrome: {chromedriverVersion: 2.35.528161 (5b82f2d2aae0ca..., userDataDir: C:\WINDOWS\TEMP\scoped_dir7...}, cssSelectorsEnabled: true, databaseEnabled: false, handlesAlerts: true, hasTouchScreen: false, javascriptEnabled: true, locationContextEnabled: true, mobileEmulationEnabled: false, nativeEvents: true, networkConnectionEnabled: false, pageLoadStrategy: normal, platform: XP, platformName: XP, rotatable: false, setWindowRect: true, takesHeapSnapshot: true, takesScreenshot: true, unexpectedAlertBehaviour: , unhandledPromptBehavior: , version: 74.0.3729.131, webStorageEnabled: true}
Session ID: 14fd05ce6081dbf5a76076925d4851e1
*** Element info: {Using=xpath, value=//span[(text() = 'Raise New Bug' or . = 'Raise New Bug')]})"/>
         <system-out><![CDATA[2019-05-05 12:05:06 - [TEST_CASE][FAILED] - Test Cases/Add_Product/AddedProductAvailability: Test Cases/Add_Product/AddedProductAvailability FAILED because (of) Unable to verify object 'Object Repository/Page_BugsUI New Bug/span_Raise New Bug' is present (Root cause: org.openqa.selenium.UnhandledAlertException: unexpected alert open
  (Session info: chrome=74.0.3729.131)
  (Driver info: chromedriver=2.35.528161 (5b82f2d2aae0ca24b877009200ced9065a772e73),platform=Windows NT 10.0.14393 x86_64) (WARNING: The server did not provide any stacktrace information)
Command duration or timeout: 0 milliseconds: null
Build info: version: '3.7.1', revision: '8a0099a', time: '2017-11-06T21:07:36.161Z'
System info: host: 'HMECL001948', ip: '10.95.75.221', os.name: 'Windows 10', os.arch: 'amd64', os.version: '10.0', java.version: '1.8.0_102'
Driver info: com.kms.katalon.selenium.driver.CChromeDriver
Capabilities {acceptInsecureCerts: false, acceptSslCerts: false, applicationCacheEnabled: false, browserConnectionEnabled: false, browserName: chrome, chrome: {chromedriverVersion: 2.35.528161 (5b82f2d2aae0ca..., userDataDir: C:\WINDOWS\TEMP\scoped_dir7...}, cssSelectorsEnabled: true, databaseEnabled: false, handlesAlerts: true, hasTouchScreen: false, javascriptEnabled: true, locationContextEnabled: true, mobileEmulationEnabled: false, nativeEvents: true, networkConnectionEnabled: false, pageLoadStrategy: normal, platform: XP, platformName: XP, rotatable: false, setWindowRect: true, takesHeapSnapshot: true, takesScreenshot: true, unexpectedAlertBehaviour: , unhandledPromptBehavior: , version: 74.0.3729.131, webStorageEnabled: true}
Session ID: 14fd05ce6081dbf5a76076925d4851e1
*** Element info: {Using=xpath, value=//span[(text() = 'Raise New Bug' or . = 'Raise New Bug')]})

2019-05-05 12:05:06 - [TEST_STEP][PASSED] - delay: Delayed 3 second(s)

2019-05-05 12:05:09 - [MESSAGE][PASSED] - Delayed 3 second(s)

2019-05-05 12:05:09 - [TEST_STEP][PASSED] - Statement - If (com.kms.katalon.core.webui.keyword.WebUiBuiltInKeywords.verifyElementPresent(com.kms.katalon.core.testobject.ObjectRepository.findTestObject(Page_BugsUI Dashboard/a_New Bug), 0)): Object: 'Object Repository/Page_BugsUI Dashboard/a_New Bug' is clicked on

2019-05-05 12:05:09 - [MESSAGE][WARNING] - Timeout '0' is invalid. Using default page load timeout: '30'

2019-05-05 12:05:09 - [MESSAGE][PASSED] - Object 'Object Repository/Page_BugsUI Dashboard/a_New Bug' is present

2019-05-05 12:05:09 - [TEST_STEP][PASSED] - click: Object: 'Object Repository/Page_BugsUI Dashboard/a_New Bug' is clicked on

2019-05-05 12:05:09 - [MESSAGE][PASSED] - Object: 'Object Repository/Page_BugsUI Dashboard/a_New Bug' is clicked on

2019-05-05 12:05:09 - [TEST_STEP][PASSED] - delay: Delayed 3 second(s)

2019-05-05 12:05:12 - [MESSAGE][PASSED] - Delayed 3 second(s)

2019-05-05 12:05:12 - [TEST_STEP][FAILED] - verifyElementPresent: Unable to verify object 'Object Repository/Page_BugsUI New Bug/span_Raise New Bug' is present (Root cause: org.openqa.selenium.UnhandledAlertException: unexpected alert open
  (Session info: chrome=74.0.3729.131)
  (Driver info: chromedriver=2.35.528161 (5b82f2d2aae0ca24b877009200ced9065a772e73),platform=Windows NT 10.0.14393 x86_64) (WARNING: The server did not provide any stacktrace information)
Command duration or timeout: 0 milliseconds: null
Build info: version: '3.7.1', revision: '8a0099a', time: '2017-11-06T21:07:36.161Z'
System info: host: 'HMECL001948', ip: '10.95.75.221', os.name: 'Windows 10', os.arch: 'amd64', os.version: '10.0', java.version: '1.8.0_102'
Driver info: com.kms.katalon.selenium.driver.CChromeDriver
Capabilities {acceptInsecureCerts: false, acceptSslCerts: false, applicationCacheEnabled: false, browserConnectionEnabled: false, browserName: chrome, chrome: {chromedriverVersion: 2.35.528161 (5b82f2d2aae0ca..., userDataDir: C:\WINDOWS\TEMP\scoped_dir7...}, cssSelectorsEnabled: true, databaseEnabled: false, handlesAlerts: true, hasTouchScreen: false, javascriptEnabled: true, locationContextEnabled: true, mobileEmulationEnabled: false, nativeEvents: true, networkConnectionEnabled: false, pageLoadStrategy: normal, platform: XP, platformName: XP, rotatable: false, setWindowRect: true, takesHeapSnapshot: true, takesScreenshot: true, unexpectedAlertBehaviour: , unhandledPromptBehavior: , version: 74.0.3729.131, webStorageEnabled: true}
Session ID: 14fd05ce6081dbf5a76076925d4851e1
*** Element info: {Using=xpath, value=//span[(text() = 'Raise New Bug' or . = 'Raise New Bug')]})

2019-05-05 12:05:12 - [MESSAGE][WARNING] - Timeout '0' is invalid. Using default page load timeout: '30'

2019-05-05 12:05:14 - [MESSAGE][WARNING] - Cannot take screenshot

2019-05-05 12:05:14 - [MESSAGE][FAILED] - Unable to verify object 'Object Repository/Page_BugsUI New Bug/span_Raise New Bug' is present (Root cause: org.openqa.selenium.UnhandledAlertException: unexpected alert open
  (Session info: chrome=74.0.3729.131)
  (Driver info: chromedriver=2.35.528161 (5b82f2d2aae0ca24b877009200ced9065a772e73),platform=Windows NT 10.0.14393 x86_64) (WARNING: The server did not provide any stacktrace information)
Command duration or timeout: 0 milliseconds: null
Build info: version: '3.7.1', revision: '8a0099a', time: '2017-11-06T21:07:36.161Z'
System info: host: 'HMECL001948', ip: '10.95.75.221', os.name: 'Windows 10', os.arch: 'amd64', os.version: '10.0', java.version: '1.8.0_102'
Driver info: com.kms.katalon.selenium.driver.CChromeDriver
Capabilities {acceptInsecureCerts: false, acceptSslCerts: false, applicationCacheEnabled: false, browserConnectionEnabled: false, browserName: chrome, chrome: {chromedriverVersion: 2.35.528161 (5b82f2d2aae0ca..., userDataDir: C:\WINDOWS\TEMP\scoped_dir7...}, cssSelectorsEnabled: true, databaseEnabled: false, handlesAlerts: true, hasTouchScreen: false, javascriptEnabled: true, locationContextEnabled: true, mobileEmulationEnabled: false, nativeEvents: true, networkConnectionEnabled: false, pageLoadStrategy: normal, platform: XP, platformName: XP, rotatable: false, setWindowRect: true, takesHeapSnapshot: true, takesScreenshot: true, unexpectedAlertBehaviour: , unhandledPromptBehavior: , version: 74.0.3729.131, webStorageEnabled: true}
Session ID: 14fd05ce6081dbf5a76076925d4851e1
*** Element info: {Using=xpath, value=//span[(text() = 'Raise New Bug' or . = 'Raise New Bug')]})]]></system-out>
         <system-err><![CDATA[2019-05-05 12:05:06 - [TEST_CASE][FAILED] - Test Cases/Add_Product/AddedProductAvailability: Test Cases/Add_Product/AddedProductAvailability FAILED because (of) Unable to verify object 'Object Repository/Page_BugsUI New Bug/span_Raise New Bug' is present (Root cause: org.openqa.selenium.UnhandledAlertException: unexpected alert open
  (Session info: chrome=74.0.3729.131)
  (Driver info: chromedriver=2.35.528161 (5b82f2d2aae0ca24b877009200ced9065a772e73),platform=Windows NT 10.0.14393 x86_64) (WARNING: The server did not provide any stacktrace information)
Command duration or timeout: 0 milliseconds: null
Build info: version: '3.7.1', revision: '8a0099a', time: '2017-11-06T21:07:36.161Z'
System info: host: 'HMECL001948', ip: '10.95.75.221', os.name: 'Windows 10', os.arch: 'amd64', os.version: '10.0', java.version: '1.8.0_102'
Driver info: com.kms.katalon.selenium.driver.CChromeDriver
Capabilities {acceptInsecureCerts: false, acceptSslCerts: false, applicationCacheEnabled: false, browserConnectionEnabled: false, browserName: chrome, chrome: {chromedriverVersion: 2.35.528161 (5b82f2d2aae0ca..., userDataDir: C:\WINDOWS\TEMP\scoped_dir7...}, cssSelectorsEnabled: true, databaseEnabled: false, handlesAlerts: true, hasTouchScreen: false, javascriptEnabled: true, locationContextEnabled: true, mobileEmulationEnabled: false, nativeEvents: true, networkConnectionEnabled: false, pageLoadStrategy: normal, platform: XP, platformName: XP, rotatable: false, setWindowRect: true, takesHeapSnapshot: true, takesScreenshot: true, unexpectedAlertBehaviour: , unhandledPromptBehavior: , version: 74.0.3729.131, webStorageEnabled: true}
Session ID: 14fd05ce6081dbf5a76076925d4851e1
*** Element info: {Using=xpath, value=//span[(text() = 'Raise New Bug' or . = 'Raise New Bug')]})]]></system-err>
      </testcase>
      <testcase name="Test Cases/Add_Product/Delete_added_product" classname="Test Cases/Add_Product/Delete_added_product" status="FAILED">
         <failure type="FAILED" message="Unable to verify object 'Object Repository/Page_BugsUI Dashboard/button_Product' is present (Root cause: org.openqa.selenium.UnhandledAlertException: unexpected alert open: {Alert text : WARNING: You have unsaved changes. Press Cancel to go back and save these changes, or OK to lose these changes.}
  (Session info: chrome=74.0.3729.131)
  (Driver info: chromedriver=2.35.528161 (5b82f2d2aae0ca24b877009200ced9065a772e73),platform=Windows NT 10.0.14393 x86_64) (WARNING: The server did not provide any stacktrace information)
Command duration or timeout: 0 milliseconds: null
Build info: version: '3.7.1', revision: '8a0099a', time: '2017-11-06T21:07:36.161Z'
System info: host: 'HMECL001948', ip: '10.95.75.221', os.name: 'Windows 10', os.arch: 'amd64', os.version: '10.0', java.version: '1.8.0_102'
Driver info: com.kms.katalon.selenium.driver.CChromeDriver
Capabilities {acceptInsecureCerts: false, acceptSslCerts: false, applicationCacheEnabled: false, browserConnectionEnabled: false, browserName: chrome, chrome: {chromedriverVersion: 2.35.528161 (5b82f2d2aae0ca..., userDataDir: C:\WINDOWS\TEMP\scoped_dir7...}, cssSelectorsEnabled: true, databaseEnabled: false, handlesAlerts: true, hasTouchScreen: false, javascriptEnabled: true, locationContextEnabled: true, mobileEmulationEnabled: false, nativeEvents: true, networkConnectionEnabled: false, pageLoadStrategy: normal, platform: XP, platformName: XP, rotatable: false, setWindowRect: true, takesHeapSnapshot: true, takesScreenshot: true, unexpectedAlertBehaviour: , unhandledPromptBehavior: , version: 74.0.3729.131, webStorageEnabled: true}
Session ID: 14fd05ce6081dbf5a76076925d4851e1
*** Element info: {Using=xpath, value=//button[@id=&quot;bugzillaLinks&quot;]})"/>
         <system-out><![CDATA[2019-05-05 12:05:14 - [TEST_CASE][FAILED] - Test Cases/Add_Product/Delete_added_product: Test Cases/Add_Product/Delete_added_product FAILED because (of) Unable to verify object 'Object Repository/Page_BugsUI Dashboard/button_Product' is present (Root cause: org.openqa.selenium.UnhandledAlertException: unexpected alert open: {Alert text : WARNING: You have unsaved changes. Press Cancel to go back and save these changes, or OK to lose these changes.}
  (Session info: chrome=74.0.3729.131)
  (Driver info: chromedriver=2.35.528161 (5b82f2d2aae0ca24b877009200ced9065a772e73),platform=Windows NT 10.0.14393 x86_64) (WARNING: The server did not provide any stacktrace information)
Command duration or timeout: 0 milliseconds: null
Build info: version: '3.7.1', revision: '8a0099a', time: '2017-11-06T21:07:36.161Z'
System info: host: 'HMECL001948', ip: '10.95.75.221', os.name: 'Windows 10', os.arch: 'amd64', os.version: '10.0', java.version: '1.8.0_102'
Driver info: com.kms.katalon.selenium.driver.CChromeDriver
Capabilities {acceptInsecureCerts: false, acceptSslCerts: false, applicationCacheEnabled: false, browserConnectionEnabled: false, browserName: chrome, chrome: {chromedriverVersion: 2.35.528161 (5b82f2d2aae0ca..., userDataDir: C:\WINDOWS\TEMP\scoped_dir7...}, cssSelectorsEnabled: true, databaseEnabled: false, handlesAlerts: true, hasTouchScreen: false, javascriptEnabled: true, locationContextEnabled: true, mobileEmulationEnabled: false, nativeEvents: true, networkConnectionEnabled: false, pageLoadStrategy: normal, platform: XP, platformName: XP, rotatable: false, setWindowRect: true, takesHeapSnapshot: true, takesScreenshot: true, unexpectedAlertBehaviour: , unhandledPromptBehavior: , version: 74.0.3729.131, webStorageEnabled: true}
Session ID: 14fd05ce6081dbf5a76076925d4851e1
*** Element info: {Using=xpath, value=//button[@id="bugzillaLinks"]})

2019-05-05 12:05:14 - [TEST_STEP][FAILED] - Statement - If (com.kms.katalon.core.webui.keyword.WebUiBuiltInKeywords.verifyElementPresent(com.kms.katalon.core.testobject.ObjectRepository.findTestObject(Page_BugsUI Dashboard/button_Product), 10)): Unable to verify object 'Object Repository/Page_BugsUI Dashboard/button_Product' is present (Root cause: org.openqa.selenium.UnhandledAlertException: unexpected alert open: {Alert text : WARNING: You have unsaved changes. Press Cancel to go back and save these changes, or OK to lose these changes.}
  (Session info: chrome=74.0.3729.131)
  (Driver info: chromedriver=2.35.528161 (5b82f2d2aae0ca24b877009200ced9065a772e73),platform=Windows NT 10.0.14393 x86_64) (WARNING: The server did not provide any stacktrace information)
Command duration or timeout: 0 milliseconds: null
Build info: version: '3.7.1', revision: '8a0099a', time: '2017-11-06T21:07:36.161Z'
System info: host: 'HMECL001948', ip: '10.95.75.221', os.name: 'Windows 10', os.arch: 'amd64', os.version: '10.0', java.version: '1.8.0_102'
Driver info: com.kms.katalon.selenium.driver.CChromeDriver
Capabilities {acceptInsecureCerts: false, acceptSslCerts: false, applicationCacheEnabled: false, browserConnectionEnabled: false, browserName: chrome, chrome: {chromedriverVersion: 2.35.528161 (5b82f2d2aae0ca..., userDataDir: C:\WINDOWS\TEMP\scoped_dir7...}, cssSelectorsEnabled: true, databaseEnabled: false, handlesAlerts: true, hasTouchScreen: false, javascriptEnabled: true, locationContextEnabled: true, mobileEmulationEnabled: false, nativeEvents: true, networkConnectionEnabled: false, pageLoadStrategy: normal, platform: XP, platformName: XP, rotatable: false, setWindowRect: true, takesHeapSnapshot: true, takesScreenshot: true, unexpectedAlertBehaviour: , unhandledPromptBehavior: , version: 74.0.3729.131, webStorageEnabled: true}
Session ID: 14fd05ce6081dbf5a76076925d4851e1
*** Element info: {Using=xpath, value=//button[@id="bugzillaLinks"]})

2019-05-05 12:05:14 - [MESSAGE][WARNING] - Cannot take screenshot

2019-05-05 12:05:14 - [MESSAGE][FAILED] - Unable to verify object 'Object Repository/Page_BugsUI Dashboard/button_Product' is present (Root cause: org.openqa.selenium.UnhandledAlertException: unexpected alert open: {Alert text : WARNING: You have unsaved changes. Press Cancel to go back and save these changes, or OK to lose these changes.}
  (Session info: chrome=74.0.3729.131)
  (Driver info: chromedriver=2.35.528161 (5b82f2d2aae0ca24b877009200ced9065a772e73),platform=Windows NT 10.0.14393 x86_64) (WARNING: The server did not provide any stacktrace information)
Command duration or timeout: 0 milliseconds: null
Build info: version: '3.7.1', revision: '8a0099a', time: '2017-11-06T21:07:36.161Z'
System info: host: 'HMECL001948', ip: '10.95.75.221', os.name: 'Windows 10', os.arch: 'amd64', os.version: '10.0', java.version: '1.8.0_102'
Driver info: com.kms.katalon.selenium.driver.CChromeDriver
Capabilities {acceptInsecureCerts: false, acceptSslCerts: false, applicationCacheEnabled: false, browserConnectionEnabled: false, browserName: chrome, chrome: {chromedriverVersion: 2.35.528161 (5b82f2d2aae0ca..., userDataDir: C:\WINDOWS\TEMP\scoped_dir7...}, cssSelectorsEnabled: true, databaseEnabled: false, handlesAlerts: true, hasTouchScreen: false, javascriptEnabled: true, locationContextEnabled: true, mobileEmulationEnabled: false, nativeEvents: true, networkConnectionEnabled: false, pageLoadStrategy: normal, platform: XP, platformName: XP, rotatable: false, setWindowRect: true, takesHeapSnapshot: true, takesScreenshot: true, unexpectedAlertBehaviour: , unhandledPromptBehavior: , version: 74.0.3729.131, webStorageEnabled: true}
Session ID: 14fd05ce6081dbf5a76076925d4851e1
*** Element info: {Using=xpath, value=//button[@id="bugzillaLinks"]})]]></system-out>
         <system-err><![CDATA[2019-05-05 12:05:14 - [TEST_CASE][FAILED] - Test Cases/Add_Product/Delete_added_product: Test Cases/Add_Product/Delete_added_product FAILED because (of) Unable to verify object 'Object Repository/Page_BugsUI Dashboard/button_Product' is present (Root cause: org.openqa.selenium.UnhandledAlertException: unexpected alert open: {Alert text : WARNING: You have unsaved changes. Press Cancel to go back and save these changes, or OK to lose these changes.}
  (Session info: chrome=74.0.3729.131)
  (Driver info: chromedriver=2.35.528161 (5b82f2d2aae0ca24b877009200ced9065a772e73),platform=Windows NT 10.0.14393 x86_64) (WARNING: The server did not provide any stacktrace information)
Command duration or timeout: 0 milliseconds: null
Build info: version: '3.7.1', revision: '8a0099a', time: '2017-11-06T21:07:36.161Z'
System info: host: 'HMECL001948', ip: '10.95.75.221', os.name: 'Windows 10', os.arch: 'amd64', os.version: '10.0', java.version: '1.8.0_102'
Driver info: com.kms.katalon.selenium.driver.CChromeDriver
Capabilities {acceptInsecureCerts: false, acceptSslCerts: false, applicationCacheEnabled: false, browserConnectionEnabled: false, browserName: chrome, chrome: {chromedriverVersion: 2.35.528161 (5b82f2d2aae0ca..., userDataDir: C:\WINDOWS\TEMP\scoped_dir7...}, cssSelectorsEnabled: true, databaseEnabled: false, handlesAlerts: true, hasTouchScreen: false, javascriptEnabled: true, locationContextEnabled: true, mobileEmulationEnabled: false, nativeEvents: true, networkConnectionEnabled: false, pageLoadStrategy: normal, platform: XP, platformName: XP, rotatable: false, setWindowRect: true, takesHeapSnapshot: true, takesScreenshot: true, unexpectedAlertBehaviour: , unhandledPromptBehavior: , version: 74.0.3729.131, webStorageEnabled: true}
Session ID: 14fd05ce6081dbf5a76076925d4851e1
*** Element info: {Using=xpath, value=//button[@id="bugzillaLinks"]})]]></system-err>
      </testcase>
      <testcase name="Test Cases/Edit_Product/Edit_product_fields" classname="Test Cases/Edit_Product/Edit_product_fields" status="PASSED">
         <system-out><![CDATA[2019-05-05 12:05:14 - [TEST_CASE][PASSED] - Test Cases/Edit_Product/Edit_product_fields: Test Cases/Edit_Product/Edit_product_fields

2019-05-05 12:05:14 - [TEST_STEP][PASSED] - openBrowser: Browser is opened with url: ''

2019-05-05 12:05:14 - [MESSAGE][WARNING] - A browser is already opened. Closing browser and opening a new one

2019-05-05 12:05:16 - [MESSAGE][PASSED] - Browser is opened with url: ''

2019-05-05 12:05:16 - [TEST_STEP][PASSED] - navigateToUrl: Navigate to 'https://le-bugsui.staging.corp.arista.io/dashboard' successfully

2019-05-05 12:05:29 - [MESSAGE][PASSED] - Navigate to 'https://le-bugsui.staging.corp.arista.io/dashboard' successfully

2019-05-05 12:05:29 - [TEST_STEP][PASSED] - delay: Delayed 3 second(s)

2019-05-05 12:05:32 - [MESSAGE][PASSED] - Delayed 3 second(s)

2019-05-05 12:05:32 - [TEST_STEP][PASSED] - reusable.loginBugZillaUI.login: reusable.loginBugZillaUI.login is PASSED

2019-05-05 12:05:32 - [MESSAGE][PASSED] - Current window maximized

2019-05-05 12:05:32 - [MESSAGE][PASSED] - Text 'knagendra-ext' is set on object 'Object Repository/Page_BugsUI/input_username'

2019-05-05 12:05:33 - [MESSAGE][PASSED] - Text 'Kum1!@#$%^&*()ar' is set on object 'Object Repository/Page_BugsUI/input_password'

2019-05-05 12:05:33 - [MESSAGE][PASSED] - Object 'Object Repository/Page_BugsUI/button_Login' is clickable

2019-05-05 12:05:33 - [MESSAGE][PASSED] - Object: 'Object Repository/Page_BugsUI/button_Login' is clicked on

2019-05-05 12:05:33 - [MESSAGE][PASSED] - reusable.loginBugZillaUI.login is PASSED

2019-05-05 12:05:33 - [TEST_STEP][PASSED] - delay: Delayed 6 second(s)

2019-05-05 12:05:39 - [MESSAGE][PASSED] - Delayed 6 second(s)

2019-05-05 12:05:39 - [TEST_STEP][PASSED] - Statement - If (com.kms.katalon.core.webui.keyword.WebUiBuiltInKeywords.verifyElementPresent(com.kms.katalon.core.testobject.ObjectRepository.findTestObject(Page_BugsUI Dashboard/span_Dashboard), 0)): Object: 'Object Repository/Page_BugsUI Dashboard/a_Edit' is clicked on

2019-05-05 12:05:39 - [MESSAGE][WARNING] - Timeout '0' is invalid. Using default page load timeout: '30'

2019-05-05 12:05:39 - [MESSAGE][PASSED] - Object 'Object Repository/Page_BugsUI Dashboard/span_Dashboard' is present

2019-05-05 12:05:39 - [TEST_STEP][PASSED] - Statement - If (com.kms.katalon.core.webui.keyword.WebUiBuiltInKeywords.verifyElementPresent(com.kms.katalon.core.testobject.ObjectRepository.findTestObject(Page_BugsUI Dashboard/button_Product), 10)): Object: 'Object Repository/Page_BugsUI Dashboard/a_Edit' is clicked on

2019-05-05 12:05:39 - [MESSAGE][PASSED] - Object 'Object Repository/Page_BugsUI Dashboard/button_Product' is present

2019-05-05 12:05:39 - [TEST_STEP][PASSED] - click: Object: 'Object Repository/Page_BugsUI Dashboard/button_Product' is clicked on

2019-05-05 12:05:39 - [MESSAGE][PASSED] - Object: 'Object Repository/Page_BugsUI Dashboard/button_Product' is clicked on

2019-05-05 12:05:39 - [TEST_STEP][PASSED] - delay: Delayed 2 second(s)

2019-05-05 12:05:41 - [MESSAGE][PASSED] - Delayed 2 second(s)

2019-05-05 12:05:41 - [TEST_STEP][PASSED] - Statement - If (com.kms.katalon.core.webui.keyword.WebUiBuiltInKeywords.verifyElementPresent(com.kms.katalon.core.testobject.ObjectRepository.findTestObject(Page_BugsUI Dashboard/a_Edit), 5)): Object: 'Object Repository/Page_BugsUI Dashboard/a_Edit' is clicked on

2019-05-05 12:05:41 - [MESSAGE][PASSED] - Object 'Object Repository/Page_BugsUI Dashboard/a_Edit' is present

2019-05-05 12:05:41 - [TEST_STEP][PASSED] - click: Object: 'Object Repository/Page_BugsUI Dashboard/a_Edit' is clicked on

2019-05-05 12:05:41 - [MESSAGE][PASSED] - Object: 'Object Repository/Page_BugsUI Dashboard/a_Edit' is clicked on

2019-05-05 12:05:41 - [TEST_STEP][PASSED] - verifyElementPresent: Object 'Object Repository/Page_BugsUI Edit Product/span_Edit Product' is present

2019-05-05 12:05:41 - [MESSAGE][WARNING] - Timeout '0' is invalid. Using default page load timeout: '30'

2019-05-05 12:05:43 - [MESSAGE][PASSED] - Object 'Object Repository/Page_BugsUI Edit Product/span_Edit Product' is present

2019-05-05 12:05:43 - [TEST_STEP][PASSED] - reusable.editPage.selectProduct: reusable.editPage.selectProduct is PASSED

2019-05-05 12:05:44 - [MESSAGE][PASSED] - Text 'Software' is set on object 'Object Repository/Page_BugsUI Edit Product/div_Choose Classification'

2019-05-05 12:05:46 - [MESSAGE][PASSED] - Delayed 2 second(s)

2019-05-05 12:05:46 - [MESSAGE][PASSED] - Object: 'Object Repository/Page_BugsUI Edit Product/span_Software' is clicked on

2019-05-05 12:05:46 - [MESSAGE][PASSED] - Text '1-Auto-edit' is set on object 'Object Repository/Page_BugsUI Edit Product/div_Choose Product'

2019-05-05 12:05:48 - [MESSAGE][PASSED] - Delayed 2 second(s)

2019-05-05 12:05:48 - [MESSAGE][PASSED] - Object: 'Object Repository/Page_BugsUI Edit Product/span_1-Auto-edit' is clicked on

2019-05-05 12:05:50 - [MESSAGE][PASSED] - Delayed 2 second(s)

2019-05-05 12:05:50 - [MESSAGE][PASSED] - reusable.editPage.selectProduct is PASSED

2019-05-05 12:05:50 - [TEST_STEP][PASSED] - verifyElementPresent: Object 'Object Repository/Page_BugsUI Edit Product/input_newName' is present

2019-05-05 12:05:50 - [MESSAGE][WARNING] - Timeout '0' is invalid. Using default page load timeout: '30'

2019-05-05 12:05:50 - [MESSAGE][PASSED] - Object 'Object Repository/Page_BugsUI Edit Product/input_newName' is present

2019-05-05 12:05:50 - [TEST_STEP][PASSED] - verifyElementPresent: Object 'Object Repository/Page_BugsUI Edit Product/textarea_description' is present

2019-05-05 12:05:50 - [MESSAGE][WARNING] - Timeout '0' is invalid. Using default page load timeout: '30'

2019-05-05 12:05:50 - [MESSAGE][PASSED] - Object 'Object Repository/Page_BugsUI Edit Product/textarea_description' is present

2019-05-05 12:05:50 - [TEST_STEP][PASSED] - verifyElementPresent: Object 'Object Repository/Page_BugsUI Edit Product/div_closed_for_bug_entry' is present

2019-05-05 12:05:50 - [MESSAGE][WARNING] - Timeout '0' is invalid. Using default page load timeout: '30'

2019-05-05 12:05:50 - [MESSAGE][PASSED] - Object 'Object Repository/Page_BugsUI Edit Product/div_closed_for_bug_entry' is present

2019-05-05 12:05:50 - [TEST_STEP][PASSED] - Statement - If (com.kms.katalon.core.webui.keyword.WebUiBuiltInKeywords.verifyElementNotClickable(com.kms.katalon.core.testobject.ObjectRepository.findTestObject(Page_BugsUI Edit Product/button_update_product))): null

2019-05-05 12:05:50 - [MESSAGE][PASSED] - Object 'Object Repository/Page_BugsUI Edit Product/button_update_product' is NOT clickable

2019-05-05 12:05:50 - [TEST_STEP][PASSED] - Statement - assert true: null

2019-05-05 12:05:50 - [TEST_STEP][PASSED] - scrollToElement: Scroll to object 'Object Repository/Page_BugsUI Edit Product/button_Delete Product' successfully

2019-05-05 12:05:50 - [MESSAGE][PASSED] - Scroll to object 'Object Repository/Page_BugsUI Edit Product/button_Delete Product' successfully

2019-05-05 12:05:50 - [TEST_STEP][PASSED] - verifyElementPresent: Object 'Object Repository/Page_BugsUI Edit Product/div_Component Information' is present

2019-05-05 12:05:50 - [MESSAGE][WARNING] - Timeout '0' is invalid. Using default page load timeout: '30'

2019-05-05 12:05:50 - [MESSAGE][PASSED] - Object 'Object Repository/Page_BugsUI Edit Product/div_Component Information' is present

2019-05-05 12:05:50 - [TEST_STEP][PASSED] - verifyElementPresent: Object 'Object Repository/Page_BugsUI Edit Product/button_Refresh components' is present

2019-05-05 12:05:50 - [MESSAGE][WARNING] - Timeout '0' is invalid. Using default page load timeout: '30'

2019-05-05 12:05:50 - [MESSAGE][PASSED] - Object 'Object Repository/Page_BugsUI Edit Product/button_Refresh components' is present

2019-05-05 12:05:50 - [TEST_STEP][PASSED] - verifyElementPresent: Object 'Object Repository/Page_BugsUI Edit Product/button_AddNewRow_Component' is present

2019-05-05 12:05:50 - [MESSAGE][WARNING] - Timeout '0' is invalid. Using default page load timeout: '30'

2019-05-05 12:05:50 - [MESSAGE][PASSED] - Object 'Object Repository/Page_BugsUI Edit Product/button_AddNewRow_Component' is present

2019-05-05 12:05:50 - [TEST_STEP][PASSED] - verifyElementPresent: Object 'Object Repository/Page_BugsUI Edit Product/span_Version Information' is present

2019-05-05 12:05:50 - [MESSAGE][WARNING] - Timeout '0' is invalid. Using default page load timeout: '30'

2019-05-05 12:05:50 - [MESSAGE][PASSED] - Object 'Object Repository/Page_BugsUI Edit Product/span_Version Information' is present

2019-05-05 12:05:50 - [TEST_STEP][PASSED] - verifyElementPresent: Object 'Object Repository/Page_BugsUI Edit Product/button_Refresh versions' is present

2019-05-05 12:05:50 - [MESSAGE][WARNING] - Timeout '0' is invalid. Using default page load timeout: '30'

2019-05-05 12:05:50 - [MESSAGE][PASSED] - Object 'Object Repository/Page_BugsUI Edit Product/button_Refresh versions' is present

2019-05-05 12:05:50 - [TEST_STEP][PASSED] - verifyElementPresent: Object 'Object Repository/Page_BugsUI Edit Product/button_AddNewRow_version' is present

2019-05-05 12:05:50 - [MESSAGE][WARNING] - Timeout '0' is invalid. Using default page load timeout: '30'

2019-05-05 12:05:50 - [MESSAGE][PASSED] - Object 'Object Repository/Page_BugsUI Edit Product/button_AddNewRow_version' is present

2019-05-05 12:05:50 - [TEST_STEP][PASSED] - delay: Delayed 2 second(s)

2019-05-05 12:05:52 - [MESSAGE][PASSED] - Delayed 2 second(s)]]></system-out>
         <system-err><![CDATA[]]></system-err>
      </testcase>
      <testcase name="Test Cases/Edit_Product/verify_values_prepopulated" classname="Test Cases/Edit_Product/verify_values_prepopulated" status="PASSED">
         <system-out><![CDATA[2019-05-05 12:05:52 - [TEST_CASE][PASSED] - Test Cases/Edit_Product/verify_values_prepopulated: Test Cases/Edit_Product/verify_values_prepopulated

2019-05-05 12:05:53 - [TEST_STEP][PASSED] - scrollToElement: Scroll to object 'Object Repository/Page_BugsUI Edit Product/input_newName' successfully

2019-05-05 12:05:53 - [MESSAGE][PASSED] - Scroll to object 'Object Repository/Page_BugsUI Edit Product/input_newName' successfully

2019-05-05 12:05:53 - [TEST_STEP][PASSED] - Statement - productName = com.kms.katalon.core.webui.keyword.WebUiBuiltInKeywords.getAttribute(com.kms.katalon.core.testobject.ObjectRepository.findTestObject(Page_BugsUI Edit Product/input_newName), "value"): Attribute 'value' of object 'Object Repository/Page_BugsUI Edit Product/input_newName' is: '1-Auto-edit'

2019-05-05 12:05:53 - [MESSAGE][PASSED] - Attribute 'value' of object 'Object Repository/Page_BugsUI Edit Product/input_newName' is: '1-Auto-edit'

2019-05-05 12:05:53 - [TEST_STEP][PASSED] - Statement - productDescription = com.kms.katalon.core.webui.keyword.WebUiBuiltInKeywords.getAttribute(com.kms.katalon.core.testobject.ObjectRepository.findTestObject(Page_BugsUI Edit Product/textarea_description), "value"): Attribute 'value' of object 'Object Repository/Page_BugsUI Edit Product/textarea_description' is: 'Product for Automation'

2019-05-05 12:05:53 - [MESSAGE][PASSED] - Attribute 'value' of object 'Object Repository/Page_BugsUI Edit Product/textarea_description' is: 'Product for Automation'

2019-05-05 12:05:53 - [TEST_STEP][PASSED] - Statement - If (productName.equals("1-Auto-edit")): null

2019-05-05 12:05:53 - [TEST_STEP][PASSED] - Statement - assert true: null

2019-05-05 12:05:53 - [TEST_STEP][PASSED] - Statement - If (!(productDescription.isEmpty())): null

2019-05-05 12:05:53 - [TEST_STEP][PASSED] - Statement - assert true: null

2019-05-05 12:05:53 - [TEST_STEP][PASSED] - verifyElementNotClickable: Object 'Object Repository/Page_BugsUI Edit Product/unknown_Component' is NOT clickable

2019-05-05 12:05:53 - [MESSAGE][PASSED] - Object 'Object Repository/Page_BugsUI Edit Product/unknown_Component' is NOT clickable

2019-05-05 12:05:53 - [TEST_STEP][PASSED] - Statement - unkownComponentName = com.kms.katalon.core.webui.keyword.WebUiBuiltInKeywords.getAttribute(com.kms.katalon.core.testobject.ObjectRepository.findTestObject(Page_BugsUI Edit Product/unknown_Component), "value"): Attribute 'value' of object 'Object Repository/Page_BugsUI Edit Product/unknown_Component' is: 'Unknown'

2019-05-05 12:05:53 - [MESSAGE][PASSED] - Attribute 'value' of object 'Object Repository/Page_BugsUI Edit Product/unknown_Component' is: 'Unknown'

2019-05-05 12:05:53 - [TEST_STEP][PASSED] - Statement - If (unkownComponentName.equals("Unknown")): null

2019-05-05 12:05:53 - [TEST_STEP][PASSED] - Statement - assert true: null

2019-05-05 12:05:53 - [TEST_STEP][PASSED] - Statement - unkownComponentDesc = com.kms.katalon.core.webui.keyword.WebUiBuiltInKeywords.getAttribute(com.kms.katalon.core.testobject.ObjectRepository.findTestObject(Page_BugsUI Edit Product/unkown_description), "value"): Attribute 'value' of object 'Object Repository/Page_BugsUI Edit Product/unkown_description' is: 'unknown'

2019-05-05 12:05:53 - [MESSAGE][PASSED] - Attribute 'value' of object 'Object Repository/Page_BugsUI Edit Product/unkown_description' is: 'unknown'

2019-05-05 12:05:53 - [TEST_STEP][PASSED] - Statement - unkownComponentDefaultAsignee = com.kms.katalon.core.webui.keyword.WebUiBuiltInKeywords.getAttribute(com.kms.katalon.core.testobject.ObjectRepository.findTestObject(Page_BugsUI Edit Product/unkown_defaultAssignee), "value"): Attribute 'value' of object 'Object Repository/Page_BugsUI Edit Product/unkown_defaultAssignee' is: 'kumar.nagendra@happiestminds.com'

2019-05-05 12:05:53 - [MESSAGE][PASSED] - Attribute 'value' of object 'Object Repository/Page_BugsUI Edit Product/unkown_defaultAssignee' is: 'kumar.nagendra@happiestminds.com'

2019-05-05 12:05:53 - [TEST_STEP][PASSED] - Statement - If (!(unkownComponentDesc.isEmpty()) && !(unkownComponentDefaultAsignee.isEmpty())): null

2019-05-05 12:05:53 - [TEST_STEP][PASSED] - Statement - assert true: null

2019-05-05 12:05:53 - [TEST_STEP][PASSED] - delay: Delayed 2 second(s)

2019-05-05 12:05:55 - [MESSAGE][PASSED] - Delayed 2 second(s)]]></system-out>
         <system-err><![CDATA[]]></system-err>
      </testcase>
      <testcase name="Test Cases/Edit_Product/default_UnknownComponent" classname="Test Cases/Edit_Product/default_UnknownComponent" status="PASSED">
         <system-out><![CDATA[2019-05-05 12:05:55 - [TEST_CASE][PASSED] - Test Cases/Edit_Product/default_UnknownComponent: Test Cases/Edit_Product/default_UnknownComponent

2019-05-05 12:05:55 - [TEST_STEP][PASSED] - Statement - If (com.kms.katalon.core.webui.keyword.WebUiBuiltInKeywords.verifyElementPresent(com.kms.katalon.core.testobject.ObjectRepository.findTestObject(Page_BugsUI Edit Product/delete_icon_unknownCompnent), 0)): Object: 'Object Repository/Page_BugsUI Edit Product/delete_icon_unknownCompnent' is clicked on

2019-05-05 12:05:55 - [MESSAGE][WARNING] - Timeout '0' is invalid. Using default page load timeout: '30'

2019-05-05 12:05:55 - [MESSAGE][PASSED] - Object 'Object Repository/Page_BugsUI Edit Product/delete_icon_unknownCompnent' is present

2019-05-05 12:05:55 - [TEST_STEP][PASSED] - click: Object: 'Object Repository/Page_BugsUI Edit Product/delete_icon_unknownCompnent' is clicked on

2019-05-05 12:05:55 - [MESSAGE][PASSED] - Object: 'Object Repository/Page_BugsUI Edit Product/delete_icon_unknownCompnent' is clicked on

2019-05-05 12:05:55 - [TEST_STEP][PASSED] - delay: Delayed 2 second(s)

2019-05-05 12:05:57 - [MESSAGE][PASSED] - Delayed 2 second(s)

2019-05-05 12:05:57 - [TEST_STEP][PASSED] - Statement - If (com.kms.katalon.core.webui.keyword.WebUiBuiltInKeywords.verifyElementPresent(com.kms.katalon.core.testobject.ObjectRepository.findTestObject(Page_BugsUI Edit Product/confirmDeleteProduct_popup), 0)): Object: 'Object Repository/Page_BugsUI Edit Product/button_component_Yes' is clicked on

2019-05-05 12:05:57 - [MESSAGE][WARNING] - Timeout '0' is invalid. Using default page load timeout: '30'

2019-05-05 12:05:57 - [MESSAGE][PASSED] - Object 'Object Repository/Page_BugsUI Edit Product/confirmDeleteProduct_popup' is present

2019-05-05 12:05:57 - [TEST_STEP][PASSED] - Statement - If (com.kms.katalon.core.webui.keyword.WebUiBuiltInKeywords.verifyElementPresent(com.kms.katalon.core.testobject.ObjectRepository.findTestObject(Page_BugsUI Edit Product/button_component_Yes), 0)): Object: 'Object Repository/Page_BugsUI Edit Product/button_component_Yes' is clicked on

2019-05-05 12:05:57 - [MESSAGE][WARNING] - Timeout '0' is invalid. Using default page load timeout: '30'

2019-05-05 12:05:57 - [MESSAGE][PASSED] - Object 'Object Repository/Page_BugsUI Edit Product/button_component_Yes' is present

2019-05-05 12:05:57 - [TEST_STEP][PASSED] - click: Object: 'Object Repository/Page_BugsUI Edit Product/button_component_Yes' is clicked on

2019-05-05 12:05:57 - [MESSAGE][PASSED] - Object: 'Object Repository/Page_BugsUI Edit Product/button_component_Yes' is clicked on

2019-05-05 12:05:57 - [TEST_STEP][PASSED] - delay: Delayed 2 second(s)

2019-05-05 12:05:59 - [MESSAGE][PASSED] - Delayed 2 second(s)

2019-05-05 12:05:59 - [TEST_STEP][PASSED] - Statement - If (com.kms.katalon.core.webui.keyword.WebUiBuiltInKeywords.verifyElementPresent(com.kms.katalon.core.testobject.ObjectRepository.findTestObject(Page_BugsUI Edit Product/div_Product_atleast_1_component), 0)): null

2019-05-05 12:05:59 - [MESSAGE][WARNING] - Timeout '0' is invalid. Using default page load timeout: '30'

2019-05-05 12:05:59 - [MESSAGE][PASSED] - Object 'Object Repository/Page_BugsUI Edit Product/div_Product_atleast_1_component' is present

2019-05-05 12:05:59 - [TEST_STEP][PASSED] - Statement - warningMessage = com.kms.katalon.core.webui.keyword.WebUiBuiltInKeywords.getText(com.kms.katalon.core.testobject.ObjectRepository.findTestObject(Page_BugsUI Edit Product/div_Product_atleast_1_component)): Text of object 'Object Repository/Page_BugsUI Edit Product/div_Product_atleast_1_component' is: 'Product must have at least 1 component.'

2019-05-05 12:05:59 - [MESSAGE][PASSED] - Text of object 'Object Repository/Page_BugsUI Edit Product/div_Product_atleast_1_component' is: 'Product must have at least 1 component.'

2019-05-05 12:05:59 - [TEST_STEP][PASSED] - Statement - If (warningMessage.equals("Product must have at least 1 component.")): null

2019-05-05 12:05:59 - [TEST_STEP][PASSED] - Statement - assert true: null

2019-05-05 12:05:59 - [TEST_STEP][PASSED] - delay: Delayed 3 second(s)

2019-05-05 12:06:02 - [MESSAGE][PASSED] - Delayed 3 second(s)

2019-05-05 12:06:02 - [TEST_STEP][PASSED] - Statement - If (com.kms.katalon.core.webui.keyword.WebUiBuiltInKeywords.verifyElementPresent(com.kms.katalon.core.testobject.ObjectRepository.findTestObject(Page_BugsUI Edit Product/update_icon_unknownComponent), 0)): null

2019-05-05 12:06:02 - [MESSAGE][WARNING] - Timeout '0' is invalid. Using default page load timeout: '30'

2019-05-05 12:06:02 - [MESSAGE][PASSED] - Object 'Object Repository/Page_BugsUI Edit Product/update_icon_unknownComponent' is present

2019-05-05 12:06:02 - [TEST_STEP][PASSED] - click: Object: 'Object Repository/Page_BugsUI Edit Product/update_icon_unknownComponent' is clicked on

2019-05-05 12:06:03 - [MESSAGE][PASSED] - Object: 'Object Repository/Page_BugsUI Edit Product/update_icon_unknownComponent' is clicked on

2019-05-05 12:06:03 - [TEST_STEP][PASSED] - Statement - If (com.kms.katalon.core.webui.keyword.WebUiBuiltInKeywords.verifyElementPresent(com.kms.katalon.core.testobject.ObjectRepository.findTestObject(Page_BugsUI Edit Product/div_Nothing to update), 0)): null

2019-05-05 12:06:03 - [MESSAGE][WARNING] - Timeout '0' is invalid. Using default page load timeout: '30'

2019-05-05 12:06:03 - [MESSAGE][PASSED] - Object 'Object Repository/Page_BugsUI Edit Product/div_Nothing to update' is present

2019-05-05 12:06:03 - [TEST_STEP][PASSED] - Statement - nothingToUpdate = com.kms.katalon.core.webui.keyword.WebUiBuiltInKeywords.getText(com.kms.katalon.core.testobject.ObjectRepository.findTestObject(Page_BugsUI Edit Product/div_Nothing to update)): Text of object 'Object Repository/Page_BugsUI Edit Product/div_Nothing to update' is: 'Nothing to update.'

2019-05-05 12:06:03 - [MESSAGE][PASSED] - Text of object 'Object Repository/Page_BugsUI Edit Product/div_Nothing to update' is: 'Nothing to update.'

2019-05-05 12:06:03 - [TEST_STEP][PASSED] - Statement - If (nothingToUpdate.equals("Nothing to update.")): null

2019-05-05 12:06:03 - [TEST_STEP][PASSED] - Statement - assert true: null

2019-05-05 12:06:03 - [TEST_STEP][PASSED] - clearText: Text of object 'Object Repository/Page_BugsUI Edit Product/unkown_description' is cleared

2019-05-05 12:06:03 - [MESSAGE][PASSED] - Text of object 'Object Repository/Page_BugsUI Edit Product/unkown_description' is cleared

2019-05-05 12:06:03 - [TEST_STEP][PASSED] - setText: Text 'unknown1234' is set on object 'Object Repository/Page_BugsUI Edit Product/unkown_description'

2019-05-05 12:06:03 - [MESSAGE][PASSED] - Text 'unknown1234' is set on object 'Object Repository/Page_BugsUI Edit Product/unkown_description'

2019-05-05 12:06:03 - [TEST_STEP][PASSED] - clearText: Text of object 'Object Repository/Page_BugsUI Edit Product/unkown_defaultAssignee' is cleared

2019-05-05 12:06:03 - [MESSAGE][PASSED] - Text of object 'Object Repository/Page_BugsUI Edit Product/unkown_defaultAssignee' is cleared

2019-05-05 12:06:03 - [TEST_STEP][PASSED] - setText: Text 'divya.r@happiestminds.com' is set on object 'Object Repository/Page_BugsUI Edit Product/unkown_defaultAssignee'

2019-05-05 12:06:03 - [MESSAGE][PASSED] - Text 'divya.r@happiestminds.com' is set on object 'Object Repository/Page_BugsUI Edit Product/unkown_defaultAssignee'

2019-05-05 12:06:03 - [TEST_STEP][PASSED] - click: Object: 'Object Repository/Page_BugsUI Edit Product/update_icon_unknownComponent' is clicked on

2019-05-05 12:06:03 - [MESSAGE][PASSED] - Object: 'Object Repository/Page_BugsUI Edit Product/update_icon_unknownComponent' is clicked on

2019-05-05 12:06:03 - [TEST_STEP][PASSED] - Statement - If (com.kms.katalon.core.webui.keyword.WebUiBuiltInKeywords.verifyElementPresent(com.kms.katalon.core.testobject.ObjectRepository.findTestObject(Page_BugsUI Edit Product/div_Component has been updated), 0)): null

2019-05-05 12:06:03 - [MESSAGE][WARNING] - Timeout '0' is invalid. Using default page load timeout: '30'

2019-05-05 12:06:04 - [MESSAGE][PASSED] - Object 'Object Repository/Page_BugsUI Edit Product/div_Component has been updated' is present

2019-05-05 12:06:04 - [TEST_STEP][PASSED] - Statement - componentUpdatedMsg = com.kms.katalon.core.webui.keyword.WebUiBuiltInKeywords.getText(com.kms.katalon.core.testobject.ObjectRepository.findTestObject(Page_BugsUI Edit Product/div_Component has been updated)): Text of object 'Object Repository/Page_BugsUI Edit Product/div_Component has been updated' is: 'Component has been updated successfully.'

2019-05-05 12:06:04 - [MESSAGE][PASSED] - Text of object 'Object Repository/Page_BugsUI Edit Product/div_Component has been updated' is: 'Component has been updated successfully.'

2019-05-05 12:06:04 - [TEST_STEP][PASSED] - Statement - If (componentUpdatedMsg.equals("Component has been updated successfully.")): null

2019-05-05 12:06:04 - [TEST_STEP][PASSED] - Statement - assert true: null

2019-05-05 12:06:04 - [TEST_STEP][PASSED] - delay: Delayed 4 second(s)

2019-05-05 12:06:08 - [MESSAGE][PASSED] - Delayed 4 second(s)

2019-05-05 12:06:08 - [TEST_STEP][PASSED] - reusable.editPage.resetUnkownComponent: reusable.editPage.resetUnkownComponent is PASSED

2019-05-05 12:06:08 - [MESSAGE][PASSED] - Text of object 'Object Repository/Page_BugsUI Edit Product/unkown_description' is cleared

2019-05-05 12:06:08 - [MESSAGE][PASSED] - Text 'unknown' is set on object 'Object Repository/Page_BugsUI Edit Product/unkown_description'

2019-05-05 12:06:08 - [MESSAGE][PASSED] - Text of object 'Object Repository/Page_BugsUI Edit Product/unkown_defaultAssignee' is cleared

2019-05-05 12:06:08 - [MESSAGE][PASSED] - Text 'kumar.nagendra@happiestminds.com' is set on object 'Object Repository/Page_BugsUI Edit Product/unkown_defaultAssignee'

2019-05-05 12:06:08 - [MESSAGE][PASSED] - Object: 'Object Repository/Page_BugsUI Edit Product/update_icon_unknownComponent' is clicked on

2019-05-05 12:06:10 - [MESSAGE][PASSED] - Delayed 2 second(s)

2019-05-05 12:06:10 - [MESSAGE][PASSED] - reusable.editPage.resetUnkownComponent is PASSED

2019-05-05 12:06:10 - [TEST_STEP][PASSED] - delay: Delayed 3 second(s)

2019-05-05 12:06:13 - [MESSAGE][PASSED] - Delayed 3 second(s)]]></system-out>
         <system-err><![CDATA[]]></system-err>
      </testcase>
      <testcase name="Test Cases/Edit_Product/component_section" classname="Test Cases/Edit_Product/component_section" status="PASSED">
         <system-out><![CDATA[2019-05-05 12:06:13 - [TEST_CASE][PASSED] - Test Cases/Edit_Product/component_section: Test Cases/Edit_Product/component_section

2019-05-05 12:06:14 - [TEST_STEP][PASSED] - Statement - If (com.kms.katalon.core.webui.keyword.WebUiBuiltInKeywords.verifyElementPresent(com.kms.katalon.core.testobject.ObjectRepository.findTestObject(Page_BugsUI Edit Product/button_AddNewRow_Component), 0)): Object: 'Object Repository/Page_BugsUI Edit Product/button_AddNewRow_Component' is clicked on

2019-05-05 12:06:14 - [MESSAGE][WARNING] - Timeout '0' is invalid. Using default page load timeout: '30'

2019-05-05 12:06:14 - [MESSAGE][PASSED] - Object 'Object Repository/Page_BugsUI Edit Product/button_AddNewRow_Component' is present

2019-05-05 12:06:14 - [TEST_STEP][PASSED] - click: Object: 'Object Repository/Page_BugsUI Edit Product/button_AddNewRow_Component' is clicked on

2019-05-05 12:06:14 - [MESSAGE][PASSED] - Object: 'Object Repository/Page_BugsUI Edit Product/button_AddNewRow_Component' is clicked on

2019-05-05 12:06:14 - [TEST_STEP][PASSED] - setText: Text 'C1 description' is set on object 'Object Repository/Page_BugsUI Edit Product/unkown_description'

2019-05-05 12:06:14 - [MESSAGE][PASSED] - Text 'C1 description' is set on object 'Object Repository/Page_BugsUI Edit Product/unkown_description'

2019-05-05 12:06:14 - [TEST_STEP][PASSED] - Statement - If (com.kms.katalon.core.webui.keyword.WebUiBuiltInKeywords.verifyElementPresent(com.kms.katalon.core.testobject.ObjectRepository.findTestObject(Page_BugsUI Edit Product/button_Add_component), 0)): Object: 'Object Repository/Page_BugsUI Edit Product/button_Add_component' is clicked on

2019-05-05 12:06:14 - [MESSAGE][WARNING] - Timeout '0' is invalid. Using default page load timeout: '30'

2019-05-05 12:06:14 - [MESSAGE][PASSED] - Object 'Object Repository/Page_BugsUI Edit Product/button_Add_component' is present

2019-05-05 12:06:14 - [TEST_STEP][PASSED] - click: Object: 'Object Repository/Page_BugsUI Edit Product/button_Add_component' is clicked on

2019-05-05 12:06:14 - [MESSAGE][PASSED] - Object: 'Object Repository/Page_BugsUI Edit Product/button_Add_component' is clicked on

2019-05-05 12:06:14 - [TEST_STEP][PASSED] - Statement - If (com.kms.katalon.core.webui.keyword.WebUiBuiltInKeywords.verifyElementPresent(com.kms.katalon.core.testobject.ObjectRepository.findTestObject(Page_BugsUI Edit Product/div_Name_Email_required), 0)): null

2019-05-05 12:06:14 - [MESSAGE][WARNING] - Timeout '0' is invalid. Using default page load timeout: '30'

2019-05-05 12:06:14 - [MESSAGE][PASSED] - Object 'Object Repository/Page_BugsUI Edit Product/div_Name_Email_required' is present

2019-05-05 12:06:14 - [TEST_STEP][PASSED] - Statement - componentNameEmailReqMsg = com.kms.katalon.core.webui.keyword.WebUiBuiltInKeywords.getText(com.kms.katalon.core.testobject.ObjectRepository.findTestObject(Page_BugsUI Edit Product/div_Name_Email_required)): Text of object 'Object Repository/Page_BugsUI Edit Product/div_Name_Email_required' is: 'Name is required, Email is required'

2019-05-05 12:06:14 - [MESSAGE][PASSED] - Text of object 'Object Repository/Page_BugsUI Edit Product/div_Name_Email_required' is: 'Name is required, Email is required'

2019-05-05 12:06:14 - [TEST_STEP][PASSED] - Statement - If (componentNameEmailReqMsg.equals("Name is required, Email is required")): null

2019-05-05 12:06:14 - [TEST_STEP][PASSED] - Statement - assert true: null

2019-05-05 12:06:14 - [TEST_STEP][PASSED] - delay: Delayed 2 second(s)

2019-05-05 12:06:17 - [MESSAGE][PASSED] - Delayed 2 second(s)

2019-05-05 12:06:17 - [TEST_STEP][PASSED] - setText: Text 'C1' is set on object 'Object Repository/Page_BugsUI Edit Product/unknown_Component'

2019-05-05 12:06:17 - [MESSAGE][PASSED] - Text 'C1' is set on object 'Object Repository/Page_BugsUI Edit Product/unknown_Component'

2019-05-05 12:06:17 - [TEST_STEP][PASSED] - setText: Text 'kumar.nagendra@happiestminds.com' is set on object 'Object Repository/Page_BugsUI Edit Product/unkown_defaultAssignee'

2019-05-05 12:06:17 - [MESSAGE][PASSED] - Text 'kumar.nagendra@happiestminds.com' is set on object 'Object Repository/Page_BugsUI Edit Product/unkown_defaultAssignee'

2019-05-05 12:06:17 - [TEST_STEP][PASSED] - Statement - If (com.kms.katalon.core.webui.keyword.WebUiBuiltInKeywords.verifyElementPresent(com.kms.katalon.core.testobject.ObjectRepository.findTestObject(Page_BugsUI Edit Product/button_Add_component), 0)): Object: 'Object Repository/Page_BugsUI Edit Product/button_Add_component' is clicked on

2019-05-05 12:06:17 - [MESSAGE][WARNING] - Timeout '0' is invalid. Using default page load timeout: '30'

2019-05-05 12:06:17 - [MESSAGE][PASSED] - Object 'Object Repository/Page_BugsUI Edit Product/button_Add_component' is present

2019-05-05 12:06:17 - [TEST_STEP][PASSED] - click: Object: 'Object Repository/Page_BugsUI Edit Product/button_Add_component' is clicked on

2019-05-05 12:06:17 - [MESSAGE][PASSED] - Object: 'Object Repository/Page_BugsUI Edit Product/button_Add_component' is clicked on

2019-05-05 12:06:17 - [TEST_STEP][PASSED] - Statement - If (com.kms.katalon.core.webui.keyword.WebUiBuiltInKeywords.verifyElementPresent(com.kms.katalon.core.testobject.ObjectRepository.findTestObject(Page_BugsUI Edit Product/div_Component_added), 0)): null

2019-05-05 12:06:17 - [MESSAGE][WARNING] - Timeout '0' is invalid. Using default page load timeout: '30'

2019-05-05 12:06:18 - [MESSAGE][PASSED] - Object 'Object Repository/Page_BugsUI Edit Product/div_Component_added' is present

2019-05-05 12:06:18 - [TEST_STEP][PASSED] - Statement - componentAddedSuccessMsg = com.kms.katalon.core.webui.keyword.WebUiBuiltInKeywords.getText(com.kms.katalon.core.testobject.ObjectRepository.findTestObject(Page_BugsUI Edit Product/div_Component_added)): Text of object 'Object Repository/Page_BugsUI Edit Product/div_Component_added' is: 'Component has been added successfully.'

2019-05-05 12:06:18 - [MESSAGE][PASSED] - Text of object 'Object Repository/Page_BugsUI Edit Product/div_Component_added' is: 'Component has been added successfully.'

2019-05-05 12:06:18 - [TEST_STEP][PASSED] - Statement - If (componentAddedSuccessMsg.equals("Component has been added successfully.")): null

2019-05-05 12:06:18 - [TEST_STEP][PASSED] - Statement - assert true: null

2019-05-05 12:06:18 - [TEST_STEP][PASSED] - delay: Delayed 3 second(s)

2019-05-05 12:06:21 - [MESSAGE][PASSED] - Delayed 3 second(s)

2019-05-05 12:06:21 - [TEST_STEP][PASSED] - Statement - compName = com.kms.katalon.core.webui.keyword.WebUiBuiltInKeywords.getAttribute(com.kms.katalon.core.testobject.ObjectRepository.findTestObject(Page_BugsUI Edit Product/unknown_Component), "value"): Attribute 'value' of object 'Object Repository/Page_BugsUI Edit Product/unknown_Component' is: 'C1'

2019-05-05 12:06:21 - [MESSAGE][PASSED] - Attribute 'value' of object 'Object Repository/Page_BugsUI Edit Product/unknown_Component' is: 'C1'

2019-05-05 12:06:21 - [TEST_STEP][PASSED] - Statement - If (compName.equals("C1")): null

2019-05-05 12:06:21 - [TEST_STEP][PASSED] - Statement - assert true: null

2019-05-05 12:06:21 - [TEST_STEP][PASSED] - delay: Delayed 3 second(s)

2019-05-05 12:06:24 - [MESSAGE][PASSED] - Delayed 3 second(s)

2019-05-05 12:06:24 - [TEST_STEP][PASSED] - Statement - If (com.kms.katalon.core.webui.keyword.WebUiBuiltInKeywords.verifyElementPresent(com.kms.katalon.core.testobject.ObjectRepository.findTestObject(Page_BugsUI Edit Product/delete_icon_unknownCompnent), 0)): Object: 'Object Repository/Page_BugsUI Edit Product/delete_icon_unknownCompnent' is clicked on

2019-05-05 12:06:24 - [MESSAGE][WARNING] - Timeout '0' is invalid. Using default page load timeout: '30'

2019-05-05 12:06:24 - [MESSAGE][PASSED] - Object 'Object Repository/Page_BugsUI Edit Product/delete_icon_unknownCompnent' is present

2019-05-05 12:06:24 - [TEST_STEP][PASSED] - click: Object: 'Object Repository/Page_BugsUI Edit Product/delete_icon_unknownCompnent' is clicked on

2019-05-05 12:06:25 - [MESSAGE][PASSED] - Object: 'Object Repository/Page_BugsUI Edit Product/delete_icon_unknownCompnent' is clicked on

2019-05-05 12:06:25 - [TEST_STEP][PASSED] - reusable.editPage.deleteComponent: reusable.editPage.deleteComponent is PASSED

2019-05-05 12:06:25 - [MESSAGE][WARNING] - Timeout '0' is invalid. Using default page load timeout: '30'

2019-05-05 12:06:25 - [MESSAGE][PASSED] - Object 'Object Repository/Page_BugsUI Edit Product/confirmDeleteProduct_popup' is present

2019-05-05 12:06:25 - [MESSAGE][WARNING] - Timeout '0' is invalid. Using default page load timeout: '30'

2019-05-05 12:06:25 - [MESSAGE][PASSED] - Object 'Object Repository/Page_BugsUI Edit Product/button_component_Yes' is present

2019-05-05 12:06:25 - [MESSAGE][PASSED] - Object: 'Object Repository/Page_BugsUI Edit Product/button_component_Yes' is clicked on

2019-05-05 12:06:25 - [MESSAGE][PASSED] - reusable.editPage.deleteComponent is PASSED

2019-05-05 12:06:25 - [TEST_STEP][PASSED] - Statement - If (com.kms.katalon.core.webui.keyword.WebUiBuiltInKeywords.verifyElementPresent(com.kms.katalon.core.testobject.ObjectRepository.findTestObject(Page_BugsUI Edit Product/div_Component_deleted), 0)): null

2019-05-05 12:06:25 - [MESSAGE][WARNING] - Timeout '0' is invalid. Using default page load timeout: '30'

2019-05-05 12:06:26 - [MESSAGE][PASSED] - Object 'Object Repository/Page_BugsUI Edit Product/div_Component_deleted' is present

2019-05-05 12:06:26 - [TEST_STEP][PASSED] - Statement - componentDeletedSuccessMsg = com.kms.katalon.core.webui.keyword.WebUiBuiltInKeywords.getText(com.kms.katalon.core.testobject.ObjectRepository.findTestObject(Page_BugsUI Edit Product/div_Component_deleted)): Text of object 'Object Repository/Page_BugsUI Edit Product/div_Component_deleted' is: 'Component has been deleted successfully.'

2019-05-05 12:06:26 - [MESSAGE][PASSED] - Text of object 'Object Repository/Page_BugsUI Edit Product/div_Component_deleted' is: 'Component has been deleted successfully.'

2019-05-05 12:06:26 - [TEST_STEP][PASSED] - Statement - If (componentDeletedSuccessMsg.equals("Component has been deleted successfully.")): null

2019-05-05 12:06:26 - [TEST_STEP][PASSED] - Statement - assert true: null

2019-05-05 12:06:26 - [TEST_STEP][PASSED] - delay: Delayed 2 second(s)

2019-05-05 12:06:28 - [MESSAGE][PASSED] - Delayed 2 second(s)

2019-05-05 12:06:28 - [TEST_STEP][PASSED] - Statement - If (!(com.kms.katalon.core.webui.keyword.WebUiBuiltInKeywords.getAttribute(com.kms.katalon.core.testobject.ObjectRepository.findTestObject(Page_BugsUI Edit Product/unknown_Component), "value").equals("C1"))): null

2019-05-05 12:06:28 - [MESSAGE][PASSED] - Attribute 'value' of object 'Object Repository/Page_BugsUI Edit Product/unknown_Component' is: 'Unknown'

2019-05-05 12:06:28 - [TEST_STEP][PASSED] - Statement - assert true: null

2019-05-05 12:06:28 - [TEST_STEP][PASSED] - delay: Delayed 3 second(s)

2019-05-05 12:06:31 - [MESSAGE][PASSED] - Delayed 3 second(s)]]></system-out>
         <system-err><![CDATA[]]></system-err>
      </testcase>
      <testcase name="Test Cases/Edit_Product/closedForBugEntery_UpdateProduct" classname="Test Cases/Edit_Product/closedForBugEntery_UpdateProduct" status="PASSED">
         <system-out><![CDATA[2019-05-05 12:06:31 - [TEST_CASE][PASSED] - Test Cases/Edit_Product/closedForBugEntery_UpdateProduct: Test Cases/Edit_Product/closedForBugEntery_UpdateProduct

2019-05-05 12:06:31 - [TEST_STEP][PASSED] - scrollToElement: Scroll to object 'Object Repository/Page_BugsUI Edit Product/input_newName' successfully

2019-05-05 12:06:31 - [MESSAGE][PASSED] - Scroll to object 'Object Repository/Page_BugsUI Edit Product/input_newName' successfully

2019-05-05 12:06:31 - [TEST_STEP][PASSED] - clearText: Text of object 'Object Repository/Page_BugsUI Edit Product/textarea_description' is cleared

2019-05-05 12:06:31 - [MESSAGE][PASSED] - Text of object 'Object Repository/Page_BugsUI Edit Product/textarea_description' is cleared

2019-05-05 12:06:31 - [TEST_STEP][PASSED] - setText: Text 'Editing Description' is set on object 'Object Repository/Page_BugsUI Edit Product/textarea_description'

2019-05-05 12:06:31 - [MESSAGE][PASSED] - Text 'Editing Description' is set on object 'Object Repository/Page_BugsUI Edit Product/textarea_description'

2019-05-05 12:06:31 - [TEST_STEP][PASSED] - delay: Delayed 2 second(s)

2019-05-05 12:06:33 - [MESSAGE][PASSED] - Delayed 2 second(s)

2019-05-05 12:06:33 - [TEST_STEP][PASSED] - Statement - If (com.kms.katalon.core.webui.keyword.WebUiBuiltInKeywords.verifyElementClickable(com.kms.katalon.core.testobject.ObjectRepository.findTestObject(Page_BugsUI Edit Product/button_update_product))): Object: 'Object Repository/Page_BugsUI Edit Product/button_update_product' is clicked on

2019-05-05 12:06:33 - [MESSAGE][PASSED] - Object 'Object Repository/Page_BugsUI Edit Product/button_update_product' is clickable

2019-05-05 12:06:33 - [TEST_STEP][PASSED] - click: Object: 'Object Repository/Page_BugsUI Edit Product/button_update_product' is clicked on

2019-05-05 12:06:33 - [MESSAGE][PASSED] - Object: 'Object Repository/Page_BugsUI Edit Product/button_update_product' is clicked on

2019-05-05 12:06:33 - [TEST_STEP][PASSED] - delay: Delayed 2 second(s)

2019-05-05 12:06:35 - [MESSAGE][PASSED] - Delayed 2 second(s)

2019-05-05 12:06:35 - [TEST_STEP][PASSED] - reusable.editPage.selectProduct: reusable.editPage.selectProduct is PASSED

2019-05-05 12:06:36 - [MESSAGE][PASSED] - Text 'Software' is set on object 'Object Repository/Page_BugsUI Edit Product/div_Choose Classification'

2019-05-05 12:06:38 - [MESSAGE][PASSED] - Delayed 2 second(s)

2019-05-05 12:06:38 - [MESSAGE][PASSED] - Object: 'Object Repository/Page_BugsUI Edit Product/span_Software' is clicked on

2019-05-05 12:06:38 - [MESSAGE][PASSED] - Text '1-Auto-edit' is set on object 'Object Repository/Page_BugsUI Edit Product/div_Choose Product'

2019-05-05 12:06:40 - [MESSAGE][PASSED] - Delayed 2 second(s)

2019-05-05 12:06:40 - [MESSAGE][PASSED] - Object: 'Object Repository/Page_BugsUI Edit Product/span_1-Auto-edit' is clicked on

2019-05-05 12:06:42 - [MESSAGE][PASSED] - Delayed 2 second(s)

2019-05-05 12:06:42 - [MESSAGE][PASSED] - reusable.editPage.selectProduct is PASSED

2019-05-05 12:06:42 - [TEST_STEP][PASSED] - Statement - productDesc = com.kms.katalon.core.webui.keyword.WebUiBuiltInKeywords.getAttribute(com.kms.katalon.core.testobject.ObjectRepository.findTestObject(Page_BugsUI Edit Product/textarea_description), "value"): Attribute 'value' of object 'Object Repository/Page_BugsUI Edit Product/textarea_description' is: 'Editing Description'

2019-05-05 12:06:42 - [MESSAGE][PASSED] - Attribute 'value' of object 'Object Repository/Page_BugsUI Edit Product/textarea_description' is: 'Editing Description'

2019-05-05 12:06:42 - [TEST_STEP][PASSED] - Statement - If (productDesc.equals("Editing Description")): null

2019-05-05 12:06:42 - [TEST_STEP][PASSED] - Statement - assert true: null

2019-05-05 12:06:42 - [TEST_STEP][PASSED] - clearText: Text of object 'Object Repository/Page_BugsUI Edit Product/textarea_description' is cleared

2019-05-05 12:06:42 - [MESSAGE][PASSED] - Text of object 'Object Repository/Page_BugsUI Edit Product/textarea_description' is cleared

2019-05-05 12:06:42 - [TEST_STEP][PASSED] - setText: Text 'Product for Automation' is set on object 'Object Repository/Page_BugsUI Edit Product/textarea_description'

2019-05-05 12:06:42 - [MESSAGE][PASSED] - Text 'Product for Automation' is set on object 'Object Repository/Page_BugsUI Edit Product/textarea_description'

2019-05-05 12:06:42 - [TEST_STEP][PASSED] - delay: Delayed 2 second(s)

2019-05-05 12:06:44 - [MESSAGE][PASSED] - Delayed 2 second(s)

2019-05-05 12:06:44 - [TEST_STEP][PASSED] - Statement - If (com.kms.katalon.core.webui.keyword.WebUiBuiltInKeywords.verifyElementClickable(com.kms.katalon.core.testobject.ObjectRepository.findTestObject(Page_BugsUI Edit Product/button_update_product))): Object: 'Object Repository/Page_BugsUI Edit Product/button_update_product' is clicked on

2019-05-05 12:06:44 - [MESSAGE][PASSED] - Object 'Object Repository/Page_BugsUI Edit Product/button_update_product' is clickable

2019-05-05 12:06:44 - [TEST_STEP][PASSED] - click: Object: 'Object Repository/Page_BugsUI Edit Product/button_update_product' is clicked on

2019-05-05 12:06:44 - [MESSAGE][PASSED] - Object: 'Object Repository/Page_BugsUI Edit Product/button_update_product' is clicked on

2019-05-05 12:06:44 - [TEST_STEP][PASSED] - delay: Delayed 2 second(s)

2019-05-05 12:06:46 - [MESSAGE][PASSED] - Delayed 2 second(s)

2019-05-05 12:06:46 - [TEST_STEP][PASSED] - closeBrowser: Browser is closed

2019-05-05 12:06:47 - [MESSAGE][PASSED] - Browser is closed]]></system-out>
         <system-err><![CDATA[]]></system-err>
      </testcase>
      <testcase name="Test Cases/NewBugCreation/Creating_bug" classname="Test Cases/NewBugCreation/Creating_bug" status="PASSED">
         <system-out><![CDATA[2019-05-05 12:06:47 - [TEST_CASE][PASSED] - Test Cases/NewBugCreation/Creating_bug: Test Cases/NewBugCreation/Creating_bug

2019-05-05 12:06:47 - [TEST_STEP][PASSED] - openBrowser: Browser is opened with url: ''

2019-05-05 12:06:49 - [MESSAGE][PASSED] - Browser is opened with url: ''

2019-05-05 12:06:49 - [TEST_STEP][PASSED] - navigateToUrl: Navigate to 'https://le-bugsui.staging.corp.arista.io/dashboard' successfully

2019-05-05 12:07:01 - [MESSAGE][PASSED] - Navigate to 'https://le-bugsui.staging.corp.arista.io/dashboard' successfully

2019-05-05 12:07:01 - [TEST_STEP][PASSED] - delay: Delayed 3 second(s)

2019-05-05 12:07:04 - [MESSAGE][PASSED] - Delayed 3 second(s)

2019-05-05 12:07:04 - [TEST_STEP][PASSED] - reusable.loginBugZillaUI.login: reusable.loginBugZillaUI.login is PASSED

2019-05-05 12:07:04 - [MESSAGE][PASSED] - Current window maximized

2019-05-05 12:07:04 - [MESSAGE][PASSED] - Text 'knagendra-ext' is set on object 'Object Repository/Page_BugsUI/input_username'

2019-05-05 12:07:04 - [MESSAGE][PASSED] - Text 'Kum1!@#$%^&*()ar' is set on object 'Object Repository/Page_BugsUI/input_password'

2019-05-05 12:07:04 - [MESSAGE][PASSED] - Object 'Object Repository/Page_BugsUI/button_Login' is clickable

2019-05-05 12:07:04 - [MESSAGE][PASSED] - Object: 'Object Repository/Page_BugsUI/button_Login' is clicked on

2019-05-05 12:07:04 - [MESSAGE][PASSED] - reusable.loginBugZillaUI.login is PASSED

2019-05-05 12:07:04 - [TEST_STEP][PASSED] - delay: Delayed 4 second(s)

2019-05-05 12:07:08 - [MESSAGE][PASSED] - Delayed 4 second(s)

2019-05-05 12:07:08 - [TEST_STEP][PASSED] - Statement - If (com.kms.katalon.core.webui.keyword.WebUiBuiltInKeywords.verifyElementPresent(com.kms.katalon.core.testobject.ObjectRepository.findTestObject(Page_BugsUI Dashboard/span_Dashboard), 0)): Object: 'Object Repository/Page_BugsUI Dashboard/a_New Bug' is clicked on

2019-05-05 12:07:08 - [MESSAGE][WARNING] - Timeout '0' is invalid. Using default page load timeout: '30'

2019-05-05 12:07:08 - [MESSAGE][PASSED] - Object 'Object Repository/Page_BugsUI Dashboard/span_Dashboard' is present

2019-05-05 12:07:08 - [TEST_STEP][PASSED] - Statement - If (com.kms.katalon.core.webui.keyword.WebUiBuiltInKeywords.verifyElementPresent(com.kms.katalon.core.testobject.ObjectRepository.findTestObject(Page_BugsUI Dashboard/a_New Bug), 3)): Object: 'Object Repository/Page_BugsUI Dashboard/a_New Bug' is clicked on

2019-05-05 12:07:08 - [MESSAGE][PASSED] - Object 'Object Repository/Page_BugsUI Dashboard/a_New Bug' is present

2019-05-05 12:07:08 - [TEST_STEP][PASSED] - click: Object: 'Object Repository/Page_BugsUI Dashboard/a_New Bug' is clicked on

2019-05-05 12:07:08 - [MESSAGE][PASSED] - Object: 'Object Repository/Page_BugsUI Dashboard/a_New Bug' is clicked on

2019-05-05 12:07:08 - [TEST_STEP][PASSED] - delay: Delayed 3 second(s)

2019-05-05 12:07:11 - [MESSAGE][PASSED] - Delayed 3 second(s)

2019-05-05 12:07:11 - [TEST_STEP][PASSED] - verifyElementPresent: Object 'Object Repository/Page_BugsUI New Bug/span_Raise New Bug' is present

2019-05-05 12:07:11 - [MESSAGE][WARNING] - Timeout '0' is invalid. Using default page load timeout: '30'

2019-05-05 12:07:12 - [MESSAGE][PASSED] - Object 'Object Repository/Page_BugsUI New Bug/span_Raise New Bug' is present

2019-05-05 12:07:12 - [TEST_STEP][PASSED] - setText: Text 'Software' is set on object 'Object Repository/Page_BugsUI New Bug/div_Choose Classification'

2019-05-05 12:07:13 - [MESSAGE][PASSED] - Text 'Software' is set on object 'Object Repository/Page_BugsUI New Bug/div_Choose Classification'

2019-05-05 12:07:13 - [TEST_STEP][PASSED] - delay: Delayed 2 second(s)

2019-05-05 12:07:15 - [MESSAGE][PASSED] - Delayed 2 second(s)

2019-05-05 12:07:15 - [TEST_STEP][PASSED] - click: Object: 'Object Repository/Page_BugsUI New Bug/span_Software' is clicked on

2019-05-05 12:07:15 - [MESSAGE][PASSED] - Object: 'Object Repository/Page_BugsUI New Bug/span_Software' is clicked on

2019-05-05 12:07:15 - [TEST_STEP][PASSED] - setText: Text 'BugsUITest' is set on object 'Object Repository/Page_BugsUI New Bug/div_Choose Package'

2019-05-05 12:07:15 - [MESSAGE][PASSED] - Text 'BugsUITest' is set on object 'Object Repository/Page_BugsUI New Bug/div_Choose Package'

2019-05-05 12:07:15 - [TEST_STEP][PASSED] - delay: Delayed 2 second(s)

2019-05-05 12:07:17 - [MESSAGE][PASSED] - Delayed 2 second(s)

2019-05-05 12:07:17 - [TEST_STEP][PASSED] - click: Object: 'Object Repository/Page_BugsUI New Bug/span_BugsUITest' is clicked on

2019-05-05 12:07:17 - [MESSAGE][PASSED] - Object: 'Object Repository/Page_BugsUI New Bug/span_BugsUITest' is clicked on

2019-05-05 12:07:17 - [TEST_STEP][PASSED] - setText: Text 'main12' is set on object 'Object Repository/Page_BugsUI New Bug/div_Choose PackageVersion'

2019-05-05 12:07:17 - [MESSAGE][PASSED] - Text 'main12' is set on object 'Object Repository/Page_BugsUI New Bug/div_Choose PackageVersion'

2019-05-05 12:07:17 - [TEST_STEP][PASSED] - delay: Delayed 3 second(s)

2019-05-05 12:07:20 - [MESSAGE][PASSED] - Delayed 3 second(s)

2019-05-05 12:07:20 - [TEST_STEP][PASSED] - click: Object: 'Object Repository/Page_BugsUI New Bug/span_main12_pckgVrsion' is clicked on

2019-05-05 12:07:20 - [MESSAGE][PASSED] - Object: 'Object Repository/Page_BugsUI New Bug/span_main12_pckgVrsion' is clicked on

2019-05-05 12:07:20 - [TEST_STEP][PASSED] - setText: Text 'Test automation bug' is set on object 'Object Repository/Page_BugsUI New Bug/input_summary'

2019-05-05 12:07:21 - [MESSAGE][PASSED] - Text 'Test automation bug' is set on object 'Object Repository/Page_BugsUI New Bug/input_summary'

2019-05-05 12:07:21 - [TEST_STEP][PASSED] - delay: Delayed 2 second(s)

2019-05-05 12:07:23 - [MESSAGE][PASSED] - Delayed 2 second(s)

2019-05-05 12:07:23 - [TEST_STEP][PASSED] - setText: Text 'This bug is created for automation purpose' is set on object 'Object Repository/Page_BugsUI New Bug/textarea_description'

2019-05-05 12:07:23 - [MESSAGE][PASSED] - Text 'This bug is created for automation purpose' is set on object 'Object Repository/Page_BugsUI New Bug/textarea_description'

2019-05-05 12:07:23 - [TEST_STEP][PASSED] - delay: Delayed 3 second(s)

2019-05-05 12:07:26 - [MESSAGE][PASSED] - Delayed 3 second(s)

2019-05-05 12:07:26 - [TEST_STEP][PASSED] - scrollToElement: Scroll to object 'Object Repository/Page_BugsUI New Bug/button_Raise New Bug' successfully

2019-05-05 12:07:26 - [MESSAGE][PASSED] - Scroll to object 'Object Repository/Page_BugsUI New Bug/button_Raise New Bug' successfully

2019-05-05 12:07:26 - [TEST_STEP][PASSED] - verifyElementNotClickable: Object 'Object Repository/Page_BugsUI New Bug/input_reporter' is NOT clickable

2019-05-05 12:07:26 - [MESSAGE][PASSED] - Object 'Object Repository/Page_BugsUI New Bug/input_reporter' is NOT clickable

2019-05-05 12:07:26 - [TEST_STEP][PASSED] - Statement - defaultReporterName = com.kms.katalon.core.webui.keyword.WebUiBuiltInKeywords.getAttribute(com.kms.katalon.core.testobject.ObjectRepository.findTestObject(Page_BugsUI New Bug/input_reporter), "value"): Attribute 'value' of object 'Object Repository/Page_BugsUI New Bug/input_reporter' is: 'kumar Nagendra1 (kumar.nagendra@happiestminds.com)'

2019-05-05 12:07:26 - [MESSAGE][PASSED] - Attribute 'value' of object 'Object Repository/Page_BugsUI New Bug/input_reporter' is: 'kumar Nagendra1 (kumar.nagendra@happiestminds.com)'

2019-05-05 12:07:26 - [TEST_STEP][PASSED] - Statement - If (defaultReporterName.equals("kumar Nagendra1 (kumar.nagendra@happiestminds.com)")): null

2019-05-05 12:07:26 - [TEST_STEP][PASSED] - Statement - assert true: null

2019-05-05 12:07:26 - [TEST_STEP][PASSED] - Statement - If (com.kms.katalon.core.webui.keyword.WebUiBuiltInKeywords.verifyElementPresent(com.kms.katalon.core.testobject.ObjectRepository.findTestObject(Page_BugsUI New Bug/button_Raise New Bug), 0)): Object: 'Object Repository/Page_BugsUI New Bug/button_Raise New Bug' is clicked on

2019-05-05 12:07:26 - [MESSAGE][WARNING] - Timeout '0' is invalid. Using default page load timeout: '30'

2019-05-05 12:07:26 - [MESSAGE][PASSED] - Object 'Object Repository/Page_BugsUI New Bug/button_Raise New Bug' is present

2019-05-05 12:07:26 - [TEST_STEP][PASSED] - click: Object: 'Object Repository/Page_BugsUI New Bug/button_Raise New Bug' is clicked on

2019-05-05 12:07:26 - [MESSAGE][PASSED] - Object: 'Object Repository/Page_BugsUI New Bug/button_Raise New Bug' is clicked on

2019-05-05 12:07:26 - [TEST_STEP][PASSED] - delay: Delayed 4 second(s)

2019-05-05 12:07:30 - [MESSAGE][PASSED] - Delayed 4 second(s)]]></system-out>
         <system-err><![CDATA[]]></system-err>
      </testcase>
      <system-out><![CDATA[2019-05-05 12:03:42 - [TEST_SUITE][FAILED] - SmokeSuite: Test Cases/Add_Product/AddProductFields_verification FAILED because (of) Unable to click on object 'Object Repository/Page_BugsUI Add Product/AddProduct_button' (Root cause: org.openqa.selenium.WebDriverException: unknown error: Element <button _ngcontent-c10="" class="btn btn-sm btn-primary" type="button">...</button> is not clickable at point (336, 635). Other element would receive the click: <a _ngcontent-c2="" href="/search?status=ASSIGNED,NEW,REOPENED,RESOLVED,CLOSED&amp;reporter=kumar.nagendra@happiestminds.com">...</a>
  (Session info: chrome=74.0.3729.131)
  (Driver info: chromedriver=2.35.528161 (5b82f2d2aae0ca24b877009200ced9065a772e73),platform=Windows NT 10.0.14393 x86_64) (WARNING: The server did not provide any stacktrace information)
Command duration or timeout: 0 milliseconds
Build info: version: '3.7.1', revision: '8a0099a', time: '2017-11-06T21:07:36.161Z'
System info: host: 'HMECL001948', ip: '10.95.75.221', os.name: 'Windows 10', os.arch: 'amd64', os.version: '10.0', java.version: '1.8.0_102'
Driver info: com.kms.katalon.selenium.driver.CChromeDriver
Capabilities {acceptInsecureCerts: false, acceptSslCerts: false, applicationCacheEnabled: false, browserConnectionEnabled: false, browserName: chrome, chrome: {chromedriverVersion: 2.35.528161 (5b82f2d2aae0ca..., userDataDir: C:\WINDOWS\TEMP\scoped_dir7...}, cssSelectorsEnabled: true, databaseEnabled: false, handlesAlerts: true, hasTouchScreen: false, javascriptEnabled: true, locationContextEnabled: true, mobileEmulationEnabled: false, nativeEvents: true, networkConnectionEnabled: false, pageLoadStrategy: normal, platform: XP, platformName: XP, rotatable: false, setWindowRect: true, takesHeapSnapshot: true, takesScreenshot: true, unexpectedAlertBehaviour: , unhandledPromptBehavior: , version: 74.0.3729.131, webStorageEnabled: true}
Session ID: 14fd05ce6081dbf5a76076925d4851e1)]]></system-out>
      <system-err><![CDATA[2019-05-05 12:03:42 - [TEST_SUITE][FAILED] - SmokeSuite: Test Cases/Add_Product/AddProductFields_verification FAILED because (of) Unable to click on object 'Object Repository/Page_BugsUI Add Product/AddProduct_button' (Root cause: org.openqa.selenium.WebDriverException: unknown error: Element <button _ngcontent-c10="" class="btn btn-sm btn-primary" type="button">...</button> is not clickable at point (336, 635). Other element would receive the click: <a _ngcontent-c2="" href="/search?status=ASSIGNED,NEW,REOPENED,RESOLVED,CLOSED&amp;reporter=kumar.nagendra@happiestminds.com">...</a>
  (Session info: chrome=74.0.3729.131)
  (Driver info: chromedriver=2.35.528161 (5b82f2d2aae0ca24b877009200ced9065a772e73),platform=Windows NT 10.0.14393 x86_64) (WARNING: The server did not provide any stacktrace information)
Command duration or timeout: 0 milliseconds
Build info: version: '3.7.1', revision: '8a0099a', time: '2017-11-06T21:07:36.161Z'
System info: host: 'HMECL001948', ip: '10.95.75.221', os.name: 'Windows 10', os.arch: 'amd64', os.version: '10.0', java.version: '1.8.0_102'
Driver info: com.kms.katalon.selenium.driver.CChromeDriver
Capabilities {acceptInsecureCerts: false, acceptSslCerts: false, applicationCacheEnabled: false, browserConnectionEnabled: false, browserName: chrome, chrome: {chromedriverVersion: 2.35.528161 (5b82f2d2aae0ca..., userDataDir: C:\WINDOWS\TEMP\scoped_dir7...}, cssSelectorsEnabled: true, databaseEnabled: false, handlesAlerts: true, hasTouchScreen: false, javascriptEnabled: true, locationContextEnabled: true, mobileEmulationEnabled: false, nativeEvents: true, networkConnectionEnabled: false, pageLoadStrategy: normal, platform: XP, platformName: XP, rotatable: false, setWindowRect: true, takesHeapSnapshot: true, takesScreenshot: true, unexpectedAlertBehaviour: , unhandledPromptBehavior: , version: 74.0.3729.131, webStorageEnabled: true}
Session ID: 14fd05ce6081dbf5a76076925d4851e1)]]></system-err>
   </testsuite>
</testsuites>
