<?xml version="1.0" encoding="UTF-8"?>
<testsuites name="CucumberSmoke" time="1" tests="0" failures="0" errors="1">
   <testsuite name="CucumberSmoke" tests="0" failures="0" errors="1" time="1" timestamp="2019-05-13 17:38:42" hostname="Kumar.nagendra - HMECL001948.happiestminds.com" id="Test Suites/CucumberSmoke">
      <properties>
         <property name="deviceName" value=""/>
         <property name="devicePlatform" value=""/>
         <property name="logFolder" value="C:\\New-Bugzilla-Application\\Automation\\New_Bugzilla-UI-V2\\Reports\\CucumberSmoke\\20190513_173840"/>
         <property name="logFiles" value="C:\\New-Bugzilla-Application\\Automation\\New_Bugzilla-UI-V2\\Reports\\CucumberSmoke\\20190513_173840\\execution0.log"/>
         <property name="attachments" value=""/>
         <property name="hostName" value="Kumar.nagendra - HMECL001948.happiestminds.com"/>
         <property name="hostAddress" value="10.95.75.221"/>
         <property name="os" value="Windows 10 64bit"/>
         <property name="katalonVersion" value="6.1.3.3"/>
      </properties>
      <testcase name="Test Cases/Cucumber_testCases/ProductAddCases" classname="Test Cases/Cucumber_testCases/ProductAddCases" status="ERROR">
         <error type="ERROR" message="Test Cases/Cucumber_testCases/ProductAddCases FAILED.
Reason:
groovy.lang.MissingMethodException: No signature of method: static com.kms.katalon.core.cucumber.keyword.CucumberBuiltinKeywords.runFeatureFile() is applicable for argument types: (java.lang.String, java.lang.String) values: [Include/features/BDD Cucumber Tests/Web UI Tests/Product Add/AddProduct.feature, ...]
Possible solutions: runFeatureFile(java.lang.String), runFeatureFile(java.lang.String, com.kms.katalon.core.model.FailureHandling), runFeatureFolder(java.lang.String), runFeatureFolder(java.lang.String, com.kms.katalon.core.model.FailureHandling)
	at ProductAddCases.run(ProductAddCases:16)
	at com.kms.katalon.core.main.ScriptEngine.run(ScriptEngine.java:194)
	at com.kms.katalon.core.main.ScriptEngine.runScriptAsRawText(ScriptEngine.java:119)
	at com.kms.katalon.core.main.TestCaseExecutor.runScript(TestCaseExecutor.java:336)
	at com.kms.katalon.core.main.TestCaseExecutor.doExecute(TestCaseExecutor.java:327)
	at com.kms.katalon.core.main.TestCaseExecutor.processExecutionPhase(TestCaseExecutor.java:306)
	at com.kms.katalon.core.main.TestCaseExecutor.accessMainPhase(TestCaseExecutor.java:298)
	at com.kms.katalon.core.main.TestCaseExecutor.execute(TestCaseExecutor.java:232)
	at com.kms.katalon.core.main.TestSuiteExecutor.accessTestCaseMainPhase(TestSuiteExecutor.java:129)
	at com.kms.katalon.core.main.TestSuiteExecutor.accessTestSuiteMainPhase(TestSuiteExecutor.java:112)
	at com.kms.katalon.core.main.TestSuiteExecutor.execute(TestSuiteExecutor.java:81)
	at com.kms.katalon.core.main.TestCaseMain.startTestSuite(TestCaseMain.java:157)
	at com.kms.katalon.core.main.TestCaseMain$startTestSuite$0.call(Unknown Source)
	at TempTestSuite1557749320072.run(TempTestSuite1557749320072.groovy:35)
"/>
         <system-out><![CDATA[2019-05-13 17:38:43 - [TEST_CASE][ERROR] - Test Cases/Cucumber_testCases/ProductAddCases: Test Cases/Cucumber_testCases/ProductAddCases FAILED.
Reason:
groovy.lang.MissingMethodException: No signature of method: static com.kms.katalon.core.cucumber.keyword.CucumberBuiltinKeywords.runFeatureFile() is applicable for argument types: (java.lang.String, java.lang.String) values: [Include/features/BDD Cucumber Tests/Web UI Tests/Product Add/AddProduct.feature, ...]
Possible solutions: runFeatureFile(java.lang.String), runFeatureFile(java.lang.String, com.kms.katalon.core.model.FailureHandling), runFeatureFolder(java.lang.String), runFeatureFolder(java.lang.String, com.kms.katalon.core.model.FailureHandling)
	at ProductAddCases.run(ProductAddCases:16)
	at com.kms.katalon.core.main.ScriptEngine.run(ScriptEngine.java:194)
	at com.kms.katalon.core.main.ScriptEngine.runScriptAsRawText(ScriptEngine.java:119)
	at com.kms.katalon.core.main.TestCaseExecutor.runScript(TestCaseExecutor.java:336)
	at com.kms.katalon.core.main.TestCaseExecutor.doExecute(TestCaseExecutor.java:327)
	at com.kms.katalon.core.main.TestCaseExecutor.processExecutionPhase(TestCaseExecutor.java:306)
	at com.kms.katalon.core.main.TestCaseExecutor.accessMainPhase(TestCaseExecutor.java:298)
	at com.kms.katalon.core.main.TestCaseExecutor.execute(TestCaseExecutor.java:232)
	at com.kms.katalon.core.main.TestSuiteExecutor.accessTestCaseMainPhase(TestSuiteExecutor.java:129)
	at com.kms.katalon.core.main.TestSuiteExecutor.accessTestSuiteMainPhase(TestSuiteExecutor.java:112)
	at com.kms.katalon.core.main.TestSuiteExecutor.execute(TestSuiteExecutor.java:81)
	at com.kms.katalon.core.main.TestCaseMain.startTestSuite(TestCaseMain.java:157)
	at com.kms.katalon.core.main.TestCaseMain$startTestSuite$0.call(Unknown Source)
	at TempTestSuite1557749320072.run(TempTestSuite1557749320072.groovy:35)


2019-05-13 17:38:43 - [TEST_STEP][PASSED] - runFeatureFile("Include/features/BDD Cucumber Tests/Web UI Tests/Product Add/AddProduct.feature", "Include/features/BDD Cucumber Tests/Web UI Tests/Product Add/AvailabilityOfAddedProduct.feature"): null]]></system-out>
         <system-err><![CDATA[2019-05-13 17:38:43 - [TEST_CASE][ERROR] - Test Cases/Cucumber_testCases/ProductAddCases: Test Cases/Cucumber_testCases/ProductAddCases FAILED.
Reason:
groovy.lang.MissingMethodException: No signature of method: static com.kms.katalon.core.cucumber.keyword.CucumberBuiltinKeywords.runFeatureFile() is applicable for argument types: (java.lang.String, java.lang.String) values: [Include/features/BDD Cucumber Tests/Web UI Tests/Product Add/AddProduct.feature, ...]
Possible solutions: runFeatureFile(java.lang.String), runFeatureFile(java.lang.String, com.kms.katalon.core.model.FailureHandling), runFeatureFolder(java.lang.String), runFeatureFolder(java.lang.String, com.kms.katalon.core.model.FailureHandling)
	at ProductAddCases.run(ProductAddCases:16)
	at com.kms.katalon.core.main.ScriptEngine.run(ScriptEngine.java:194)
	at com.kms.katalon.core.main.ScriptEngine.runScriptAsRawText(ScriptEngine.java:119)
	at com.kms.katalon.core.main.TestCaseExecutor.runScript(TestCaseExecutor.java:336)
	at com.kms.katalon.core.main.TestCaseExecutor.doExecute(TestCaseExecutor.java:327)
	at com.kms.katalon.core.main.TestCaseExecutor.processExecutionPhase(TestCaseExecutor.java:306)
	at com.kms.katalon.core.main.TestCaseExecutor.accessMainPhase(TestCaseExecutor.java:298)
	at com.kms.katalon.core.main.TestCaseExecutor.execute(TestCaseExecutor.java:232)
	at com.kms.katalon.core.main.TestSuiteExecutor.accessTestCaseMainPhase(TestSuiteExecutor.java:129)
	at com.kms.katalon.core.main.TestSuiteExecutor.accessTestSuiteMainPhase(TestSuiteExecutor.java:112)
	at com.kms.katalon.core.main.TestSuiteExecutor.execute(TestSuiteExecutor.java:81)
	at com.kms.katalon.core.main.TestCaseMain.startTestSuite(TestCaseMain.java:157)
	at com.kms.katalon.core.main.TestCaseMain$startTestSuite$0.call(Unknown Source)
	at TempTestSuite1557749320072.run(TempTestSuite1557749320072.groovy:35)]]></system-err>
      </testcase>
      <system-out><![CDATA[2019-05-13 17:38:42 - [TEST_SUITE][ERROR] - CucumberSmoke: Test Cases/Cucumber_testCases/ProductAddCases FAILED.
Reason:
groovy.lang.MissingMethodException: No signature of method: static com.kms.katalon.core.cucumber.keyword.CucumberBuiltinKeywords.runFeatureFile() is applicable for argument types: (java.lang.String, java.lang.String) values: [Include/features/BDD Cucumber Tests/Web UI Tests/Product Add/AddProduct.feature, ...]
Possible solutions: runFeatureFile(java.lang.String), runFeatureFile(java.lang.String, com.kms.katalon.core.model.FailureHandling), runFeatureFolder(java.lang.String), runFeatureFolder(java.lang.String, com.kms.katalon.core.model.FailureHandling)
	at ProductAddCases.run(ProductAddCases:16)
	at com.kms.katalon.core.main.ScriptEngine.run(ScriptEngine.java:194)
	at com.kms.katalon.core.main.ScriptEngine.runScriptAsRawText(ScriptEngine.java:119)
	at com.kms.katalon.core.main.TestCaseExecutor.runScript(TestCaseExecutor.java:336)
	at com.kms.katalon.core.main.TestCaseExecutor.doExecute(TestCaseExecutor.java:327)
	at com.kms.katalon.core.main.TestCaseExecutor.processExecutionPhase(TestCaseExecutor.java:306)
	at com.kms.katalon.core.main.TestCaseExecutor.accessMainPhase(TestCaseExecutor.java:298)
	at com.kms.katalon.core.main.TestCaseExecutor.execute(TestCaseExecutor.java:232)
	at com.kms.katalon.core.main.TestSuiteExecutor.accessTestCaseMainPhase(TestSuiteExecutor.java:129)
	at com.kms.katalon.core.main.TestSuiteExecutor.accessTestSuiteMainPhase(TestSuiteExecutor.java:112)
	at com.kms.katalon.core.main.TestSuiteExecutor.execute(TestSuiteExecutor.java:81)
	at com.kms.katalon.core.main.TestCaseMain.startTestSuite(TestCaseMain.java:157)
	at com.kms.katalon.core.main.TestCaseMain$startTestSuite$0.call(Unknown Source)
	at TempTestSuite1557749320072.run(TempTestSuite1557749320072.groovy:35)]]></system-out>
      <system-err><![CDATA[2019-05-13 17:38:42 - [TEST_SUITE][ERROR] - CucumberSmoke: Test Cases/Cucumber_testCases/ProductAddCases FAILED.
Reason:
groovy.lang.MissingMethodException: No signature of method: static com.kms.katalon.core.cucumber.keyword.CucumberBuiltinKeywords.runFeatureFile() is applicable for argument types: (java.lang.String, java.lang.String) values: [Include/features/BDD Cucumber Tests/Web UI Tests/Product Add/AddProduct.feature, ...]
Possible solutions: runFeatureFile(java.lang.String), runFeatureFile(java.lang.String, com.kms.katalon.core.model.FailureHandling), runFeatureFolder(java.lang.String), runFeatureFolder(java.lang.String, com.kms.katalon.core.model.FailureHandling)
	at ProductAddCases.run(ProductAddCases:16)
	at com.kms.katalon.core.main.ScriptEngine.run(ScriptEngine.java:194)
	at com.kms.katalon.core.main.ScriptEngine.runScriptAsRawText(ScriptEngine.java:119)
	at com.kms.katalon.core.main.TestCaseExecutor.runScript(TestCaseExecutor.java:336)
	at com.kms.katalon.core.main.TestCaseExecutor.doExecute(TestCaseExecutor.java:327)
	at com.kms.katalon.core.main.TestCaseExecutor.processExecutionPhase(TestCaseExecutor.java:306)
	at com.kms.katalon.core.main.TestCaseExecutor.accessMainPhase(TestCaseExecutor.java:298)
	at com.kms.katalon.core.main.TestCaseExecutor.execute(TestCaseExecutor.java:232)
	at com.kms.katalon.core.main.TestSuiteExecutor.accessTestCaseMainPhase(TestSuiteExecutor.java:129)
	at com.kms.katalon.core.main.TestSuiteExecutor.accessTestSuiteMainPhase(TestSuiteExecutor.java:112)
	at com.kms.katalon.core.main.TestSuiteExecutor.execute(TestSuiteExecutor.java:81)
	at com.kms.katalon.core.main.TestCaseMain.startTestSuite(TestCaseMain.java:157)
	at com.kms.katalon.core.main.TestCaseMain$startTestSuite$0.call(Unknown Source)
	at TempTestSuite1557749320072.run(TempTestSuite1557749320072.groovy:35)]]></system-err>
   </testsuite>
</testsuites>
