<?xml version="1.0" encoding="UTF-8"?>
<testsuites name="Product_Add_Suite" time="56" tests="1" failures="1" errors="0">
   <testsuite name="Product_Add_Suite" tests="1" failures="1" errors="0" time="56" timestamp="2019-04-22 11:55:28" hostname="Kumar.nagendra - HMECL001948.happiestminds.com" id="Test Suites/Product_Add_Suite">
      <properties>
         <property name="deviceName" value=""/>
         <property name="devicePlatform" value=""/>
         <property name="logFolder" value="C:\\New-Bugzilla-Application\\New_Bugzilla-UI-V2\\Reports\\Product_Add_Suite\\20190422_115526"/>
         <property name="logFiles" value="C:\\New-Bugzilla-Application\\New_Bugzilla-UI-V2\\Reports\\Product_Add_Suite\\20190422_115526\\execution0.log"/>
         <property name="attachments" value="C:\\New-Bugzilla-Application\\New_Bugzilla-UI-V2\\Reports\\Product_Add_Suite\\20190422_115526\\1555914383365.png"/>
         <property name="hostName" value="Kumar.nagendra - HMECL001948.happiestminds.com"/>
         <property name="os" value="Windows 10 64bit"/>
         <property name="katalonVersion" value="5.3.0.1"/>
         <property name="browser" value="Chrome 73.0.3683.103"/>
         <property name="hostAddress" value="10.95.75.221"/>
         <property name="sessionId" value="3c2a7f4d306345a4654e9c66bc8c545d"/>
         <property name="seleniumVersion" value="3.7.1"/>
         <property name="proxyInformation" value="ProxyInformation{proxyOption=NO_PROXY, proxyServerType=HTTP, password=, proxyServerAddress=, proxyServerPort=0}"/>
         <property name="platform" value="Windows 10"/>
      </properties>
      <testcase name="Test Cases/Add_Product/AddProductFields_verification" classname="Test Cases/Add_Product/AddProductFields_verification" status="PASSED">
         <system-out><![CDATA[2019-04-22 11:55:29 - [TEST_CASE][PASSED] - Test Cases/Add_Product/AddProductFields_verification: Test Cases/Add_Product/AddProductFields_verification

2019-04-22 11:55:29 - [TEST_STEP][PASSED] - openBrowser: Browser is opened with url: ''

2019-04-22 11:55:32 - [MESSAGE][PASSED] - Browser is opened with url: ''

2019-04-22 11:55:32 - [TEST_STEP][PASSED] - navigateToUrl: Navigate to 'https://le-bugsui.staging.corp.arista.io/dashboard' successfully

2019-04-22 11:55:47 - [MESSAGE][PASSED] - Navigate to 'https://le-bugsui.staging.corp.arista.io/dashboard' successfully

2019-04-22 11:55:47 - [TEST_STEP][PASSED] - delay: Delayed 3 second(s)

2019-04-22 11:55:50 - [MESSAGE][PASSED] - Delayed 3 second(s)

2019-04-22 11:55:50 - [TEST_STEP][PASSED] - reusable.loginBugZillaUI.login: reusable.loginBugZillaUI.login is PASSED

2019-04-22 11:55:50 - [MESSAGE][PASSED] - Current window maximized

2019-04-22 11:55:50 - [MESSAGE][PASSED] - Text 'knagendra-ext' is set on object 'Object Repository/Page_BugsUI/input_username'

2019-04-22 11:55:50 - [MESSAGE][PASSED] - Text 'Kum1!@#$%^&*()ar' is set on object 'Object Repository/Page_BugsUI/input_password'

2019-04-22 11:55:50 - [MESSAGE][PASSED] - Object 'Object Repository/Page_BugsUI/button_Login' is clickable

2019-04-22 11:55:50 - [MESSAGE][PASSED] - Object: 'Object Repository/Page_BugsUI/button_Login' is clicked on

2019-04-22 11:55:50 - [MESSAGE][PASSED] - reusable.loginBugZillaUI.login is PASSED

2019-04-22 11:55:50 - [TEST_STEP][PASSED] - delay: Delayed 6 second(s)

2019-04-22 11:55:56 - [MESSAGE][PASSED] - Delayed 6 second(s)

2019-04-22 11:55:56 - [TEST_STEP][PASSED] - Statement - If (com.kms.katalon.core.webui.keyword.WebUiBuiltInKeywords.verifyElementPresent(com.kms.katalon.core.testobject.ObjectRepository.findTestObject(Page_BugsUI Dashboard/span_Dashboard), 0)): Object: 'Object Repository/Page_BugsUI Dashboard/a_Add' is clicked on

2019-04-22 11:55:56 - [MESSAGE][WARNING] - Timeout '0' is invalid. Using default page load timeout: '30'

2019-04-22 11:55:56 - [MESSAGE][PASSED] - Object 'Object Repository/Page_BugsUI Dashboard/span_Dashboard' is present

2019-04-22 11:55:56 - [TEST_STEP][PASSED] - Statement - If (com.kms.katalon.core.webui.keyword.WebUiBuiltInKeywords.verifyElementPresent(com.kms.katalon.core.testobject.ObjectRepository.findTestObject(Page_BugsUI Dashboard/button_Product), 10)): Object: 'Object Repository/Page_BugsUI Dashboard/a_Add' is clicked on

2019-04-22 11:55:57 - [MESSAGE][PASSED] - Object 'Object Repository/Page_BugsUI Dashboard/button_Product' is present

2019-04-22 11:55:57 - [TEST_STEP][PASSED] - click: Object: 'Object Repository/Page_BugsUI Dashboard/button_Product' is clicked on

2019-04-22 11:55:57 - [MESSAGE][PASSED] - Object: 'Object Repository/Page_BugsUI Dashboard/button_Product' is clicked on

2019-04-22 11:55:57 - [TEST_STEP][PASSED] - delay: Delayed 2 second(s)

2019-04-22 11:55:59 - [MESSAGE][PASSED] - Delayed 2 second(s)

2019-04-22 11:55:59 - [TEST_STEP][PASSED] - Statement - If (com.kms.katalon.core.webui.keyword.WebUiBuiltInKeywords.verifyElementPresent(com.kms.katalon.core.testobject.ObjectRepository.findTestObject(Page_BugsUI Dashboard/a_Add), 5)): Object: 'Object Repository/Page_BugsUI Dashboard/a_Add' is clicked on

2019-04-22 11:55:59 - [MESSAGE][PASSED] - Object 'Object Repository/Page_BugsUI Dashboard/a_Add' is present

2019-04-22 11:55:59 - [TEST_STEP][PASSED] - click: Object: 'Object Repository/Page_BugsUI Dashboard/a_Add' is clicked on

2019-04-22 11:55:59 - [MESSAGE][PASSED] - Object: 'Object Repository/Page_BugsUI Dashboard/a_Add' is clicked on

2019-04-22 11:55:59 - [TEST_STEP][PASSED] - delay: Delayed 3 second(s)

2019-04-22 11:56:02 - [MESSAGE][PASSED] - Delayed 3 second(s)

2019-04-22 11:56:02 - [TEST_STEP][PASSED] - Statement - If (com.kms.katalon.core.webui.keyword.WebUiBuiltInKeywords.verifyElementPresent(com.kms.katalon.core.testobject.ObjectRepository.findTestObject(Page_BugsUI Add Product/span_Add Product), 0)): null

2019-04-22 11:56:02 - [MESSAGE][WARNING] - Timeout '0' is invalid. Using default page load timeout: '30'

2019-04-22 11:56:02 - [MESSAGE][PASSED] - Object 'Object Repository/Page_BugsUI Add Product/span_Add Product' is present

2019-04-22 11:56:02 - [TEST_STEP][PASSED] - Statement - assert true: null

2019-04-22 11:56:02 - [TEST_STEP][PASSED] - verifyElementPresent: Object 'Object Repository/Page_BugsUI Add Product/div_Choose Classification' is present

2019-04-22 11:56:02 - [MESSAGE][PASSED] - Object 'Object Repository/Page_BugsUI Add Product/div_Choose Classification' is present

2019-04-22 11:56:02 - [TEST_STEP][PASSED] - verifyElementPresent: Object 'Object Repository/Page_BugsUI Add Product/input_name' is present

2019-04-22 11:56:02 - [MESSAGE][PASSED] - Object 'Object Repository/Page_BugsUI Add Product/input_name' is present

2019-04-22 11:56:02 - [TEST_STEP][PASSED] - verifyElementPresent: Object 'Object Repository/Page_BugsUI Add Product/textarea_description' is present

2019-04-22 11:56:02 - [MESSAGE][PASSED] - Object 'Object Repository/Page_BugsUI Add Product/textarea_description' is present

2019-04-22 11:56:02 - [TEST_STEP][PASSED] - verifyElementPresent: Object 'Object Repository/Page_BugsUI Add Product/checkbox_closedForBugEntry' is present

2019-04-22 11:56:02 - [MESSAGE][PASSED] - Object 'Object Repository/Page_BugsUI Add Product/checkbox_closedForBugEntry' is present

2019-04-22 11:56:02 - [TEST_STEP][PASSED] - verifyElementPresent: Object 'Object Repository/Page_BugsUI Add Product/input_version' is present

2019-04-22 11:56:02 - [MESSAGE][PASSED] - Object 'Object Repository/Page_BugsUI Add Product/input_version' is present

2019-04-22 11:56:02 - [TEST_STEP][PASSED] - verifyElementPresent: Object 'Object Repository/Page_BugsUI Add Product/input_component' is present

2019-04-22 11:56:02 - [MESSAGE][PASSED] - Object 'Object Repository/Page_BugsUI Add Product/input_component' is present

2019-04-22 11:56:02 - [TEST_STEP][PASSED] - verifyElementPresent: Object 'Object Repository/Page_BugsUI Add Product/div_Choose Assignee' is present

2019-04-22 11:56:02 - [MESSAGE][PASSED] - Object 'Object Repository/Page_BugsUI Add Product/div_Choose Assignee' is present

2019-04-22 11:56:02 - [TEST_STEP][PASSED] - Statement - If (com.kms.katalon.core.webui.keyword.WebUiBuiltInKeywords.verifyElementNotClickable(com.kms.katalon.core.testobject.ObjectRepository.findTestObject(Page_BugsUI Add Product/AddProduct_button))): null

2019-04-22 11:56:02 - [MESSAGE][PASSED] - Object 'Object Repository/Page_BugsUI Add Product/AddProduct_button' is NOT clickable

2019-04-22 11:56:02 - [TEST_STEP][PASSED] - Statement - assert true: null

2019-04-22 11:56:02 - [TEST_STEP][PASSED] - click: Object: 'Object Repository/Page_BugsUI Add Product/div_Choose Classification' is clicked on

2019-04-22 11:56:02 - [MESSAGE][PASSED] - Object: 'Object Repository/Page_BugsUI Add Product/div_Choose Classification' is clicked on

2019-04-22 11:56:02 - [TEST_STEP][PASSED] - delay: Delayed 2 second(s)

2019-04-22 11:56:04 - [MESSAGE][PASSED] - Delayed 2 second(s)

2019-04-22 11:56:04 - [TEST_STEP][PASSED] - click: Object: 'Object Repository/Page_BugsUI Add Product/span_Software' is clicked on

2019-04-22 11:56:04 - [MESSAGE][PASSED] - Object: 'Object Repository/Page_BugsUI Add Product/span_Software' is clicked on

2019-04-22 11:56:04 - [TEST_STEP][PASSED] - setText: Text '1-Automation-testing' is set on object 'Object Repository/Page_BugsUI Add Product/input_name'

2019-04-22 11:56:05 - [MESSAGE][PASSED] - Text '1-Automation-testing' is set on object 'Object Repository/Page_BugsUI Add Product/input_name'

2019-04-22 11:56:05 - [TEST_STEP][PASSED] - setText: Text '1-Automation-testing Description' is set on object 'Object Repository/Page_BugsUI Add Product/textarea_description'

2019-04-22 11:56:05 - [MESSAGE][PASSED] - Text '1-Automation-testing Description' is set on object 'Object Repository/Page_BugsUI Add Product/textarea_description'

2019-04-22 11:56:05 - [TEST_STEP][PASSED] - setText: Text '1' is set on object 'Object Repository/Page_BugsUI Add Product/input_version'

2019-04-22 11:56:05 - [MESSAGE][PASSED] - Text '1' is set on object 'Object Repository/Page_BugsUI Add Product/input_version'

2019-04-22 11:56:05 - [TEST_STEP][PASSED] - Statement - If (com.kms.katalon.core.webui.keyword.WebUiBuiltInKeywords.verifyElementNotClickable(com.kms.katalon.core.testobject.ObjectRepository.findTestObject(Page_BugsUI Add Product/AddProduct_button))): null

2019-04-22 11:56:05 - [MESSAGE][PASSED] - Object 'Object Repository/Page_BugsUI Add Product/AddProduct_button' is NOT clickable

2019-04-22 11:56:05 - [TEST_STEP][PASSED] - Statement - assert true: null

2019-04-22 11:56:05 - [TEST_STEP][PASSED] - setText: Text 'kumar nagendra' is set on object 'Object Repository/Page_BugsUI Add Product/defaultAssigne_inputbox'

2019-04-22 11:56:05 - [MESSAGE][PASSED] - Text 'kumar nagendra' is set on object 'Object Repository/Page_BugsUI Add Product/defaultAssigne_inputbox'

2019-04-22 11:56:05 - [TEST_STEP][PASSED] - click: Object: 'Object Repository/Page_BugsUI Add Product/span_kumar.nagendra' is clicked on

2019-04-22 11:56:07 - [MESSAGE][PASSED] - Object: 'Object Repository/Page_BugsUI Add Product/span_kumar.nagendra' is clicked on

2019-04-22 11:56:07 - [TEST_STEP][PASSED] - delay: Delayed 2 second(s)

2019-04-22 11:56:09 - [MESSAGE][PASSED] - Delayed 2 second(s)

2019-04-22 11:56:09 - [TEST_STEP][PASSED] - Statement - If (com.kms.katalon.core.webui.keyword.WebUiBuiltInKeywords.verifyElementClickable(com.kms.katalon.core.testobject.ObjectRepository.findTestObject(Page_BugsUI Add Product/AddProduct_button))): null

2019-04-22 11:56:09 - [MESSAGE][PASSED] - Object 'Object Repository/Page_BugsUI Add Product/AddProduct_button' is clickable

2019-04-22 11:56:09 - [TEST_STEP][PASSED] - Statement - assert true: null

2019-04-22 11:56:09 - [TEST_STEP][PASSED] - setText: Text 'Auto-1' is set on object 'Object Repository/Page_BugsUI Add Product/input_component'

2019-04-22 11:56:09 - [MESSAGE][PASSED] - Text 'Auto-1' is set on object 'Object Repository/Page_BugsUI Add Product/input_component'

2019-04-22 11:56:09 - [TEST_STEP][PASSED] - verifyElementPresent: Object 'Object Repository/Page_BugsUI Add Product/componentDescription' is present

2019-04-22 11:56:09 - [MESSAGE][PASSED] - Object 'Object Repository/Page_BugsUI Add Product/componentDescription' is present

2019-04-22 11:56:09 - [TEST_STEP][PASSED] - Statement - If (com.kms.katalon.core.webui.keyword.WebUiBuiltInKeywords.verifyElementNotClickable(com.kms.katalon.core.testobject.ObjectRepository.findTestObject(Page_BugsUI Add Product/AddProduct_button))): null

2019-04-22 11:56:09 - [MESSAGE][PASSED] - Object 'Object Repository/Page_BugsUI Add Product/AddProduct_button' is NOT clickable

2019-04-22 11:56:09 - [TEST_STEP][PASSED] - Statement - assert true: null

2019-04-22 11:56:09 - [TEST_STEP][PASSED] - setText: Text 'Auto-1 description' is set on object 'Object Repository/Page_BugsUI Add Product/componentDescription'

2019-04-22 11:56:09 - [MESSAGE][PASSED] - Text 'Auto-1 description' is set on object 'Object Repository/Page_BugsUI Add Product/componentDescription'

2019-04-22 11:56:09 - [TEST_STEP][PASSED] - Statement - If (com.kms.katalon.core.webui.keyword.WebUiBuiltInKeywords.verifyElementClickable(com.kms.katalon.core.testobject.ObjectRepository.findTestObject(Page_BugsUI Add Product/AddProduct_button))): null

2019-04-22 11:56:09 - [MESSAGE][PASSED] - Object 'Object Repository/Page_BugsUI Add Product/AddProduct_button' is clickable

2019-04-22 11:56:09 - [TEST_STEP][PASSED] - Statement - assert true: null

2019-04-22 11:56:09 - [TEST_STEP][PASSED] - clearText: Text of object 'Object Repository/Page_BugsUI Add Product/input_name' is cleared

2019-04-22 11:56:09 - [MESSAGE][PASSED] - Text of object 'Object Repository/Page_BugsUI Add Product/input_name' is cleared

2019-04-22 11:56:09 - [TEST_STEP][PASSED] - setText: Text 'BugsUITest' is set on object 'Object Repository/Page_BugsUI Add Product/input_name'

2019-04-22 11:56:09 - [MESSAGE][PASSED] - Text 'BugsUITest' is set on object 'Object Repository/Page_BugsUI Add Product/input_name'

2019-04-22 11:56:09 - [TEST_STEP][PASSED] - click: Object: 'Object Repository/Page_BugsUI Add Product/AddProduct_button' is clicked on

2019-04-22 11:56:10 - [MESSAGE][PASSED] - Object: 'Object Repository/Page_BugsUI Add Product/AddProduct_button' is clicked on

2019-04-22 11:56:10 - [TEST_STEP][PASSED] - delay: Delayed 1 second(s)

2019-04-22 11:56:11 - [MESSAGE][PASSED] - Delayed 1 second(s)

2019-04-22 11:56:11 - [TEST_STEP][PASSED] - verifyElementPresent: Object 'Object Repository/Page_BugsUI Add Product/div_Product BugsUITest already' is present

2019-04-22 11:56:11 - [MESSAGE][PASSED] - Object 'Object Repository/Page_BugsUI Add Product/div_Product BugsUITest already' is present

2019-04-22 11:56:11 - [TEST_STEP][PASSED] - Statement - text = com.kms.katalon.core.webui.keyword.WebUiBuiltInKeywords.getText(com.kms.katalon.core.testobject.ObjectRepository.findTestObject(Page_BugsUI Add Product/div_Product BugsUITest already)): Text of object 'Object Repository/Page_BugsUI Add Product/div_Product BugsUITest already' is: 'Product BugsUITest already exists.'

2019-04-22 11:56:11 - [MESSAGE][PASSED] - Text of object 'Object Repository/Page_BugsUI Add Product/div_Product BugsUITest already' is: 'Product BugsUITest already exists.'

2019-04-22 11:56:11 - [TEST_STEP][PASSED] - Statement - If (text.equals("Product BugsUITest already exists.")): null

2019-04-22 11:56:11 - [TEST_STEP][PASSED] - Statement - assert true: null

2019-04-22 11:56:11 - [TEST_STEP][PASSED] - clearText: Text of object 'Object Repository/Page_BugsUI Add Product/input_name' is cleared

2019-04-22 11:56:11 - [MESSAGE][PASSED] - Text of object 'Object Repository/Page_BugsUI Add Product/input_name' is cleared

2019-04-22 11:56:11 - [TEST_STEP][PASSED] - setText: Text '1-Automation-testing' is set on object 'Object Repository/Page_BugsUI Add Product/input_name'

2019-04-22 11:56:11 - [MESSAGE][PASSED] - Text '1-Automation-testing' is set on object 'Object Repository/Page_BugsUI Add Product/input_name'

2019-04-22 11:56:11 - [TEST_STEP][PASSED] - click: Object: 'Object Repository/Page_BugsUI Add Product/AddProduct_button' is clicked on

2019-04-22 11:56:11 - [MESSAGE][PASSED] - Object: 'Object Repository/Page_BugsUI Add Product/AddProduct_button' is clicked on

2019-04-22 11:56:11 - [TEST_STEP][PASSED] - delay: Delayed 1 second(s)

2019-04-22 11:56:12 - [MESSAGE][PASSED] - Delayed 1 second(s)

2019-04-22 11:56:12 - [TEST_STEP][PASSED] - verifyElementPresent: Object 'Object Repository/Page_BugsUI Add Product/div_Product_added_success' is present

2019-04-22 11:56:12 - [MESSAGE][PASSED] - Object 'Object Repository/Page_BugsUI Add Product/div_Product_added_success' is present

2019-04-22 11:56:12 - [TEST_STEP][PASSED] - Statement - successMsg = com.kms.katalon.core.webui.keyword.WebUiBuiltInKeywords.getText(com.kms.katalon.core.testobject.ObjectRepository.findTestObject(Page_BugsUI Add Product/div_Product_added_success)): Text of object 'Object Repository/Page_BugsUI Add Product/div_Product_added_success' is: 'Product has been added successfully.'

2019-04-22 11:56:12 - [MESSAGE][PASSED] - Text of object 'Object Repository/Page_BugsUI Add Product/div_Product_added_success' is: 'Product has been added successfully.'

2019-04-22 11:56:12 - [TEST_STEP][PASSED] - Statement - If (successMsg.equals("Product has been added successfully.")): null

2019-04-22 11:56:12 - [TEST_STEP][PASSED] - Statement - assert true: null]]></system-out>
         <system-err><![CDATA[]]></system-err>
      </testcase>
      <testcase name="Test Cases/Add_Product/AddedProductAvailability" classname="Test Cases/Add_Product/AddedProductAvailability" status="FAILED">
         <failure type="FAILED" message="Unable to click on object 'Object Repository/Page_BugsUI New Bug/div_Choose Classification' (Root cause: org.openqa.selenium.WebDriverException: unknown error: Element &lt;ng-select _ngcontent-c12=&quot;&quot; bindlabel=&quot;name&quot; bindvalue=&quot;id&quot; class=&quot;classification-dropdown ng-select ng-select-single ng-select-searchable ng-untouched ng-pristine ng-invalid&quot; id=&quot;classification&quot; name=&quot;classification&quot; placeholder=&quot;Choose Classification&quot; required=&quot;&quot; role=&quot;listbox&quot;>...&lt;/ng-select> is not clickable at point (209, 198). Other element would receive the click: &lt;div _ngcontent-c0=&quot;&quot; class=&quot;overlay&quot; style=&quot;display: block;&quot;>...&lt;/div>
  (Session info: chrome=73.0.3683.103)
  (Driver info: chromedriver=2.35.528161 (5b82f2d2aae0ca24b877009200ced9065a772e73),platform=Windows NT 10.0.14393 x86_64) (WARNING: The server did not provide any stacktrace information)
Command duration or timeout: 0 milliseconds
Build info: version: '3.7.1', revision: '8a0099a', time: '2017-11-06T21:07:36.161Z'
System info: host: 'HMECL001948', ip: '10.95.75.221', os.name: 'Windows 10', os.arch: 'amd64', os.version: '10.0', java.version: '1.8.0_102'
Driver info: com.kms.katalon.selenium.driver.CChromeDriver
Capabilities {acceptInsecureCerts: false, acceptSslCerts: false, applicationCacheEnabled: false, browserConnectionEnabled: false, browserName: chrome, chrome: {chromedriverVersion: 2.35.528161 (5b82f2d2aae0ca..., userDataDir: C:\Users\KUMAR~1.NAG\AppDat...}, cssSelectorsEnabled: true, databaseEnabled: false, handlesAlerts: true, hasTouchScreen: false, javascriptEnabled: true, locationContextEnabled: true, mobileEmulationEnabled: false, nativeEvents: true, networkConnectionEnabled: false, pageLoadStrategy: normal, platform: XP, platformName: XP, rotatable: false, setWindowRect: true, takesHeapSnapshot: true, takesScreenshot: true, unexpectedAlertBehaviour: , unhandledPromptBehavior: , version: 73.0.3683.103, webStorageEnabled: true}
Session ID: 3c2a7f4d306345a4654e9c66bc8c545d)"/>
         <system-out><![CDATA[2019-04-22 11:56:12 - [TEST_CASE][FAILED] - Test Cases/Add_Product/AddedProductAvailability: Test Cases/Add_Product/AddedProductAvailability FAILED because (of) Unable to click on object 'Object Repository/Page_BugsUI New Bug/div_Choose Classification' (Root cause: org.openqa.selenium.WebDriverException: unknown error: Element <ng-select _ngcontent-c12="" bindlabel="name" bindvalue="id" class="classification-dropdown ng-select ng-select-single ng-select-searchable ng-untouched ng-pristine ng-invalid" id="classification" name="classification" placeholder="Choose Classification" required="" role="listbox">...</ng-select> is not clickable at point (209, 198). Other element would receive the click: <div _ngcontent-c0="" class="overlay" style="display: block;">...</div>
  (Session info: chrome=73.0.3683.103)
  (Driver info: chromedriver=2.35.528161 (5b82f2d2aae0ca24b877009200ced9065a772e73),platform=Windows NT 10.0.14393 x86_64) (WARNING: The server did not provide any stacktrace information)
Command duration or timeout: 0 milliseconds
Build info: version: '3.7.1', revision: '8a0099a', time: '2017-11-06T21:07:36.161Z'
System info: host: 'HMECL001948', ip: '10.95.75.221', os.name: 'Windows 10', os.arch: 'amd64', os.version: '10.0', java.version: '1.8.0_102'
Driver info: com.kms.katalon.selenium.driver.CChromeDriver
Capabilities {acceptInsecureCerts: false, acceptSslCerts: false, applicationCacheEnabled: false, browserConnectionEnabled: false, browserName: chrome, chrome: {chromedriverVersion: 2.35.528161 (5b82f2d2aae0ca..., userDataDir: C:\Users\KUMAR~1.NAG\AppDat...}, cssSelectorsEnabled: true, databaseEnabled: false, handlesAlerts: true, hasTouchScreen: false, javascriptEnabled: true, locationContextEnabled: true, mobileEmulationEnabled: false, nativeEvents: true, networkConnectionEnabled: false, pageLoadStrategy: normal, platform: XP, platformName: XP, rotatable: false, setWindowRect: true, takesHeapSnapshot: true, takesScreenshot: true, unexpectedAlertBehaviour: , unhandledPromptBehavior: , version: 73.0.3683.103, webStorageEnabled: true}
Session ID: 3c2a7f4d306345a4654e9c66bc8c545d)

2019-04-22 11:56:12 - [TEST_STEP][PASSED] - delay: Delayed 3 second(s)

2019-04-22 11:56:15 - [MESSAGE][PASSED] - Delayed 3 second(s)

2019-04-22 11:56:15 - [TEST_STEP][PASSED] - Statement - If (com.kms.katalon.core.webui.keyword.WebUiBuiltInKeywords.verifyElementPresent(com.kms.katalon.core.testobject.ObjectRepository.findTestObject(Page_BugsUI Dashboard/a_New Bug), 0)): Object: 'Object Repository/Page_BugsUI Dashboard/a_New Bug' is clicked on

2019-04-22 11:56:15 - [MESSAGE][WARNING] - Timeout '0' is invalid. Using default page load timeout: '30'

2019-04-22 11:56:15 - [MESSAGE][PASSED] - Object 'Object Repository/Page_BugsUI Dashboard/a_New Bug' is present

2019-04-22 11:56:15 - [TEST_STEP][PASSED] - click: Object: 'Object Repository/Page_BugsUI Dashboard/a_New Bug' is clicked on

2019-04-22 11:56:16 - [MESSAGE][PASSED] - Object: 'Object Repository/Page_BugsUI Dashboard/a_New Bug' is clicked on

2019-04-22 11:56:16 - [TEST_STEP][PASSED] - delay: Delayed 3 second(s)

2019-04-22 11:56:19 - [MESSAGE][PASSED] - Delayed 3 second(s)

2019-04-22 11:56:19 - [TEST_STEP][PASSED] - verifyElementPresent: Object 'Object Repository/Page_BugsUI New Bug/span_Raise New Bug' is present

2019-04-22 11:56:19 - [MESSAGE][WARNING] - Timeout '0' is invalid. Using default page load timeout: '30'

2019-04-22 11:56:23 - [MESSAGE][PASSED] - Object 'Object Repository/Page_BugsUI New Bug/span_Raise New Bug' is present

2019-04-22 11:56:23 - [TEST_STEP][FAILED] - click: Unable to click on object 'Object Repository/Page_BugsUI New Bug/div_Choose Classification' (Root cause: org.openqa.selenium.WebDriverException: unknown error: Element <ng-select _ngcontent-c12="" bindlabel="name" bindvalue="id" class="classification-dropdown ng-select ng-select-single ng-select-searchable ng-untouched ng-pristine ng-invalid" id="classification" name="classification" placeholder="Choose Classification" required="" role="listbox">...</ng-select> is not clickable at point (209, 198). Other element would receive the click: <div _ngcontent-c0="" class="overlay" style="display: block;">...</div>
  (Session info: chrome=73.0.3683.103)
  (Driver info: chromedriver=2.35.528161 (5b82f2d2aae0ca24b877009200ced9065a772e73),platform=Windows NT 10.0.14393 x86_64) (WARNING: The server did not provide any stacktrace information)
Command duration or timeout: 0 milliseconds
Build info: version: '3.7.1', revision: '8a0099a', time: '2017-11-06T21:07:36.161Z'
System info: host: 'HMECL001948', ip: '10.95.75.221', os.name: 'Windows 10', os.arch: 'amd64', os.version: '10.0', java.version: '1.8.0_102'
Driver info: com.kms.katalon.selenium.driver.CChromeDriver
Capabilities {acceptInsecureCerts: false, acceptSslCerts: false, applicationCacheEnabled: false, browserConnectionEnabled: false, browserName: chrome, chrome: {chromedriverVersion: 2.35.528161 (5b82f2d2aae0ca..., userDataDir: C:\Users\KUMAR~1.NAG\AppDat...}, cssSelectorsEnabled: true, databaseEnabled: false, handlesAlerts: true, hasTouchScreen: false, javascriptEnabled: true, locationContextEnabled: true, mobileEmulationEnabled: false, nativeEvents: true, networkConnectionEnabled: false, pageLoadStrategy: normal, platform: XP, platformName: XP, rotatable: false, setWindowRect: true, takesHeapSnapshot: true, takesScreenshot: true, unexpectedAlertBehaviour: , unhandledPromptBehavior: , version: 73.0.3683.103, webStorageEnabled: true}
Session ID: 3c2a7f4d306345a4654e9c66bc8c545d)

2019-04-22 11:56:23 - [MESSAGE][FAILED] - Unable to click on object 'Object Repository/Page_BugsUI New Bug/div_Choose Classification' (Root cause: org.openqa.selenium.WebDriverException: unknown error: Element <ng-select _ngcontent-c12="" bindlabel="name" bindvalue="id" class="classification-dropdown ng-select ng-select-single ng-select-searchable ng-untouched ng-pristine ng-invalid" id="classification" name="classification" placeholder="Choose Classification" required="" role="listbox">...</ng-select> is not clickable at point (209, 198). Other element would receive the click: <div _ngcontent-c0="" class="overlay" style="display: block;">...</div>
  (Session info: chrome=73.0.3683.103)
  (Driver info: chromedriver=2.35.528161 (5b82f2d2aae0ca24b877009200ced9065a772e73),platform=Windows NT 10.0.14393 x86_64) (WARNING: The server did not provide any stacktrace information)
Command duration or timeout: 0 milliseconds
Build info: version: '3.7.1', revision: '8a0099a', time: '2017-11-06T21:07:36.161Z'
System info: host: 'HMECL001948', ip: '10.95.75.221', os.name: 'Windows 10', os.arch: 'amd64', os.version: '10.0', java.version: '1.8.0_102'
Driver info: com.kms.katalon.selenium.driver.CChromeDriver
Capabilities {acceptInsecureCerts: false, acceptSslCerts: false, applicationCacheEnabled: false, browserConnectionEnabled: false, browserName: chrome, chrome: {chromedriverVersion: 2.35.528161 (5b82f2d2aae0ca..., userDataDir: C:\Users\KUMAR~1.NAG\AppDat...}, cssSelectorsEnabled: true, databaseEnabled: false, handlesAlerts: true, hasTouchScreen: false, javascriptEnabled: true, locationContextEnabled: true, mobileEmulationEnabled: false, nativeEvents: true, networkConnectionEnabled: false, pageLoadStrategy: normal, platform: XP, platformName: XP, rotatable: false, setWindowRect: true, takesHeapSnapshot: true, takesScreenshot: true, unexpectedAlertBehaviour: , unhandledPromptBehavior: , version: 73.0.3683.103, webStorageEnabled: true}
Session ID: 3c2a7f4d306345a4654e9c66bc8c545d)
[[ATTACHMENT|C:\\New-Bugzilla-Application\\New_Bugzilla-UI-V2\\Reports\\Product_Add_Suite\\20190422_115526\\1555914383365.png]]]]></system-out>
         <system-err><![CDATA[2019-04-22 11:56:12 - [TEST_CASE][FAILED] - Test Cases/Add_Product/AddedProductAvailability: Test Cases/Add_Product/AddedProductAvailability FAILED because (of) Unable to click on object 'Object Repository/Page_BugsUI New Bug/div_Choose Classification' (Root cause: org.openqa.selenium.WebDriverException: unknown error: Element <ng-select _ngcontent-c12="" bindlabel="name" bindvalue="id" class="classification-dropdown ng-select ng-select-single ng-select-searchable ng-untouched ng-pristine ng-invalid" id="classification" name="classification" placeholder="Choose Classification" required="" role="listbox">...</ng-select> is not clickable at point (209, 198). Other element would receive the click: <div _ngcontent-c0="" class="overlay" style="display: block;">...</div>
  (Session info: chrome=73.0.3683.103)
  (Driver info: chromedriver=2.35.528161 (5b82f2d2aae0ca24b877009200ced9065a772e73),platform=Windows NT 10.0.14393 x86_64) (WARNING: The server did not provide any stacktrace information)
Command duration or timeout: 0 milliseconds
Build info: version: '3.7.1', revision: '8a0099a', time: '2017-11-06T21:07:36.161Z'
System info: host: 'HMECL001948', ip: '10.95.75.221', os.name: 'Windows 10', os.arch: 'amd64', os.version: '10.0', java.version: '1.8.0_102'
Driver info: com.kms.katalon.selenium.driver.CChromeDriver
Capabilities {acceptInsecureCerts: false, acceptSslCerts: false, applicationCacheEnabled: false, browserConnectionEnabled: false, browserName: chrome, chrome: {chromedriverVersion: 2.35.528161 (5b82f2d2aae0ca..., userDataDir: C:\Users\KUMAR~1.NAG\AppDat...}, cssSelectorsEnabled: true, databaseEnabled: false, handlesAlerts: true, hasTouchScreen: false, javascriptEnabled: true, locationContextEnabled: true, mobileEmulationEnabled: false, nativeEvents: true, networkConnectionEnabled: false, pageLoadStrategy: normal, platform: XP, platformName: XP, rotatable: false, setWindowRect: true, takesHeapSnapshot: true, takesScreenshot: true, unexpectedAlertBehaviour: , unhandledPromptBehavior: , version: 73.0.3683.103, webStorageEnabled: true}
Session ID: 3c2a7f4d306345a4654e9c66bc8c545d)]]></system-err>
      </testcase>
      <system-out><![CDATA[2019-04-22 11:55:28 - [TEST_SUITE][FAILED] - Product_Add_Suite: Test Cases/Add_Product/AddedProductAvailability FAILED because (of) Unable to click on object 'Object Repository/Page_BugsUI New Bug/div_Choose Classification' (Root cause: org.openqa.selenium.WebDriverException: unknown error: Element <ng-select _ngcontent-c12="" bindlabel="name" bindvalue="id" class="classification-dropdown ng-select ng-select-single ng-select-searchable ng-untouched ng-pristine ng-invalid" id="classification" name="classification" placeholder="Choose Classification" required="" role="listbox">...</ng-select> is not clickable at point (209, 198). Other element would receive the click: <div _ngcontent-c0="" class="overlay" style="display: block;">...</div>
  (Session info: chrome=73.0.3683.103)
  (Driver info: chromedriver=2.35.528161 (5b82f2d2aae0ca24b877009200ced9065a772e73),platform=Windows NT 10.0.14393 x86_64) (WARNING: The server did not provide any stacktrace information)
Command duration or timeout: 0 milliseconds
Build info: version: '3.7.1', revision: '8a0099a', time: '2017-11-06T21:07:36.161Z'
System info: host: 'HMECL001948', ip: '10.95.75.221', os.name: 'Windows 10', os.arch: 'amd64', os.version: '10.0', java.version: '1.8.0_102'
Driver info: com.kms.katalon.selenium.driver.CChromeDriver
Capabilities {acceptInsecureCerts: false, acceptSslCerts: false, applicationCacheEnabled: false, browserConnectionEnabled: false, browserName: chrome, chrome: {chromedriverVersion: 2.35.528161 (5b82f2d2aae0ca..., userDataDir: C:\Users\KUMAR~1.NAG\AppDat...}, cssSelectorsEnabled: true, databaseEnabled: false, handlesAlerts: true, hasTouchScreen: false, javascriptEnabled: true, locationContextEnabled: true, mobileEmulationEnabled: false, nativeEvents: true, networkConnectionEnabled: false, pageLoadStrategy: normal, platform: XP, platformName: XP, rotatable: false, setWindowRect: true, takesHeapSnapshot: true, takesScreenshot: true, unexpectedAlertBehaviour: , unhandledPromptBehavior: , version: 73.0.3683.103, webStorageEnabled: true}
Session ID: 3c2a7f4d306345a4654e9c66bc8c545d)]]></system-out>
      <system-err><![CDATA[2019-04-22 11:55:28 - [TEST_SUITE][FAILED] - Product_Add_Suite: Test Cases/Add_Product/AddedProductAvailability FAILED because (of) Unable to click on object 'Object Repository/Page_BugsUI New Bug/div_Choose Classification' (Root cause: org.openqa.selenium.WebDriverException: unknown error: Element <ng-select _ngcontent-c12="" bindlabel="name" bindvalue="id" class="classification-dropdown ng-select ng-select-single ng-select-searchable ng-untouched ng-pristine ng-invalid" id="classification" name="classification" placeholder="Choose Classification" required="" role="listbox">...</ng-select> is not clickable at point (209, 198). Other element would receive the click: <div _ngcontent-c0="" class="overlay" style="display: block;">...</div>
  (Session info: chrome=73.0.3683.103)
  (Driver info: chromedriver=2.35.528161 (5b82f2d2aae0ca24b877009200ced9065a772e73),platform=Windows NT 10.0.14393 x86_64) (WARNING: The server did not provide any stacktrace information)
Command duration or timeout: 0 milliseconds
Build info: version: '3.7.1', revision: '8a0099a', time: '2017-11-06T21:07:36.161Z'
System info: host: 'HMECL001948', ip: '10.95.75.221', os.name: 'Windows 10', os.arch: 'amd64', os.version: '10.0', java.version: '1.8.0_102'
Driver info: com.kms.katalon.selenium.driver.CChromeDriver
Capabilities {acceptInsecureCerts: false, acceptSslCerts: false, applicationCacheEnabled: false, browserConnectionEnabled: false, browserName: chrome, chrome: {chromedriverVersion: 2.35.528161 (5b82f2d2aae0ca..., userDataDir: C:\Users\KUMAR~1.NAG\AppDat...}, cssSelectorsEnabled: true, databaseEnabled: false, handlesAlerts: true, hasTouchScreen: false, javascriptEnabled: true, locationContextEnabled: true, mobileEmulationEnabled: false, nativeEvents: true, networkConnectionEnabled: false, pageLoadStrategy: normal, platform: XP, platformName: XP, rotatable: false, setWindowRect: true, takesHeapSnapshot: true, takesScreenshot: true, unexpectedAlertBehaviour: , unhandledPromptBehavior: , version: 73.0.3683.103, webStorageEnabled: true}
Session ID: 3c2a7f4d306345a4654e9c66bc8c545d)]]></system-err>
   </testsuite>
</testsuites>
